INFO-New Info Session
INFO-[-75.6088888888908, -50.02666666666663]
INFO-[-75.04000000000191, -50.02666666666663]
INFO-[-74.47111111111302, -50.02666666666663]
INFO-[-73.90222222222413, -50.02666666666663]
INFO-[-73.61777777777968, -50.02666666666663]
INFO-[-73.33333333333523, -50.02666666666663]
INFO-[-73.04888888889079, -50.02666666666663]
INFO-[-72.76444444444634, -50.02666666666663]
INFO-[-72.4800000000019, -50.02666666666663]
INFO-[-72.19555555555745, -50.02666666666663]
INFO-[-71.911111111113, -50.02666666666663]
INFO-New Info Session
INFO-[-71.911111111113, -50.02666666666663]
INFO-[-71.34222222222411, -50.02666666666663]
INFO-[-70.77333333333522, -50.02666666666663]
INFO-[-70.20444444444632, -50.02666666666663]
INFO-[-69.63555555555743, -50.02666666666663]
INFO-[-69.35111111111298, -50.02666666666663]
INFO-[-69.06666666666854, -50.02666666666663]
INFO-[-68.78222222222409, -50.02666666666663]
INFO-[-68.49777777777965, -50.02666666666663]
INFO-[-68.2133333333352, -50.02666666666663]
INFO-[-67.92888888889075, -50.02666666666663]
INFO-[-67.64444444444631, -50.02666666666663]
INFO-[68.03555555555396, -50.02666666666663]
INFO-[68.3199999999984, -50.02666666666663]
INFO-[68.60444444444285, -50.02666666666663]
INFO-[-75.6088888888908, -49.457777777777736]
INFO-[-75.04000000000191, -49.457777777777736]
INFO-[-74.47111111111302, -49.457777777777736]
INFO-[-73.90222222222413, -49.457777777777736]
INFO-[-73.61777777777968, -49.457777777777736]
INFO-[-73.33333333333523, -49.457777777777736]
INFO-[-73.04888888889079, -49.457777777777736]
INFO-[-72.76444444444634, -49.457777777777736]
INFO-[-72.4800000000019, -49.457777777777736]
INFO-[-72.19555555555745, -49.457777777777736]
INFO-New Info Session
INFO-[-72.19555555555745, -49.457777777777736]
INFO-New Info Session
INFO-[-72.19555555555745, -49.457777777777736]
INFO-[-71.911111111113, -49.457777777777736]
INFO-[-71.34222222222411, -49.457777777777736]
INFO-[-70.77333333333522, -49.457777777777736]
INFO-[-70.20444444444632, -49.457777777777736]
INFO-[-69.63555555555743, -49.457777777777736]
INFO-[-69.35111111111298, -49.457777777777736]
INFO-[-69.06666666666854, -49.457777777777736]
INFO-[-68.78222222222409, -49.457777777777736]
INFO-[-68.49777777777965, -49.457777777777736]
INFO-[-68.2133333333352, -49.457777777777736]
INFO-[-67.92888888889075, -49.457777777777736]
INFO-[-67.64444444444631, -49.457777777777736]
INFO-[68.03555555555396, -49.457777777777736]
INFO-[68.3199999999984, -49.457777777777736]
INFO-[68.60444444444285, -49.457777777777736]
INFO-[68.8888888888873, -49.457777777777736]
INFO-[69.45777777777619, -49.457777777777736]
INFO-[70.02666666666508, -49.457777777777736]
INFO-[70.59555555555397, -49.457777777777736]
INFO-[178.11555555555216, -49.457777777777736]
INFO-[178.3999999999966, -49.457777777777736]
INFO-[178.68444444444103, -49.457777777777736]
INFO-New Info Session
INFO-New Info Session
INFO-[-75.6088888888908, -48.88888888888884]
INFO-[-75.04000000000191, -48.88888888888884]
INFO-[-74.47111111111302, -48.88888888888884]
INFO-[-73.90222222222413, -48.88888888888884]
INFO-[-73.61777777777968, -48.88888888888884]
INFO-[-73.33333333333523, -48.88888888888884]
INFO-[-73.04888888889079, -48.88888888888884]
INFO-[-72.76444444444634, -48.88888888888884]
INFO-[-72.4800000000019, -48.88888888888884]
INFO-[-72.19555555555745, -48.88888888888884]
INFO-[-71.911111111113, -48.88888888888884]
INFO-[-71.34222222222411, -48.88888888888884]
INFO-[-70.77333333333522, -48.88888888888884]
INFO-[-70.20444444444632, -48.88888888888884]
INFO-[-69.63555555555743, -48.88888888888884]
INFO-[-69.35111111111298, -48.88888888888884]
INFO-[-69.06666666666854, -48.88888888888884]
INFO-[-68.78222222222409, -48.88888888888884]
INFO-[-68.49777777777965, -48.88888888888884]
INFO-[-68.2133333333352, -48.88888888888884]
INFO-[-67.92888888889075, -48.88888888888884]
INFO-[-67.64444444444631, -48.88888888888884]
INFO-[-67.07555555555741, -48.88888888888884]
INFO-[-66.50666666666852, -48.88888888888884]
INFO-[-65.93777777777963, -48.88888888888884]
INFO-New Info Session
INFO-[-65.93777777777963, -48.88888888888884]
INFO-[-65.36888888889074, -48.88888888888884]
INFO-[68.03555555555396, -48.88888888888884]
INFO-[68.3199999999984, -48.88888888888884]
INFO-[68.60444444444285, -48.88888888888884]
INFO-[68.8888888888873, -48.88888888888884]
INFO-[69.45777777777619, -48.88888888888884]
INFO-[166.16888888888602, -48.88888888888884]
INFO-[166.45333333333045, -48.88888888888884]
INFO-[-75.6088888888908, -48.31999999999995]
INFO-[-75.04000000000191, -48.31999999999995]
INFO-[-74.47111111111302, -48.31999999999995]
INFO-[-73.90222222222413, -48.31999999999995]
INFO-[-73.61777777777968, -48.31999999999995]
INFO-[-73.33333333333523, -48.31999999999995]
INFO-[-73.04888888889079, -48.31999999999995]
INFO-[-72.76444444444634, -48.31999999999995]
INFO-[-72.4800000000019, -48.31999999999995]
INFO-[-72.19555555555745, -48.31999999999995]
INFO-[-71.911111111113, -48.31999999999995]
INFO-[-71.34222222222411, -48.31999999999995]
INFO-[-70.77333333333522, -48.31999999999995]
INFO-[-70.20444444444632, -48.31999999999995]
INFO-[-69.63555555555743, -48.31999999999995]
INFO-[-69.35111111111298, -48.31999999999995]
INFO-[-69.06666666666854, -48.31999999999995]
INFO-[-68.78222222222409, -48.31999999999995]
INFO-[-68.49777777777965, -48.31999999999995]
INFO-[-68.2133333333352, -48.31999999999995]
INFO-[-67.92888888889075, -48.31999999999995]
INFO-[-67.64444444444631, -48.31999999999995]
INFO-[-67.07555555555741, -48.31999999999995]
INFO-[-66.50666666666852, -48.31999999999995]
INFO-[-65.93777777777963, -48.31999999999995]
INFO-[-65.36888888889074, -48.31999999999995]
INFO-[68.03555555555396, -48.31999999999995]
INFO-[68.3199999999984, -48.31999999999995]
INFO-[68.60444444444285, -48.31999999999995]
INFO-[68.8888888888873, -48.31999999999995]
INFO-[69.45777777777619, -48.31999999999995]
INFO-[166.16888888888602, -48.31999999999995]
INFO-[166.45333333333045, -48.31999999999995]
INFO-[-75.6088888888908, -47.75111111111106]
INFO-[-75.04000000000191, -47.75111111111106]
INFO-[-74.47111111111302, -47.75111111111106]
INFO-[-73.90222222222413, -47.75111111111106]
INFO-[-73.61777777777968, -47.75111111111106]
INFO-[-73.33333333333523, -47.75111111111106]
INFO-[-73.04888888889079, -47.75111111111106]
INFO-[-72.76444444444634, -47.75111111111106]
INFO-[-72.4800000000019, -47.75111111111106]
INFO-[-72.19555555555745, -47.75111111111106]
INFO-[-71.911111111113, -47.75111111111106]
INFO-[-71.34222222222411, -47.75111111111106]
INFO-[-70.77333333333522, -47.75111111111106]
INFO-[-70.20444444444632, -47.75111111111106]
INFO-[-69.63555555555743, -47.75111111111106]
INFO-[-69.35111111111298, -47.75111111111106]
INFO-[-69.06666666666854, -47.75111111111106]
INFO-[-68.78222222222409, -47.75111111111106]
INFO-[-68.49777777777965, -47.75111111111106]
INFO-[-68.2133333333352, -47.75111111111106]
INFO-[-67.92888888889075, -47.75111111111106]
INFO-[-67.64444444444631, -47.75111111111106]
INFO-[-67.07555555555741, -47.75111111111106]
INFO-[-66.50666666666852, -47.75111111111106]
INFO-[-65.93777777777963, -47.75111111111106]
INFO-[-65.36888888889074, -47.75111111111106]
INFO-New Info Session
INFO-[167.0222222222193, -47.75111111111106]
INFO-[167.59111111110818, -47.75111111111106]
INFO-[168.15999999999704, -47.75111111111106]
INFO-[168.44444444444147, -47.75111111111106]
INFO-[179.2533333333299, -47.75111111111106]
INFO-[179.53777777777432, -47.75111111111106]
INFO-New Info Session
INFO-New Info Session
INFO-[-75.6088888888908, -47.182222222222165]
INFO-[-75.04000000000191, -47.182222222222165]
INFO-[-74.47111111111302, -47.182222222222165]
INFO-[-73.90222222222413, -47.182222222222165]
INFO-[-73.61777777777968, -47.182222222222165]
INFO-[-73.33333333333523, -47.182222222222165]
INFO-[-73.04888888889079, -47.182222222222165]
INFO-[-72.76444444444634, -47.182222222222165]
INFO-[-72.4800000000019, -47.182222222222165]
INFO-[-72.19555555555745, -47.182222222222165]
INFO-[-71.911111111113, -47.182222222222165]
INFO-[-71.34222222222411, -47.182222222222165]
INFO-[-70.77333333333522, -47.182222222222165]
INFO-[-70.20444444444632, -47.182222222222165]
INFO-[-69.63555555555743, -47.182222222222165]
INFO-[-69.35111111111298, -47.182222222222165]
INFO-[-69.06666666666854, -47.182222222222165]
INFO-[-68.78222222222409, -47.182222222222165]
INFO-[-68.49777777777965, -47.182222222222165]
INFO-[-68.2133333333352, -47.182222222222165]
INFO-[-67.92888888889075, -47.182222222222165]
INFO-[-67.64444444444631, -47.182222222222165]
INFO-[-67.07555555555741, -47.182222222222165]
INFO-[-66.50666666666852, -47.182222222222165]
INFO-[167.0222222222193, -47.182222222222165]
INFO-[167.59111111110818, -47.182222222222165]
INFO-[168.15999999999704, -47.182222222222165]
INFO-[168.44444444444147, -47.182222222222165]
INFO-New Info Session
INFO-[-75.6088888888908, -46.61333333333327]
INFO-[-75.04000000000191, -46.61333333333327]
INFO-[-74.47111111111302, -46.61333333333327]
INFO-[-73.90222222222413, -46.61333333333327]
INFO-[-73.61777777777968, -46.61333333333327]
INFO-[-73.33333333333523, -46.61333333333327]
INFO-[-73.04888888889079, -46.61333333333327]
INFO-[-72.76444444444634, -46.61333333333327]
INFO-[-72.4800000000019, -46.61333333333327]
INFO-[-72.19555555555745, -46.61333333333327]
INFO-[-71.911111111113, -46.61333333333327]
INFO-[-71.34222222222411, -46.61333333333327]
INFO-[-70.77333333333522, -46.61333333333327]
INFO-[-70.20444444444632, -46.61333333333327]
INFO-[-69.63555555555743, -46.61333333333327]
INFO-[-69.35111111111298, -46.61333333333327]
INFO-[-69.06666666666854, -46.61333333333327]
INFO-[-68.78222222222409, -46.61333333333327]
INFO-[-68.49777777777965, -46.61333333333327]
INFO-[-68.2133333333352, -46.61333333333327]
INFO-[-67.92888888889075, -46.61333333333327]
INFO-[-67.64444444444631, -46.61333333333327]
INFO-[-67.07555555555741, -46.61333333333327]
INFO-[-66.50666666666852, -46.61333333333327]
INFO-[37.03111111110932, -46.61333333333327]
INFO-[37.315555555553765, -46.61333333333327]
INFO-[37.88444444444266, -46.61333333333327]
INFO-[38.45333333333155, -46.61333333333327]
INFO-[50.11555555555385, -46.61333333333327]
INFO-[50.39999999999829, -46.61333333333327]
INFO-[50.68444444444274, -46.61333333333327]
INFO-[50.968888888887186, -46.61333333333327]
INFO-[51.25333333333163, -46.61333333333327]
INFO-[51.822222222220525, -46.61333333333327]
INFO-[52.39111111110942, -46.61333333333327]
INFO-[166.16888888888602, -46.61333333333327]
INFO-[166.45333333333045, -46.61333333333327]
INFO-[167.0222222222193, -46.61333333333327]
INFO-[167.59111111110818, -46.61333333333327]
INFO-[168.15999999999704, -46.61333333333327]
INFO-[168.44444444444147, -46.61333333333327]
INFO-[168.7288888888859, -46.61333333333327]
INFO-[169.01333333333034, -46.61333333333327]
INFO-[169.29777777777477, -46.61333333333327]
INFO-[169.5822222222192, -46.61333333333327]
INFO-[169.86666666666363, -46.61333333333327]
INFO-[170.15111111110807, -46.61333333333327]
INFO-[170.4355555555525, -46.61333333333327]
INFO-[-75.6088888888908, -46.04444444444438]
INFO-[-75.04000000000191, -46.04444444444438]
INFO-[-74.47111111111302, -46.04444444444438]
INFO-[-73.90222222222413, -46.04444444444438]
INFO-[-73.61777777777968, -46.04444444444438]
INFO-[-73.33333333333523, -46.04444444444438]
INFO-[-73.04888888889079, -46.04444444444438]
INFO-[-72.76444444444634, -46.04444444444438]
INFO-[-72.4800000000019, -46.04444444444438]
INFO-[-72.19555555555745, -46.04444444444438]
INFO-[-71.911111111113, -46.04444444444438]
INFO-[-71.34222222222411, -46.04444444444438]
INFO-[-70.77333333333522, -46.04444444444438]
INFO-[-70.20444444444632, -46.04444444444438]
INFO-[-69.63555555555743, -46.04444444444438]
INFO-[-69.35111111111298, -46.04444444444438]
INFO-[-69.06666666666854, -46.04444444444438]
INFO-[-68.78222222222409, -46.04444444444438]
INFO-[-68.49777777777965, -46.04444444444438]
INFO-[-68.2133333333352, -46.04444444444438]
INFO-[-67.92888888889075, -46.04444444444438]
INFO-[-67.64444444444631, -46.04444444444438]
INFO-[-67.07555555555741, -46.04444444444438]
INFO-[-66.50666666666852, -46.04444444444438]
INFO-[50.11555555555385, -46.04444444444438]
INFO-[50.39999999999829, -46.04444444444438]
INFO-[50.68444444444274, -46.04444444444438]
INFO-New Info Session
INFO-[166.16888888888602, -46.04444444444438]
INFO-[166.45333333333045, -46.04444444444438]
INFO-[167.0222222222193, -46.04444444444438]
INFO-[167.59111111110818, -46.04444444444438]
INFO-[168.15999999999704, -46.04444444444438]
INFO-[168.44444444444147, -46.04444444444438]
INFO-[168.7288888888859, -46.04444444444438]
INFO-[169.01333333333034, -46.04444444444438]
INFO-[169.29777777777477, -46.04444444444438]
INFO-[169.5822222222192, -46.04444444444438]
INFO-[169.86666666666363, -46.04444444444438]
INFO-[170.15111111110807, -46.04444444444438]
INFO-[170.4355555555525, -46.04444444444438]
INFO-[-75.6088888888908, -45.759999999999934]
INFO-[-75.04000000000191, -45.759999999999934]
INFO-[-74.47111111111302, -45.759999999999934]
INFO-[-73.90222222222413, -45.759999999999934]
INFO-[-73.61777777777968, -45.759999999999934]
INFO-[-73.33333333333523, -45.759999999999934]
INFO-[-73.04888888889079, -45.759999999999934]
INFO-[-72.76444444444634, -45.759999999999934]
INFO-[-72.4800000000019, -45.759999999999934]
INFO-[-72.19555555555745, -45.759999999999934]
INFO-[-71.911111111113, -45.759999999999934]
INFO-[-71.34222222222411, -45.759999999999934]
INFO-[-70.77333333333522, -45.759999999999934]
INFO-[-70.20444444444632, -45.759999999999934]
INFO-[-69.63555555555743, -45.759999999999934]
INFO-[-69.35111111111298, -45.759999999999934]
INFO-[-69.06666666666854, -45.759999999999934]
INFO-[-68.78222222222409, -45.759999999999934]
INFO-New Info Session
INFO-[-68.78222222222409, -45.759999999999934]
INFO-[-68.49777777777965, -45.759999999999934]
INFO-[-68.2133333333352, -45.759999999999934]
INFO-[-67.92888888889075, -45.759999999999934]
INFO-[-67.64444444444631, -45.759999999999934]
INFO-[-67.07555555555741, -45.759999999999934]
INFO-[-66.50666666666852, -45.759999999999934]
INFO-[-65.93777777777963, -45.759999999999934]
INFO-[-65.36888888889074, -45.759999999999934]
INFO-[50.11555555555385, -45.759999999999934]
INFO-[50.39999999999829, -45.759999999999934]
INFO-[50.68444444444274, -45.759999999999934]
INFO-[166.16888888888602, -45.759999999999934]
INFO-[166.45333333333045, -45.759999999999934]
INFO-[167.0222222222193, -45.759999999999934]
INFO-[167.59111111110818, -45.759999999999934]
INFO-[168.15999999999704, -45.759999999999934]
INFO-[168.44444444444147, -45.759999999999934]
INFO-[168.7288888888859, -45.759999999999934]
INFO-[169.01333333333034, -45.759999999999934]
INFO-[169.29777777777477, -45.759999999999934]
INFO-[169.5822222222192, -45.759999999999934]
INFO-[169.86666666666363, -45.759999999999934]
INFO-[170.15111111110807, -45.759999999999934]
INFO-[170.4355555555525, -45.759999999999934]
INFO-[170.71999999999693, -45.759999999999934]
INFO-[171.00444444444136, -45.759999999999934]
INFO-[171.2888888888858, -45.759999999999934]
INFO-[-75.6088888888908, -45.19111111111104]
INFO-[-75.04000000000191, -45.19111111111104]
INFO-[-74.47111111111302, -45.19111111111104]
INFO-[-73.90222222222413, -45.19111111111104]
INFO-[-73.61777777777968, -45.19111111111104]
INFO-[-73.33333333333523, -45.19111111111104]
INFO-[-73.04888888889079, -45.19111111111104]
INFO-[-72.76444444444634, -45.19111111111104]
INFO-[-72.4800000000019, -45.19111111111104]
INFO-[-72.19555555555745, -45.19111111111104]
INFO-[-71.911111111113, -45.19111111111104]
INFO-[-71.34222222222411, -45.19111111111104]
INFO-[-70.77333333333522, -45.19111111111104]
INFO-[-70.20444444444632, -45.19111111111104]
INFO-[-69.63555555555743, -45.19111111111104]
INFO-[-69.35111111111298, -45.19111111111104]
INFO-[-69.06666666666854, -45.19111111111104]
INFO-[-68.78222222222409, -45.19111111111104]
INFO-[-68.49777777777965, -45.19111111111104]
INFO-[-68.2133333333352, -45.19111111111104]
INFO-[-67.92888888889075, -45.19111111111104]
INFO-[-67.64444444444631, -45.19111111111104]
INFO-[-67.07555555555741, -45.19111111111104]
INFO-[-66.50666666666852, -45.19111111111104]
INFO-[-65.93777777777963, -45.19111111111104]
INFO-[-65.36888888889074, -45.19111111111104]
INFO-New Info Session
INFO-[167.0222222222193, -45.19111111111104]
INFO-[167.59111111110818, -45.19111111111104]
INFO-[168.15999999999704, -45.19111111111104]
INFO-[168.44444444444147, -45.19111111111104]
INFO-[168.7288888888859, -45.19111111111104]
INFO-[169.01333333333034, -45.19111111111104]
INFO-[169.29777777777477, -45.19111111111104]
INFO-[169.5822222222192, -45.19111111111104]
INFO-[169.86666666666363, -45.19111111111104]
INFO-[170.15111111110807, -45.19111111111104]
INFO-[170.4355555555525, -45.19111111111104]
INFO-[170.71999999999693, -45.19111111111104]
INFO-[171.00444444444136, -45.19111111111104]
INFO-[171.2888888888858, -45.19111111111104]
INFO-[-176.87111111111125, -44.62222222222215]
INFO-[-176.30222222222238, -44.62222222222215]
INFO-[-175.73333333333352, -44.62222222222215]
INFO-[-75.6088888888908, -44.62222222222215]
INFO-[-75.04000000000191, -44.62222222222215]
INFO-[-74.47111111111302, -44.62222222222215]
INFO-[-73.90222222222413, -44.62222222222215]
INFO-New Info Session
INFO-[-73.90222222222413, -44.62222222222215]
INFO-[-73.61777777777968, -44.62222222222215]
INFO-[-73.33333333333523, -44.62222222222215]
INFO-[-73.04888888889079, -44.62222222222215]
INFO-[-72.76444444444634, -44.62222222222215]
INFO-[-72.4800000000019, -44.62222222222215]
INFO-[-72.19555555555745, -44.62222222222215]
INFO-[-71.911111111113, -44.62222222222215]
INFO-[-71.34222222222411, -44.62222222222215]
INFO-[-70.77333333333522, -44.62222222222215]
INFO-[-70.20444444444632, -44.62222222222215]
INFO-[-69.63555555555743, -44.62222222222215]
INFO-[-69.35111111111298, -44.62222222222215]
INFO-[-69.06666666666854, -44.62222222222215]
INFO-[-68.78222222222409, -44.62222222222215]
INFO-[-68.49777777777965, -44.62222222222215]
INFO-[-68.2133333333352, -44.62222222222215]
INFO-[-67.92888888889075, -44.62222222222215]
INFO-[-67.64444444444631, -44.62222222222215]
INFO-[-67.07555555555741, -44.62222222222215]
INFO-[-66.50666666666852, -44.62222222222215]
INFO-[-65.93777777777963, -44.62222222222215]
INFO-[-65.36888888889074, -44.62222222222215]
INFO-New Info Session
INFO-[167.0222222222193, -44.62222222222215]
INFO-[167.59111111110818, -44.62222222222215]
INFO-[168.15999999999704, -44.62222222222215]
INFO-[168.44444444444147, -44.62222222222215]
INFO-[168.7288888888859, -44.62222222222215]
INFO-[169.01333333333034, -44.62222222222215]
INFO-[169.29777777777477, -44.62222222222215]
INFO-[169.5822222222192, -44.62222222222215]
INFO-[169.86666666666363, -44.62222222222215]
INFO-[170.15111111110807, -44.62222222222215]
INFO-[170.4355555555525, -44.62222222222215]
INFO-[170.71999999999693, -44.62222222222215]
INFO-[171.00444444444136, -44.62222222222215]
INFO-[171.2888888888858, -44.62222222222215]
INFO-[-176.87111111111125, -44.053333333333256]
INFO-[-176.30222222222238, -44.053333333333256]
INFO-[-175.73333333333352, -44.053333333333256]
INFO-[-74.47111111111302, -44.053333333333256]
INFO-[-73.90222222222413, -44.053333333333256]
INFO-[-73.61777777777968, -44.053333333333256]
INFO-[-73.33333333333523, -44.053333333333256]
INFO-[-73.04888888889079, -44.053333333333256]
INFO-[-72.76444444444634, -44.053333333333256]
INFO-[-72.4800000000019, -44.053333333333256]
INFO-[-72.19555555555745, -44.053333333333256]
INFO-[-71.911111111113, -44.053333333333256]
INFO-[-71.34222222222411, -44.053333333333256]
INFO-[-70.77333333333522, -44.053333333333256]
INFO-[-70.20444444444632, -44.053333333333256]
INFO-[-69.63555555555743, -44.053333333333256]
INFO-[-69.35111111111298, -44.053333333333256]
INFO-[-69.06666666666854, -44.053333333333256]
INFO-[-68.78222222222409, -44.053333333333256]
INFO-[-68.49777777777965, -44.053333333333256]
INFO-[-68.2133333333352, -44.053333333333256]
INFO-[-67.92888888889075, -44.053333333333256]
INFO-[-67.64444444444631, -44.053333333333256]
INFO-[-67.07555555555741, -44.053333333333256]
INFO-[-66.50666666666852, -44.053333333333256]
INFO-[-65.93777777777963, -44.053333333333256]
INFO-[-65.36888888889074, -44.053333333333256]
INFO-New Info Session
INFO-[168.15999999999704, -44.053333333333256]
INFO-[168.44444444444147, -44.053333333333256]
INFO-[168.7288888888859, -44.053333333333256]
INFO-[169.01333333333034, -44.053333333333256]
INFO-[169.29777777777477, -44.053333333333256]
INFO-[169.5822222222192, -44.053333333333256]
INFO-[169.86666666666363, -44.053333333333256]
INFO-[170.15111111110807, -44.053333333333256]
INFO-[170.4355555555525, -44.053333333333256]
INFO-[170.71999999999693, -44.053333333333256]
INFO-[171.00444444444136, -44.053333333333256]
INFO-[171.2888888888858, -44.053333333333256]
INFO-[-176.87111111111125, -43.484444444444364]
INFO-[-176.30222222222238, -43.484444444444364]
INFO-[-175.73333333333352, -43.484444444444364]
INFO-[-74.47111111111302, -43.484444444444364]
INFO-[-73.90222222222413, -43.484444444444364]
INFO-[-73.61777777777968, -43.484444444444364]
INFO-[-73.33333333333523, -43.484444444444364]
INFO-[-73.04888888889079, -43.484444444444364]
INFO-[-72.76444444444634, -43.484444444444364]
INFO-[-72.4800000000019, -43.484444444444364]
INFO-[-72.19555555555745, -43.484444444444364]
INFO-[-71.911111111113, -43.484444444444364]
INFO-[-71.34222222222411, -43.484444444444364]
INFO-[-70.77333333333522, -43.484444444444364]
INFO-[-70.20444444444632, -43.484444444444364]
INFO-[-69.63555555555743, -43.484444444444364]
INFO-[-69.35111111111298, -43.484444444444364]
INFO-[-69.06666666666854, -43.484444444444364]
INFO-[-68.78222222222409, -43.484444444444364]
INFO-[-68.49777777777965, -43.484444444444364]
INFO-[-68.2133333333352, -43.484444444444364]
INFO-[-67.92888888889075, -43.484444444444364]
INFO-[-67.64444444444631, -43.484444444444364]
INFO-[-67.07555555555741, -43.484444444444364]
INFO-[-66.50666666666852, -43.484444444444364]
INFO-[-65.93777777777963, -43.484444444444364]
INFO-[-65.36888888889074, -43.484444444444364]
INFO-[-64.80000000000184, -43.484444444444364]
INFO-[-64.5155555555574, -43.484444444444364]
INFO-[145.11999999999804, -43.484444444444364]
INFO-[145.40444444444248, -43.484444444444364]
INFO-[145.6888888888869, -43.484444444444364]
INFO-[145.97333333333134, -43.484444444444364]
INFO-[146.25777777777577, -43.484444444444364]
INFO-[146.5422222222202, -43.484444444444364]
INFO-[146.82666666666464, -43.484444444444364]
INFO-[147.11111111110907, -43.484444444444364]
INFO-[147.67999999999793, -43.484444444444364]
INFO-[148.2488888888868, -43.484444444444364]
INFO-[168.15999999999704, -43.484444444444364]
INFO-[168.44444444444147, -43.484444444444364]
INFO-[168.7288888888859, -43.484444444444364]
INFO-[169.01333333333034, -43.484444444444364]
INFO-[169.29777777777477, -43.484444444444364]
INFO-[169.5822222222192, -43.484444444444364]
INFO-[169.86666666666363, -43.484444444444364]
INFO-[170.15111111110807, -43.484444444444364]
INFO-[170.4355555555525, -43.484444444444364]
INFO-[170.71999999999693, -43.484444444444364]
INFO-[171.00444444444136, -43.484444444444364]
INFO-[171.2888888888858, -43.484444444444364]
INFO-[171.85777777777466, -43.484444444444364]
INFO-[172.42666666666352, -43.484444444444364]
INFO-[172.71111111110795, -43.484444444444364]
INFO-[172.9955555555524, -43.484444444444364]
INFO-[173.27999999999682, -43.484444444444364]
INFO-[173.56444444444125, -43.484444444444364]
INFO-[-74.47111111111302, -42.91555555555547]
INFO-[-73.90222222222413, -42.91555555555547]
INFO-[-73.61777777777968, -42.91555555555547]
INFO-[-73.33333333333523, -42.91555555555547]
INFO-[-73.04888888889079, -42.91555555555547]
INFO-[-72.76444444444634, -42.91555555555547]
INFO-[-72.4800000000019, -42.91555555555547]
INFO-[-72.19555555555745, -42.91555555555547]
INFO-[-71.911111111113, -42.91555555555547]
INFO-[-71.34222222222411, -42.91555555555547]
INFO-[-70.77333333333522, -42.91555555555547]
INFO-[-70.20444444444632, -42.91555555555547]
INFO-[-69.63555555555743, -42.91555555555547]
INFO-[-69.35111111111298, -42.91555555555547]
INFO-[-69.06666666666854, -42.91555555555547]
INFO-[-68.78222222222409, -42.91555555555547]
INFO-[-68.49777777777965, -42.91555555555547]
INFO-[-68.2133333333352, -42.91555555555547]
INFO-[-67.92888888889075, -42.91555555555547]
INFO-[-67.64444444444631, -42.91555555555547]
INFO-[-67.07555555555741, -42.91555555555547]
INFO-[-66.50666666666852, -42.91555555555547]
INFO-[-65.93777777777963, -42.91555555555547]
INFO-[-65.36888888889074, -42.91555555555547]
INFO-[-64.80000000000184, -42.91555555555547]
INFO-[-64.5155555555574, -42.91555555555547]
INFO-[-64.23111111111295, -42.91555555555547]
INFO-[-63.946666666668506, -42.91555555555547]
INFO-[-63.66222222222406, -42.91555555555547]
INFO-[-63.37777777777961, -42.91555555555547]
INFO-[145.11999999999804, -42.91555555555547]
INFO-[145.40444444444248, -42.91555555555547]
INFO-[145.6888888888869, -42.91555555555547]
INFO-[145.97333333333134, -42.91555555555547]
INFO-[146.25777777777577, -42.91555555555547]
INFO-[146.5422222222202, -42.91555555555547]
INFO-[146.82666666666464, -42.91555555555547]
INFO-[147.11111111110907, -42.91555555555547]
INFO-[147.67999999999793, -42.91555555555547]
INFO-[148.2488888888868, -42.91555555555547]
INFO-[170.15111111110807, -42.91555555555547]
INFO-[170.4355555555525, -42.91555555555547]
INFO-[170.71999999999693, -42.91555555555547]
INFO-[171.00444444444136, -42.91555555555547]
INFO-[171.2888888888858, -42.91555555555547]
INFO-[171.85777777777466, -42.91555555555547]
INFO-[172.42666666666352, -42.91555555555547]
INFO-[172.71111111110795, -42.91555555555547]
INFO-[172.9955555555524, -42.91555555555547]
INFO-[173.27999999999682, -42.91555555555547]
INFO-[173.56444444444125, -42.91555555555547]
INFO-[173.84888888888568, -42.91555555555547]
INFO-[174.1333333333301, -42.91555555555547]
INFO-[174.41777777777455, -42.91555555555547]
INFO-[174.70222222221898, -42.91555555555547]
INFO-[-74.47111111111302, -42.34666666666658]
INFO-[-73.90222222222413, -42.34666666666658]
INFO-[-73.61777777777968, -42.34666666666658]
INFO-[-73.33333333333523, -42.34666666666658]
INFO-[-73.04888888889079, -42.34666666666658]
INFO-[-72.76444444444634, -42.34666666666658]
INFO-[-72.4800000000019, -42.34666666666658]
INFO-[-72.19555555555745, -42.34666666666658]
INFO-[-71.911111111113, -42.34666666666658]
INFO-[-71.34222222222411, -42.34666666666658]
INFO-[-70.77333333333522, -42.34666666666658]
INFO-[-70.20444444444632, -42.34666666666658]
INFO-[-69.63555555555743, -42.34666666666658]
INFO-[-69.35111111111298, -42.34666666666658]
INFO-[-69.06666666666854, -42.34666666666658]
INFO-[-68.78222222222409, -42.34666666666658]
INFO-[-68.49777777777965, -42.34666666666658]
INFO-[-68.2133333333352, -42.34666666666658]
INFO-[-67.92888888889075, -42.34666666666658]
INFO-[-67.64444444444631, -42.34666666666658]
INFO-[-67.07555555555741, -42.34666666666658]
INFO-[-66.50666666666852, -42.34666666666658]
INFO-[-65.93777777777963, -42.34666666666658]
INFO-[-65.36888888889074, -42.34666666666658]
INFO-[-64.80000000000184, -42.34666666666658]
INFO-[-64.5155555555574, -42.34666666666658]
INFO-[-64.23111111111295, -42.34666666666658]
INFO-[-63.946666666668506, -42.34666666666658]
INFO-[-63.66222222222406, -42.34666666666658]
INFO-[-63.37777777777961, -42.34666666666658]
INFO-[145.11999999999804, -42.34666666666658]
INFO-[145.40444444444248, -42.34666666666658]
INFO-[145.6888888888869, -42.34666666666658]
INFO-[145.97333333333134, -42.34666666666658]
INFO-[146.25777777777577, -42.34666666666658]
INFO-[146.5422222222202, -42.34666666666658]
INFO-[146.82666666666464, -42.34666666666658]
INFO-[147.11111111110907, -42.34666666666658]
INFO-[147.67999999999793, -42.34666666666658]
INFO-[148.2488888888868, -42.34666666666658]
INFO-[170.15111111110807, -42.34666666666658]
INFO-[170.4355555555525, -42.34666666666658]
INFO-[170.71999999999693, -42.34666666666658]
INFO-[171.00444444444136, -42.34666666666658]
INFO-[171.2888888888858, -42.34666666666658]
INFO-[171.85777777777466, -42.34666666666658]
INFO-[172.42666666666352, -42.34666666666658]
INFO-[172.71111111110795, -42.34666666666658]
INFO-[172.9955555555524, -42.34666666666658]
INFO-[173.27999999999682, -42.34666666666658]
INFO-[173.56444444444125, -42.34666666666658]
INFO-[173.84888888888568, -42.34666666666658]
INFO-[174.1333333333301, -42.34666666666658]
INFO-[174.41777777777455, -42.34666666666658]
INFO-[174.70222222221898, -42.34666666666658]
INFO-[-74.47111111111302, -41.777777777777686]
INFO-[-73.90222222222413, -41.777777777777686]
INFO-[-73.61777777777968, -41.777777777777686]
INFO-[-73.33333333333523, -41.777777777777686]
INFO-[-73.04888888889079, -41.777777777777686]
INFO-[-72.76444444444634, -41.777777777777686]
INFO-[-72.4800000000019, -41.777777777777686]
INFO-[-72.19555555555745, -41.777777777777686]
INFO-[-71.911111111113, -41.777777777777686]
INFO-[-71.34222222222411, -41.777777777777686]
INFO-[-70.77333333333522, -41.777777777777686]
INFO-[-70.20444444444632, -41.777777777777686]
INFO-[-69.63555555555743, -41.777777777777686]
INFO-[-69.35111111111298, -41.777777777777686]
INFO-[-69.06666666666854, -41.777777777777686]
INFO-[-68.78222222222409, -41.777777777777686]
INFO-[-68.49777777777965, -41.777777777777686]
INFO-[-68.2133333333352, -41.777777777777686]
INFO-[-67.92888888889075, -41.777777777777686]
INFO-[-67.64444444444631, -41.777777777777686]
INFO-[-67.07555555555741, -41.777777777777686]
INFO-[-66.50666666666852, -41.777777777777686]
INFO-[-65.93777777777963, -41.777777777777686]
INFO-[-65.36888888889074, -41.777777777777686]
INFO-[-64.80000000000184, -41.777777777777686]
INFO-[-64.5155555555574, -41.777777777777686]
INFO-[-64.23111111111295, -41.777777777777686]
INFO-[-63.946666666668506, -41.777777777777686]
INFO-[-63.66222222222406, -41.777777777777686]
INFO-[-63.37777777777961, -41.777777777777686]
INFO-[-63.09333333333517, -41.777777777777686]
INFO-[-62.80888888889072, -41.777777777777686]
INFO-[144.55111111110918, -41.777777777777686]
INFO-[145.11999999999804, -41.777777777777686]
INFO-[145.40444444444248, -41.777777777777686]
INFO-[145.6888888888869, -41.777777777777686]
INFO-[145.97333333333134, -41.777777777777686]
INFO-[146.25777777777577, -41.777777777777686]
INFO-[146.5422222222202, -41.777777777777686]
INFO-[146.82666666666464, -41.777777777777686]
INFO-[147.11111111110907, -41.777777777777686]
INFO-[147.67999999999793, -41.777777777777686]
INFO-[148.2488888888868, -41.777777777777686]
INFO-[171.00444444444136, -41.777777777777686]
INFO-[171.2888888888858, -41.777777777777686]
INFO-[171.85777777777466, -41.777777777777686]
INFO-[172.42666666666352, -41.777777777777686]
INFO-[172.71111111110795, -41.777777777777686]
INFO-[172.9955555555524, -41.777777777777686]
INFO-[173.27999999999682, -41.777777777777686]
INFO-[173.56444444444125, -41.777777777777686]
INFO-[173.84888888888568, -41.777777777777686]
INFO-[174.1333333333301, -41.777777777777686]
INFO-[174.41777777777455, -41.777777777777686]
INFO-[174.70222222221898, -41.777777777777686]
INFO-[174.9866666666634, -41.777777777777686]
INFO-[175.27111111110784, -41.777777777777686]
INFO-[175.55555555555227, -41.777777777777686]
INFO-[176.12444444444114, -41.777777777777686]
INFO-[176.69333333333, -41.777777777777686]
INFO-[-74.47111111111302, -41.49333333333324]
INFO-[-73.90222222222413, -41.49333333333324]
INFO-[-73.61777777777968, -41.49333333333324]
INFO-[-73.33333333333523, -41.49333333333324]
INFO-[-73.04888888889079, -41.49333333333324]
INFO-[-72.76444444444634, -41.49333333333324]
INFO-[-72.4800000000019, -41.49333333333324]
INFO-[-72.19555555555745, -41.49333333333324]
INFO-[-71.911111111113, -41.49333333333324]
INFO-[-71.34222222222411, -41.49333333333324]
INFO-[-70.77333333333522, -41.49333333333324]
INFO-[-70.20444444444632, -41.49333333333324]
INFO-[-69.63555555555743, -41.49333333333324]
INFO-[-69.35111111111298, -41.49333333333324]
INFO-[-69.06666666666854, -41.49333333333324]
INFO-[-68.78222222222409, -41.49333333333324]
INFO-[-68.49777777777965, -41.49333333333324]
INFO-[-68.2133333333352, -41.49333333333324]
INFO-[-67.92888888889075, -41.49333333333324]
INFO-[-67.64444444444631, -41.49333333333324]
INFO-[-67.07555555555741, -41.49333333333324]
INFO-[-66.50666666666852, -41.49333333333324]
INFO-[-65.93777777777963, -41.49333333333324]
INFO-[-65.36888888889074, -41.49333333333324]
INFO-[-64.80000000000184, -41.49333333333324]
INFO-[-64.5155555555574, -41.49333333333324]
INFO-[-64.23111111111295, -41.49333333333324]
INFO-[-63.946666666668506, -41.49333333333324]
INFO-[-63.66222222222406, -41.49333333333324]
INFO-[-63.37777777777961, -41.49333333333324]
INFO-[-63.09333333333517, -41.49333333333324]
INFO-[-62.80888888889072, -41.49333333333324]
INFO-New Info Session
INFO-[144.55111111110918, -41.49333333333324]
INFO-[145.11999999999804, -41.49333333333324]
INFO-[145.40444444444248, -41.49333333333324]
INFO-[145.6888888888869, -41.49333333333324]
INFO-[145.97333333333134, -41.49333333333324]
INFO-[146.25777777777577, -41.49333333333324]
INFO-[146.5422222222202, -41.49333333333324]
INFO-[146.82666666666464, -41.49333333333324]
INFO-[147.11111111110907, -41.49333333333324]
INFO-[147.67999999999793, -41.49333333333324]
INFO-[148.2488888888868, -41.49333333333324]
INFO-[171.00444444444136, -41.49333333333324]
INFO-[171.2888888888858, -41.49333333333324]
INFO-[171.85777777777466, -41.49333333333324]
INFO-[172.42666666666352, -41.49333333333324]
INFO-[172.71111111110795, -41.49333333333324]
INFO-[172.9955555555524, -41.49333333333324]
INFO-[173.27999999999682, -41.49333333333324]
INFO-[173.56444444444125, -41.49333333333324]
INFO-[173.84888888888568, -41.49333333333324]
INFO-[174.1333333333301, -41.49333333333324]
INFO-[174.41777777777455, -41.49333333333324]
INFO-[174.70222222221898, -41.49333333333324]
INFO-[174.9866666666634, -41.49333333333324]
INFO-[175.27111111110784, -41.49333333333324]
INFO-[175.55555555555227, -41.49333333333324]
INFO-[176.12444444444114, -41.49333333333324]
INFO-[176.69333333333, -41.49333333333324]
INFO-[-73.90222222222413, -40.92444444444435]
INFO-[-73.61777777777968, -40.92444444444435]
INFO-[-73.33333333333523, -40.92444444444435]
INFO-[-73.04888888889079, -40.92444444444435]
INFO-[-72.76444444444634, -40.92444444444435]
INFO-[-72.4800000000019, -40.92444444444435]
INFO-[-72.19555555555745, -40.92444444444435]
INFO-[-71.911111111113, -40.92444444444435]
INFO-[-71.34222222222411, -40.92444444444435]
INFO-[-70.77333333333522, -40.92444444444435]
INFO-[-70.20444444444632, -40.92444444444435]
INFO-[-69.63555555555743, -40.92444444444435]
INFO-[-69.35111111111298, -40.92444444444435]
INFO-[-69.06666666666854, -40.92444444444435]
INFO-[-68.78222222222409, -40.92444444444435]
INFO-[-68.49777777777965, -40.92444444444435]
INFO-[-68.2133333333352, -40.92444444444435]
INFO-[-67.92888888889075, -40.92444444444435]
INFO-[-67.64444444444631, -40.92444444444435]
INFO-[-67.07555555555741, -40.92444444444435]
INFO-[-66.50666666666852, -40.92444444444435]
INFO-[-65.93777777777963, -40.92444444444435]
INFO-[-65.36888888889074, -40.92444444444435]
INFO-[-64.80000000000184, -40.92444444444435]
INFO-[-64.5155555555574, -40.92444444444435]
INFO-[-64.23111111111295, -40.92444444444435]
INFO-[-63.946666666668506, -40.92444444444435]
INFO-[-63.66222222222406, -40.92444444444435]
INFO-[-63.37777777777961, -40.92444444444435]
INFO-[-63.09333333333517, -40.92444444444435]
INFO-[-62.80888888889072, -40.92444444444435]
INFO-[-10.755555555557285, -40.92444444444435]
INFO-[-10.186666666668396, -40.92444444444435]
INFO-[-9.902222222223951, -40.92444444444435]
INFO-[-9.617777777779507, -40.92444444444435]
INFO-[-9.333333333335062, -40.92444444444435]
INFO-[143.41333333333145, -40.92444444444435]
INFO-[143.98222222222032, -40.92444444444435]
INFO-[144.55111111110918, -40.92444444444435]
INFO-[145.11999999999804, -40.92444444444435]
INFO-[145.40444444444248, -40.92444444444435]
INFO-[145.6888888888869, -40.92444444444435]
INFO-[145.97333333333134, -40.92444444444435]
INFO-[146.25777777777577, -40.92444444444435]
INFO-[146.5422222222202, -40.92444444444435]
INFO-[146.82666666666464, -40.92444444444435]
INFO-[147.11111111110907, -40.92444444444435]
INFO-[147.67999999999793, -40.92444444444435]
INFO-[148.2488888888868, -40.92444444444435]
INFO-[172.42666666666352, -40.92444444444435]
INFO-[172.71111111110795, -40.92444444444435]
INFO-[172.9955555555524, -40.92444444444435]
INFO-[173.27999999999682, -40.92444444444435]
INFO-[173.56444444444125, -40.92444444444435]
INFO-[173.84888888888568, -40.92444444444435]
INFO-[174.1333333333301, -40.92444444444435]
INFO-[174.41777777777455, -40.92444444444435]
INFO-[174.70222222221898, -40.92444444444435]
INFO-[174.9866666666634, -40.92444444444435]
INFO-[175.27111111110784, -40.92444444444435]
INFO-[175.55555555555227, -40.92444444444435]
INFO-[176.12444444444114, -40.92444444444435]
INFO-[176.69333333333, -40.92444444444435]
INFO-[-73.90222222222413, -40.355555555555455]
INFO-[-73.61777777777968, -40.355555555555455]
INFO-[-73.33333333333523, -40.355555555555455]
INFO-[-73.04888888889079, -40.355555555555455]
INFO-[-72.76444444444634, -40.355555555555455]
INFO-[-72.4800000000019, -40.355555555555455]
INFO-[-72.19555555555745, -40.355555555555455]
INFO-[-71.911111111113, -40.355555555555455]
INFO-[-71.34222222222411, -40.355555555555455]
INFO-[-70.77333333333522, -40.355555555555455]
INFO-[-70.20444444444632, -40.355555555555455]
INFO-[-69.63555555555743, -40.355555555555455]
INFO-[-69.35111111111298, -40.355555555555455]
INFO-[-69.06666666666854, -40.355555555555455]
INFO-[-68.78222222222409, -40.355555555555455]
INFO-[-68.49777777777965, -40.355555555555455]
INFO-[-68.2133333333352, -40.355555555555455]
INFO-[-67.92888888889075, -40.355555555555455]
INFO-[-67.64444444444631, -40.355555555555455]
INFO-[-67.07555555555741, -40.355555555555455]
INFO-[-66.50666666666852, -40.355555555555455]
INFO-[-65.93777777777963, -40.355555555555455]
INFO-[-65.36888888889074, -40.355555555555455]
INFO-[-64.80000000000184, -40.355555555555455]
INFO-[-64.5155555555574, -40.355555555555455]
INFO-[-64.23111111111295, -40.355555555555455]
INFO-[-63.946666666668506, -40.355555555555455]
INFO-[-63.66222222222406, -40.355555555555455]
INFO-[-63.37777777777961, -40.355555555555455]
INFO-[-63.09333333333517, -40.355555555555455]
INFO-[-62.80888888889072, -40.355555555555455]
INFO-[-10.755555555557285, -40.355555555555455]
INFO-[-10.186666666668396, -40.355555555555455]
INFO-[-9.902222222223951, -40.355555555555455]
INFO-[-9.617777777779507, -40.355555555555455]
INFO-[-9.333333333335062, -40.355555555555455]
INFO-[143.41333333333145, -40.355555555555455]
INFO-[143.98222222222032, -40.355555555555455]
INFO-[144.55111111110918, -40.355555555555455]
INFO-[145.11999999999804, -40.355555555555455]
INFO-[145.40444444444248, -40.355555555555455]
INFO-[145.6888888888869, -40.355555555555455]
INFO-[145.97333333333134, -40.355555555555455]
INFO-[146.25777777777577, -40.355555555555455]
INFO-[146.5422222222202, -40.355555555555455]
INFO-[146.82666666666464, -40.355555555555455]
INFO-[147.11111111110907, -40.355555555555455]
INFO-[147.67999999999793, -40.355555555555455]
INFO-[148.2488888888868, -40.355555555555455]
INFO-[172.42666666666352, -40.355555555555455]
INFO-[172.71111111110795, -40.355555555555455]
INFO-[172.9955555555524, -40.355555555555455]
INFO-[173.27999999999682, -40.355555555555455]
INFO-[173.56444444444125, -40.355555555555455]
INFO-[173.84888888888568, -40.355555555555455]
INFO-[174.1333333333301, -40.355555555555455]
INFO-[174.41777777777455, -40.355555555555455]
INFO-[174.70222222221898, -40.355555555555455]
INFO-[174.9866666666634, -40.355555555555455]
INFO-[175.27111111110784, -40.355555555555455]
INFO-[175.55555555555227, -40.355555555555455]
INFO-[176.12444444444114, -40.355555555555455]
INFO-[176.69333333333, -40.355555555555455]
INFO-New Info Session
INFO-[-73.90222222222413, -39.78666666666656]
INFO-[-73.61777777777968, -39.78666666666656]
INFO-[-73.33333333333523, -39.78666666666656]
INFO-[-73.04888888889079, -39.78666666666656]
INFO-[-72.76444444444634, -39.78666666666656]
INFO-[-72.4800000000019, -39.78666666666656]
INFO-[-72.19555555555745, -39.78666666666656]
INFO-[-71.911111111113, -39.78666666666656]
INFO-[-71.34222222222411, -39.78666666666656]
INFO-[-70.77333333333522, -39.78666666666656]
INFO-[-70.20444444444632, -39.78666666666656]
INFO-[-69.63555555555743, -39.78666666666656]
INFO-[-69.35111111111298, -39.78666666666656]
INFO-[-69.06666666666854, -39.78666666666656]
INFO-[-68.78222222222409, -39.78666666666656]
INFO-[-68.49777777777965, -39.78666666666656]
INFO-[-68.2133333333352, -39.78666666666656]
INFO-[-67.92888888889075, -39.78666666666656]
INFO-[-67.64444444444631, -39.78666666666656]
INFO-[-67.07555555555741, -39.78666666666656]
INFO-[-66.50666666666852, -39.78666666666656]
INFO-[-65.93777777777963, -39.78666666666656]
INFO-[-65.36888888889074, -39.78666666666656]
INFO-[-64.80000000000184, -39.78666666666656]
INFO-[-64.5155555555574, -39.78666666666656]
INFO-[-64.23111111111295, -39.78666666666656]
INFO-[-63.946666666668506, -39.78666666666656]
INFO-[-63.66222222222406, -39.78666666666656]
INFO-[-63.37777777777961, -39.78666666666656]
INFO-[-63.09333333333517, -39.78666666666656]
INFO-[-62.80888888889072, -39.78666666666656]
INFO-[-62.24000000000183, -39.78666666666656]
INFO-[-61.671111111112936, -39.78666666666656]
INFO-[143.41333333333145, -39.78666666666656]
INFO-[143.98222222222032, -39.78666666666656]
INFO-[144.55111111110918, -39.78666666666656]
INFO-[146.25777777777577, -39.78666666666656]
INFO-[146.5422222222202, -39.78666666666656]
INFO-[146.82666666666464, -39.78666666666656]
INFO-[147.11111111110907, -39.78666666666656]
INFO-[147.67999999999793, -39.78666666666656]
INFO-[148.2488888888868, -39.78666666666656]
INFO-[173.27999999999682, -39.78666666666656]
INFO-[173.56444444444125, -39.78666666666656]
INFO-[173.84888888888568, -39.78666666666656]
INFO-[174.1333333333301, -39.78666666666656]
INFO-[174.41777777777455, -39.78666666666656]
INFO-[174.70222222221898, -39.78666666666656]
INFO-[174.9866666666634, -39.78666666666656]
INFO-[175.27111111110784, -39.78666666666656]
INFO-[175.55555555555227, -39.78666666666656]
INFO-[176.12444444444114, -39.78666666666656]
INFO-[176.69333333333, -39.78666666666656]
INFO-[177.26222222221887, -39.78666666666656]
INFO-[177.5466666666633, -39.78666666666656]
INFO-[177.83111111110773, -39.78666666666656]
INFO-[178.11555555555216, -39.78666666666656]
INFO-[178.3999999999966, -39.78666666666656]
INFO-[178.68444444444103, -39.78666666666656]
INFO-[-73.90222222222413, -39.21777777777767]
INFO-[-73.61777777777968, -39.21777777777767]
INFO-[-73.33333333333523, -39.21777777777767]
INFO-[-73.04888888889079, -39.21777777777767]
INFO-[-72.76444444444634, -39.21777777777767]
INFO-[-72.4800000000019, -39.21777777777767]
INFO-New Info Session
INFO-[-72.4800000000019, -39.21777777777767]
INFO-[-72.19555555555745, -39.21777777777767]
INFO-[-71.911111111113, -39.21777777777767]
INFO-[-71.34222222222411, -39.21777777777767]
INFO-[-70.77333333333522, -39.21777777777767]
INFO-[-70.20444444444632, -39.21777777777767]
INFO-[-69.63555555555743, -39.21777777777767]
INFO-[-69.35111111111298, -39.21777777777767]
INFO-[-69.06666666666854, -39.21777777777767]
INFO-[-68.78222222222409, -39.21777777777767]
INFO-[-68.49777777777965, -39.21777777777767]
INFO-[-68.2133333333352, -39.21777777777767]
INFO-[-67.92888888889075, -39.21777777777767]
INFO-[-67.64444444444631, -39.21777777777767]
INFO-[-67.07555555555741, -39.21777777777767]
INFO-[-66.50666666666852, -39.21777777777767]
INFO-[-65.93777777777963, -39.21777777777767]
INFO-[-65.36888888889074, -39.21777777777767]
INFO-[-64.80000000000184, -39.21777777777767]
INFO-[-64.5155555555574, -39.21777777777767]
INFO-[-64.23111111111295, -39.21777777777767]
INFO-[-63.946666666668506, -39.21777777777767]
INFO-[-63.66222222222406, -39.21777777777767]
INFO-[-63.37777777777961, -39.21777777777767]
INFO-[-63.09333333333517, -39.21777777777767]
INFO-[-62.80888888889072, -39.21777777777767]
INFO-[-62.24000000000183, -39.21777777777767]
INFO-[-61.671111111112936, -39.21777777777767]
INFO-New Info Session
INFO-[143.41333333333145, -39.21777777777767]
INFO-[143.98222222222032, -39.21777777777767]
INFO-[144.55111111110918, -39.21777777777767]
INFO-[146.25777777777577, -39.21777777777767]
INFO-[146.5422222222202, -39.21777777777767]
INFO-[146.82666666666464, -39.21777777777767]
INFO-[147.11111111110907, -39.21777777777767]
INFO-[147.67999999999793, -39.21777777777767]
INFO-[174.1333333333301, -39.21777777777767]
INFO-[174.41777777777455, -39.21777777777767]
INFO-[174.70222222221898, -39.21777777777767]
INFO-[174.9866666666634, -39.21777777777767]
INFO-[175.27111111110784, -39.21777777777767]
INFO-[175.55555555555227, -39.21777777777767]
INFO-[176.12444444444114, -39.21777777777767]
INFO-[176.69333333333, -39.21777777777767]
INFO-[177.26222222221887, -39.21777777777767]
INFO-[177.5466666666633, -39.21777777777767]
INFO-[177.83111111110773, -39.21777777777767]
INFO-[178.11555555555216, -39.21777777777767]
INFO-[178.3999999999966, -39.21777777777767]
INFO-[178.68444444444103, -39.21777777777767]
INFO-[-73.90222222222413, -38.64888888888878]
INFO-[-73.61777777777968, -38.64888888888878]
INFO-[-73.33333333333523, -38.64888888888878]
INFO-[-73.04888888889079, -38.64888888888878]
INFO-[-72.76444444444634, -38.64888888888878]
INFO-[-72.4800000000019, -38.64888888888878]
INFO-[-72.19555555555745, -38.64888888888878]
INFO-[-71.911111111113, -38.64888888888878]
INFO-[-71.34222222222411, -38.64888888888878]
INFO-[-70.77333333333522, -38.64888888888878]
INFO-[-70.20444444444632, -38.64888888888878]
INFO-[-69.63555555555743, -38.64888888888878]
INFO-[-69.35111111111298, -38.64888888888878]
INFO-[-69.06666666666854, -38.64888888888878]
INFO-[-68.78222222222409, -38.64888888888878]
INFO-[-68.49777777777965, -38.64888888888878]
INFO-[-68.2133333333352, -38.64888888888878]
INFO-[-67.92888888889075, -38.64888888888878]
INFO-[-67.64444444444631, -38.64888888888878]
INFO-[-67.07555555555741, -38.64888888888878]
INFO-[-66.50666666666852, -38.64888888888878]
INFO-[-65.93777777777963, -38.64888888888878]
INFO-[-65.36888888889074, -38.64888888888878]
INFO-[-64.80000000000184, -38.64888888888878]
INFO-[-64.5155555555574, -38.64888888888878]
INFO-[-64.23111111111295, -38.64888888888878]
INFO-[-63.946666666668506, -38.64888888888878]
INFO-[-63.66222222222406, -38.64888888888878]
INFO-[-63.37777777777961, -38.64888888888878]
INFO-[-63.09333333333517, -38.64888888888878]
INFO-[-62.80888888889072, -38.64888888888878]
INFO-[-62.24000000000183, -38.64888888888878]
INFO-[-61.671111111112936, -38.64888888888878]
INFO-[-61.10222222222404, -38.64888888888878]
INFO-[-60.53333333333515, -38.64888888888878]
INFO-[-60.248888888890704, -38.64888888888878]
INFO-[-59.96444444444626, -38.64888888888878]
INFO-[-59.68000000000181, -38.64888888888878]
INFO-[-59.395555555557365, -38.64888888888878]
INFO-[-59.11111111111292, -38.64888888888878]
INFO-[-58.82666666666847, -38.64888888888878]
INFO-[-58.54222222222403, -38.64888888888878]
INFO-[-57.973333333335134, -38.64888888888878]
INFO-[-57.40444444444624, -38.64888888888878]
INFO-[77.13777777777624, -38.64888888888878]
INFO-[77.42222222222068, -38.64888888888878]
INFO-[77.70666666666513, -38.64888888888878]
INFO-[140.2844444444427, -38.64888888888878]
INFO-[140.85333333333156, -38.64888888888878]
INFO-[141.137777777776, -38.64888888888878]
INFO-[141.42222222222043, -38.64888888888878]
INFO-[141.70666666666486, -38.64888888888878]
INFO-[141.9911111111093, -38.64888888888878]
INFO-[142.27555555555372, -38.64888888888878]
INFO-[142.8444444444426, -38.64888888888878]
INFO-[143.41333333333145, -38.64888888888878]
INFO-[143.98222222222032, -38.64888888888878]
INFO-[144.55111111110918, -38.64888888888878]
INFO-[145.11999999999804, -38.64888888888878]
INFO-[145.40444444444248, -38.64888888888878]
INFO-[145.6888888888869, -38.64888888888878]
INFO-[145.97333333333134, -38.64888888888878]
INFO-[146.25777777777577, -38.64888888888878]
INFO-[146.5422222222202, -38.64888888888878]
INFO-[146.82666666666464, -38.64888888888878]
INFO-[147.11111111110907, -38.64888888888878]
INFO-[147.67999999999793, -38.64888888888878]
INFO-[174.1333333333301, -38.64888888888878]
INFO-[174.41777777777455, -38.64888888888878]
INFO-[174.70222222221898, -38.64888888888878]
INFO-[174.9866666666634, -38.64888888888878]
INFO-[175.27111111110784, -38.64888888888878]
INFO-[175.55555555555227, -38.64888888888878]
INFO-[176.12444444444114, -38.64888888888878]
INFO-[176.69333333333, -38.64888888888878]
INFO-[177.26222222221887, -38.64888888888878]
INFO-[177.5466666666633, -38.64888888888878]
INFO-[177.83111111110773, -38.64888888888878]
INFO-[178.11555555555216, -38.64888888888878]
INFO-[178.3999999999966, -38.64888888888878]
INFO-[178.68444444444103, -38.64888888888878]
INFO-[-73.90222222222413, -38.079999999999885]
INFO-[-73.61777777777968, -38.079999999999885]
INFO-[-73.33333333333523, -38.079999999999885]
INFO-[-73.04888888889079, -38.079999999999885]
INFO-[-72.76444444444634, -38.079999999999885]
INFO-[-72.4800000000019, -38.079999999999885]
INFO-[-72.19555555555745, -38.079999999999885]
INFO-[-71.911111111113, -38.079999999999885]
INFO-[-71.34222222222411, -38.079999999999885]
INFO-[-70.77333333333522, -38.079999999999885]
INFO-[-70.20444444444632, -38.079999999999885]
INFO-[-69.63555555555743, -38.079999999999885]
INFO-[-69.35111111111298, -38.079999999999885]
INFO-[-69.06666666666854, -38.079999999999885]
INFO-[-68.78222222222409, -38.079999999999885]
INFO-[-68.49777777777965, -38.079999999999885]
INFO-[-68.2133333333352, -38.079999999999885]
INFO-[-67.92888888889075, -38.079999999999885]
INFO-[-67.64444444444631, -38.079999999999885]
INFO-[-67.07555555555741, -38.079999999999885]
INFO-[-66.50666666666852, -38.079999999999885]
INFO-[-65.93777777777963, -38.079999999999885]
INFO-[-65.36888888889074, -38.079999999999885]
INFO-[-64.80000000000184, -38.079999999999885]
INFO-[-64.5155555555574, -38.079999999999885]
INFO-[-64.23111111111295, -38.079999999999885]
INFO-[-63.946666666668506, -38.079999999999885]
INFO-[-63.66222222222406, -38.079999999999885]
INFO-[-63.37777777777961, -38.079999999999885]
INFO-[-63.09333333333517, -38.079999999999885]
INFO-[-62.80888888889072, -38.079999999999885]
INFO-[-62.24000000000183, -38.079999999999885]
INFO-[-61.671111111112936, -38.079999999999885]
INFO-[-61.10222222222404, -38.079999999999885]
INFO-[-60.53333333333515, -38.079999999999885]
INFO-[-60.248888888890704, -38.079999999999885]
INFO-[-59.96444444444626, -38.079999999999885]
INFO-[-59.68000000000181, -38.079999999999885]
INFO-[-59.395555555557365, -38.079999999999885]
INFO-[-59.11111111111292, -38.079999999999885]
INFO-[-58.82666666666847, -38.079999999999885]
INFO-[-58.54222222222403, -38.079999999999885]
INFO-[-57.973333333335134, -38.079999999999885]
INFO-[-57.40444444444624, -38.079999999999885]
INFO-[77.13777777777624, -38.079999999999885]
INFO-[77.42222222222068, -38.079999999999885]
INFO-[77.70666666666513, -38.079999999999885]
INFO-[140.2844444444427, -38.079999999999885]
INFO-[140.85333333333156, -38.079999999999885]
INFO-[141.137777777776, -38.079999999999885]
INFO-[141.42222222222043, -38.079999999999885]
INFO-[141.70666666666486, -38.079999999999885]
INFO-[141.9911111111093, -38.079999999999885]
INFO-[142.27555555555372, -38.079999999999885]
INFO-[142.8444444444426, -38.079999999999885]
INFO-[143.41333333333145, -38.079999999999885]
INFO-[143.98222222222032, -38.079999999999885]
INFO-[144.55111111110918, -38.079999999999885]
INFO-[145.11999999999804, -38.079999999999885]
INFO-[145.40444444444248, -38.079999999999885]
INFO-[145.6888888888869, -38.079999999999885]
INFO-[145.97333333333134, -38.079999999999885]
INFO-[146.25777777777577, -38.079999999999885]
INFO-[146.5422222222202, -38.079999999999885]
INFO-[146.82666666666464, -38.079999999999885]
INFO-[147.11111111110907, -38.079999999999885]
INFO-[147.67999999999793, -38.079999999999885]
INFO-[174.1333333333301, -38.079999999999885]
INFO-[174.41777777777455, -38.079999999999885]
INFO-[174.70222222221898, -38.079999999999885]
INFO-[174.9866666666634, -38.079999999999885]
INFO-[175.27111111110784, -38.079999999999885]
INFO-[175.55555555555227, -38.079999999999885]
INFO-[176.12444444444114, -38.079999999999885]
INFO-[176.69333333333, -38.079999999999885]
INFO-[177.26222222221887, -38.079999999999885]
INFO-[177.5466666666633, -38.079999999999885]
INFO-[177.83111111110773, -38.079999999999885]
INFO-[178.11555555555216, -38.079999999999885]
INFO-[178.3999999999966, -38.079999999999885]
INFO-[178.68444444444103, -38.079999999999885]
INFO-[-73.90222222222413, -37.51111111111099]
INFO-[-73.61777777777968, -37.51111111111099]
INFO-[-73.33333333333523, -37.51111111111099]
INFO-[-73.04888888889079, -37.51111111111099]
INFO-[-72.76444444444634, -37.51111111111099]
INFO-[-72.4800000000019, -37.51111111111099]
INFO-[-72.19555555555745, -37.51111111111099]
INFO-[-71.911111111113, -37.51111111111099]
INFO-[-71.34222222222411, -37.51111111111099]
INFO-[-70.77333333333522, -37.51111111111099]
INFO-[-70.20444444444632, -37.51111111111099]
INFO-[-69.63555555555743, -37.51111111111099]
INFO-[-69.35111111111298, -37.51111111111099]
INFO-[-69.06666666666854, -37.51111111111099]
INFO-[-68.78222222222409, -37.51111111111099]
INFO-[-68.49777777777965, -37.51111111111099]
INFO-[-68.2133333333352, -37.51111111111099]
INFO-[-67.92888888889075, -37.51111111111099]
INFO-[-67.64444444444631, -37.51111111111099]
INFO-[-67.07555555555741, -37.51111111111099]
INFO-[-66.50666666666852, -37.51111111111099]
INFO-[-65.93777777777963, -37.51111111111099]
INFO-[-65.36888888889074, -37.51111111111099]
INFO-[-64.80000000000184, -37.51111111111099]
INFO-[-64.5155555555574, -37.51111111111099]
INFO-[-64.23111111111295, -37.51111111111099]
INFO-[-63.946666666668506, -37.51111111111099]
INFO-[-63.66222222222406, -37.51111111111099]
INFO-[-63.37777777777961, -37.51111111111099]
INFO-[-63.09333333333517, -37.51111111111099]
INFO-[-62.80888888889072, -37.51111111111099]
INFO-[-62.24000000000183, -37.51111111111099]
INFO-[-61.671111111112936, -37.51111111111099]
INFO-[-61.10222222222404, -37.51111111111099]
INFO-[-60.53333333333515, -37.51111111111099]
INFO-[-60.248888888890704, -37.51111111111099]
INFO-[-59.96444444444626, -37.51111111111099]
INFO-[-59.68000000000181, -37.51111111111099]
INFO-[-59.395555555557365, -37.51111111111099]
INFO-[-59.11111111111292, -37.51111111111099]
INFO-[-58.82666666666847, -37.51111111111099]
INFO-[-58.54222222222403, -37.51111111111099]
INFO-[-57.973333333335134, -37.51111111111099]
INFO-[-57.40444444444624, -37.51111111111099]
INFO-[-56.83555555555735, -37.51111111111099]
INFO-[-12.462222222223952, -37.51111111111099]
INFO-[77.13777777777624, -37.51111111111099]
INFO-[77.42222222222068, -37.51111111111099]
INFO-[77.70666666666513, -37.51111111111099]
INFO-[139.14666666666497, -37.51111111111099]
INFO-[139.71555555555383, -37.51111111111099]
INFO-[140.2844444444427, -37.51111111111099]
INFO-[140.85333333333156, -37.51111111111099]
INFO-[141.137777777776, -37.51111111111099]
INFO-[141.42222222222043, -37.51111111111099]
INFO-[141.70666666666486, -37.51111111111099]
INFO-[141.9911111111093, -37.51111111111099]
INFO-[142.27555555555372, -37.51111111111099]
INFO-[142.8444444444426, -37.51111111111099]
INFO-[143.41333333333145, -37.51111111111099]
INFO-[143.98222222222032, -37.51111111111099]
INFO-[144.55111111110918, -37.51111111111099]
INFO-[145.11999999999804, -37.51111111111099]
INFO-[145.40444444444248, -37.51111111111099]
INFO-[145.6888888888869, -37.51111111111099]
INFO-[145.97333333333134, -37.51111111111099]
INFO-[146.25777777777577, -37.51111111111099]
INFO-[146.5422222222202, -37.51111111111099]
INFO-[146.82666666666464, -37.51111111111099]
INFO-[147.11111111110907, -37.51111111111099]
INFO-[147.67999999999793, -37.51111111111099]
INFO-[148.2488888888868, -37.51111111111099]
INFO-[148.81777777777566, -37.51111111111099]
INFO-[149.38666666666452, -37.51111111111099]
INFO-[149.9555555555534, -37.51111111111099]
INFO-[150.23999999999782, -37.51111111111099]
INFO-[150.52444444444225, -37.51111111111099]
INFO-[174.1333333333301, -37.51111111111099]
INFO-[174.41777777777455, -37.51111111111099]
INFO-[174.70222222221898, -37.51111111111099]
INFO-[174.9866666666634, -37.51111111111099]
INFO-[175.27111111110784, -37.51111111111099]
INFO-[175.55555555555227, -37.51111111111099]
INFO-[176.12444444444114, -37.51111111111099]
INFO-[176.69333333333, -37.51111111111099]
INFO-[177.26222222221887, -37.51111111111099]
INFO-[177.5466666666633, -37.51111111111099]
INFO-[177.83111111110773, -37.51111111111099]
INFO-[178.11555555555216, -37.51111111111099]
INFO-[178.3999999999966, -37.51111111111099]
INFO-[178.68444444444103, -37.51111111111099]
INFO-[-73.90222222222413, -36.9422222222221]
INFO-[-73.61777777777968, -36.9422222222221]
INFO-[-73.33333333333523, -36.9422222222221]
INFO-[-73.04888888889079, -36.9422222222221]
INFO-[-72.76444444444634, -36.9422222222221]
INFO-[-72.4800000000019, -36.9422222222221]
INFO-[-72.19555555555745, -36.9422222222221]
INFO-[-71.911111111113, -36.9422222222221]
INFO-[-71.34222222222411, -36.9422222222221]
INFO-[-70.77333333333522, -36.9422222222221]
INFO-[-70.20444444444632, -36.9422222222221]
INFO-[-69.63555555555743, -36.9422222222221]
INFO-[-69.35111111111298, -36.9422222222221]
INFO-[-69.06666666666854, -36.9422222222221]
INFO-[-68.78222222222409, -36.9422222222221]
INFO-[-68.49777777777965, -36.9422222222221]
INFO-[-68.2133333333352, -36.9422222222221]
INFO-[-67.92888888889075, -36.9422222222221]
INFO-[-67.64444444444631, -36.9422222222221]
INFO-[-67.07555555555741, -36.9422222222221]
INFO-[-66.50666666666852, -36.9422222222221]
INFO-[-65.93777777777963, -36.9422222222221]
INFO-[-65.36888888889074, -36.9422222222221]
INFO-[-64.80000000000184, -36.9422222222221]
INFO-[-64.5155555555574, -36.9422222222221]
INFO-[-64.23111111111295, -36.9422222222221]
INFO-[-63.946666666668506, -36.9422222222221]
INFO-[-63.66222222222406, -36.9422222222221]
INFO-[-63.37777777777961, -36.9422222222221]
INFO-[-63.09333333333517, -36.9422222222221]
INFO-[-62.80888888889072, -36.9422222222221]
INFO-[-62.24000000000183, -36.9422222222221]
INFO-[-61.671111111112936, -36.9422222222221]
INFO-[-61.10222222222404, -36.9422222222221]
INFO-[-60.53333333333515, -36.9422222222221]
INFO-[-60.248888888890704, -36.9422222222221]
INFO-[-59.96444444444626, -36.9422222222221]
INFO-[-59.68000000000181, -36.9422222222221]
INFO-[-59.395555555557365, -36.9422222222221]
INFO-[-59.11111111111292, -36.9422222222221]
INFO-[-58.82666666666847, -36.9422222222221]
INFO-[-58.54222222222403, -36.9422222222221]
INFO-[-57.973333333335134, -36.9422222222221]
INFO-[-57.40444444444624, -36.9422222222221]
INFO-[-56.83555555555735, -36.9422222222221]
INFO-[136.01777777777622, -36.9422222222221]
INFO-[136.30222222222065, -36.9422222222221]
INFO-[136.58666666666508, -36.9422222222221]
INFO-[136.8711111111095, -36.9422222222221]
INFO-[137.15555555555395, -36.9422222222221]
INFO-[137.43999999999838, -36.9422222222221]
INFO-[139.14666666666497, -36.9422222222221]
INFO-[139.71555555555383, -36.9422222222221]
INFO-[140.2844444444427, -36.9422222222221]
INFO-[140.85333333333156, -36.9422222222221]
INFO-[141.137777777776, -36.9422222222221]
INFO-[141.42222222222043, -36.9422222222221]
INFO-[141.70666666666486, -36.9422222222221]
INFO-[141.9911111111093, -36.9422222222221]
INFO-[142.27555555555372, -36.9422222222221]
INFO-[142.8444444444426, -36.9422222222221]
INFO-[143.41333333333145, -36.9422222222221]
INFO-[143.98222222222032, -36.9422222222221]
INFO-[144.55111111110918, -36.9422222222221]
INFO-[145.11999999999804, -36.9422222222221]
INFO-[145.40444444444248, -36.9422222222221]
INFO-[145.6888888888869, -36.9422222222221]
INFO-[145.97333333333134, -36.9422222222221]
INFO-[146.25777777777577, -36.9422222222221]
INFO-[146.5422222222202, -36.9422222222221]
INFO-[146.82666666666464, -36.9422222222221]
INFO-[147.11111111110907, -36.9422222222221]
INFO-[147.67999999999793, -36.9422222222221]
INFO-[148.2488888888868, -36.9422222222221]
INFO-[148.81777777777566, -36.9422222222221]
INFO-[149.38666666666452, -36.9422222222221]
INFO-[149.9555555555534, -36.9422222222221]
INFO-[150.23999999999782, -36.9422222222221]
INFO-[150.52444444444225, -36.9422222222221]
INFO-[173.27999999999682, -36.9422222222221]
INFO-[173.56444444444125, -36.9422222222221]
INFO-[173.84888888888568, -36.9422222222221]
INFO-[174.1333333333301, -36.9422222222221]
INFO-[174.41777777777455, -36.9422222222221]
INFO-[174.70222222221898, -36.9422222222221]
INFO-[174.9866666666634, -36.9422222222221]
INFO-[175.27111111110784, -36.9422222222221]
INFO-[175.55555555555227, -36.9422222222221]
INFO-[176.12444444444114, -36.9422222222221]
INFO-[176.69333333333, -36.9422222222221]
INFO-[-73.90222222222413, -36.65777777777765]
INFO-[-73.61777777777968, -36.65777777777765]
INFO-[-73.33333333333523, -36.65777777777765]
INFO-[-73.04888888889079, -36.65777777777765]
INFO-[-72.76444444444634, -36.65777777777765]
INFO-[-72.4800000000019, -36.65777777777765]
INFO-[-72.19555555555745, -36.65777777777765]
INFO-[-71.911111111113, -36.65777777777765]
INFO-[-71.34222222222411, -36.65777777777765]
INFO-[-70.77333333333522, -36.65777777777765]
INFO-[-70.20444444444632, -36.65777777777765]
INFO-[-69.63555555555743, -36.65777777777765]
INFO-[-69.35111111111298, -36.65777777777765]
INFO-[-69.06666666666854, -36.65777777777765]
INFO-[-68.78222222222409, -36.65777777777765]
INFO-[-68.49777777777965, -36.65777777777765]
INFO-[-68.2133333333352, -36.65777777777765]
INFO-[-67.92888888889075, -36.65777777777765]
INFO-[-67.64444444444631, -36.65777777777765]
INFO-[-67.07555555555741, -36.65777777777765]
INFO-[-66.50666666666852, -36.65777777777765]
INFO-[-65.93777777777963, -36.65777777777765]
INFO-[-65.36888888889074, -36.65777777777765]
INFO-[-64.80000000000184, -36.65777777777765]
INFO-[-64.5155555555574, -36.65777777777765]
INFO-[-64.23111111111295, -36.65777777777765]
INFO-[-63.946666666668506, -36.65777777777765]
INFO-[-63.66222222222406, -36.65777777777765]
INFO-[-63.37777777777961, -36.65777777777765]
INFO-[-63.09333333333517, -36.65777777777765]
INFO-[-62.80888888889072, -36.65777777777765]
INFO-[-62.24000000000183, -36.65777777777765]
INFO-[-61.671111111112936, -36.65777777777765]
INFO-[-61.10222222222404, -36.65777777777765]
INFO-[-60.53333333333515, -36.65777777777765]
INFO-[-60.248888888890704, -36.65777777777765]
INFO-[-59.96444444444626, -36.65777777777765]
INFO-[-59.68000000000181, -36.65777777777765]
INFO-[-59.395555555557365, -36.65777777777765]
INFO-[-59.11111111111292, -36.65777777777765]
INFO-[-58.82666666666847, -36.65777777777765]
INFO-[-58.54222222222403, -36.65777777777765]
INFO-[-57.973333333335134, -36.65777777777765]
INFO-[-57.40444444444624, -36.65777777777765]
INFO-[-56.83555555555735, -36.65777777777765]
INFO-[136.01777777777622, -36.65777777777765]
INFO-[136.30222222222065, -36.65777777777765]
INFO-[136.58666666666508, -36.65777777777765]
INFO-[136.8711111111095, -36.65777777777765]
INFO-[137.15555555555395, -36.65777777777765]
INFO-[137.43999999999838, -36.65777777777765]
INFO-[139.14666666666497, -36.65777777777765]
INFO-[139.71555555555383, -36.65777777777765]
INFO-[140.2844444444427, -36.65777777777765]
INFO-[140.85333333333156, -36.65777777777765]
INFO-[141.137777777776, -36.65777777777765]
INFO-[141.42222222222043, -36.65777777777765]
INFO-[141.70666666666486, -36.65777777777765]
INFO-[141.9911111111093, -36.65777777777765]
INFO-[142.27555555555372, -36.65777777777765]
INFO-[142.8444444444426, -36.65777777777765]
INFO-[143.41333333333145, -36.65777777777765]
INFO-[143.98222222222032, -36.65777777777765]
INFO-[144.55111111110918, -36.65777777777765]
INFO-[145.11999999999804, -36.65777777777765]
INFO-[145.40444444444248, -36.65777777777765]
INFO-[145.6888888888869, -36.65777777777765]
INFO-[145.97333333333134, -36.65777777777765]
INFO-[146.25777777777577, -36.65777777777765]
INFO-[146.5422222222202, -36.65777777777765]
INFO-[146.82666666666464, -36.65777777777765]
INFO-[147.11111111110907, -36.65777777777765]
INFO-[147.67999999999793, -36.65777777777765]
INFO-[148.2488888888868, -36.65777777777765]
INFO-[148.81777777777566, -36.65777777777765]
INFO-[149.38666666666452, -36.65777777777765]
INFO-[149.9555555555534, -36.65777777777765]
INFO-[150.23999999999782, -36.65777777777765]
INFO-[150.52444444444225, -36.65777777777765]
INFO-[173.27999999999682, -36.65777777777765]
INFO-[173.56444444444125, -36.65777777777765]
INFO-[173.84888888888568, -36.65777777777765]
INFO-[174.1333333333301, -36.65777777777765]
INFO-[174.41777777777455, -36.65777777777765]
INFO-[174.70222222221898, -36.65777777777765]
INFO-[174.9866666666634, -36.65777777777765]
INFO-[175.27111111110784, -36.65777777777765]
INFO-[175.55555555555227, -36.65777777777765]
INFO-[176.12444444444114, -36.65777777777765]
INFO-[176.69333333333, -36.65777777777765]
INFO-[-72.76444444444634, -36.08888888888876]
INFO-[-72.4800000000019, -36.08888888888876]
INFO-[-72.19555555555745, -36.08888888888876]
INFO-[-71.911111111113, -36.08888888888876]
INFO-[-71.34222222222411, -36.08888888888876]
INFO-[-70.77333333333522, -36.08888888888876]
INFO-[-70.20444444444632, -36.08888888888876]
INFO-[-69.63555555555743, -36.08888888888876]
INFO-[-69.35111111111298, -36.08888888888876]
INFO-[-69.06666666666854, -36.08888888888876]
INFO-[-68.78222222222409, -36.08888888888876]
INFO-[-68.49777777777965, -36.08888888888876]
INFO-[-68.2133333333352, -36.08888888888876]
INFO-[-67.92888888889075, -36.08888888888876]
INFO-[-67.64444444444631, -36.08888888888876]
INFO-[-67.07555555555741, -36.08888888888876]
INFO-[-66.50666666666852, -36.08888888888876]
INFO-[-65.93777777777963, -36.08888888888876]
INFO-[-65.36888888889074, -36.08888888888876]
INFO-[-64.80000000000184, -36.08888888888876]
INFO-[-64.5155555555574, -36.08888888888876]
INFO-[-64.23111111111295, -36.08888888888876]
INFO-[-63.946666666668506, -36.08888888888876]
INFO-[-63.66222222222406, -36.08888888888876]
INFO-[-63.37777777777961, -36.08888888888876]
INFO-[-63.09333333333517, -36.08888888888876]
INFO-[-62.80888888889072, -36.08888888888876]
INFO-[-62.24000000000183, -36.08888888888876]
INFO-[-61.671111111112936, -36.08888888888876]
INFO-[-61.10222222222404, -36.08888888888876]
INFO-[-60.53333333333515, -36.08888888888876]
INFO-[-60.248888888890704, -36.08888888888876]
INFO-[-59.96444444444626, -36.08888888888876]
INFO-[-59.68000000000181, -36.08888888888876]
INFO-[-59.395555555557365, -36.08888888888876]
INFO-[-59.11111111111292, -36.08888888888876]
INFO-[-58.82666666666847, -36.08888888888876]
INFO-[-58.54222222222403, -36.08888888888876]
INFO-[-57.973333333335134, -36.08888888888876]
INFO-[-57.40444444444624, -36.08888888888876]
INFO-[136.01777777777622, -36.08888888888876]
INFO-[136.30222222222065, -36.08888888888876]
INFO-[136.58666666666508, -36.08888888888876]
INFO-[136.8711111111095, -36.08888888888876]
INFO-[137.15555555555395, -36.08888888888876]
INFO-[137.43999999999838, -36.08888888888876]
INFO-[139.14666666666497, -36.08888888888876]
INFO-[139.71555555555383, -36.08888888888876]
INFO-[140.2844444444427, -36.08888888888876]
INFO-[140.85333333333156, -36.08888888888876]
INFO-[141.137777777776, -36.08888888888876]
INFO-[141.42222222222043, -36.08888888888876]
INFO-[141.70666666666486, -36.08888888888876]
INFO-[141.9911111111093, -36.08888888888876]
INFO-[142.27555555555372, -36.08888888888876]
INFO-[142.8444444444426, -36.08888888888876]
INFO-[143.41333333333145, -36.08888888888876]
INFO-[143.98222222222032, -36.08888888888876]
INFO-[144.55111111110918, -36.08888888888876]
INFO-[145.11999999999804, -36.08888888888876]
INFO-[145.40444444444248, -36.08888888888876]
INFO-[145.6888888888869, -36.08888888888876]
INFO-[145.97333333333134, -36.08888888888876]
INFO-[146.25777777777577, -36.08888888888876]
INFO-[146.5422222222202, -36.08888888888876]
INFO-[146.82666666666464, -36.08888888888876]
INFO-[147.11111111110907, -36.08888888888876]
INFO-[147.67999999999793, -36.08888888888876]
INFO-[148.2488888888868, -36.08888888888876]
INFO-[148.81777777777566, -36.08888888888876]
INFO-[149.38666666666452, -36.08888888888876]
INFO-[149.9555555555534, -36.08888888888876]
INFO-[150.23999999999782, -36.08888888888876]
INFO-[150.52444444444225, -36.08888888888876]
INFO-[173.27999999999682, -36.08888888888876]
INFO-[173.56444444444125, -36.08888888888876]
INFO-[173.84888888888568, -36.08888888888876]
INFO-[174.1333333333301, -36.08888888888876]
INFO-[174.41777777777455, -36.08888888888876]
INFO-[174.70222222221898, -36.08888888888876]
INFO-[174.9866666666634, -36.08888888888876]
INFO-[175.27111111110784, -36.08888888888876]
INFO-[175.55555555555227, -36.08888888888876]
