INFO-New Info Session
INFO-New Info Session
INFO-New Info Session
INFO-New Info Session
INFO-New Info Session
INFO-New Info Session
INFO-New Info Session
INFO-New Info Session
INFO-New Info Session
INFO-New Info Session
INFO-New Info Session
INFO-New Info Session
INFO-New Info Session
INFO-New Info Session
INFO-New Info Session
INFO-New Info Session
INFO-New Info Session
INFO-New Info Session
INFO-New Info Session
INFO-New Info Session
INFO-New Info Session
INFO-New Info Session
INFO-New Info Session
INFO-New Info Session
INFO-New Info Session
INFO-New Info Session
INFO-New Info Session
INFO-[-71.911111111113, -55.715555555555554]
INFO-New Info Session
INFO-[-71.911111111113, -55.715555555555554]
INFO-[-71.34222222222411, -55.715555555555554]
INFO-[-70.77333333333522, -55.715555555555554]
INFO-[-70.20444444444632, -55.715555555555554]
INFO-[-69.63555555555743, -55.715555555555554]
INFO-[-69.35111111111298, -55.715555555555554]
INFO-[-69.06666666666854, -55.715555555555554]
INFO-[-68.78222222222409, -55.715555555555554]
INFO-[-68.49777777777965, -55.715555555555554]
INFO-[-68.2133333333352, -55.715555555555554]
INFO-[-67.92888888889075, -55.715555555555554]
INFO-[-67.64444444444631, -55.715555555555554]
INFO-[-67.07555555555741, -55.715555555555554]
INFO-[-66.50666666666852, -55.715555555555554]
INFO-[-34.933333333334986, -55.715555555555554]
INFO-[-34.36444444444609, -55.715555555555554]
INFO-[158.48888888888635, -55.715555555555554]
INFO-[-71.911111111113, -55.14666666666666]
INFO-[-71.34222222222411, -55.14666666666666]
INFO-[-70.77333333333522, -55.14666666666666]
INFO-[-70.20444444444632, -55.14666666666666]
INFO-[-69.63555555555743, -55.14666666666666]
INFO-[-69.35111111111298, -55.14666666666666]
INFO-[-69.06666666666854, -55.14666666666666]
INFO-[-68.78222222222409, -55.14666666666666]
INFO-[-68.49777777777965, -55.14666666666666]
INFO-[-68.2133333333352, -55.14666666666666]
INFO-[-67.92888888889075, -55.14666666666666]
INFO-[-67.64444444444631, -55.14666666666666]
INFO-[-67.07555555555741, -55.14666666666666]
INFO-[-66.50666666666852, -55.14666666666666]
INFO-[158.48888888888635, -55.14666666666666]
INFO-[-73.90222222222413, -54.862222222222215]
INFO-[-73.61777777777968, -54.862222222222215]
INFO-[-73.33333333333523, -54.862222222222215]
INFO-[-73.04888888889079, -54.862222222222215]
INFO-[-72.76444444444634, -54.862222222222215]
INFO-[-72.4800000000019, -54.862222222222215]
INFO-[-72.19555555555745, -54.862222222222215]
INFO-[-71.911111111113, -54.862222222222215]
INFO-[-71.34222222222411, -54.862222222222215]
INFO-[-70.77333333333522, -54.862222222222215]
INFO-[-70.20444444444632, -54.862222222222215]
INFO-[-69.63555555555743, -54.862222222222215]
INFO-[-69.35111111111298, -54.862222222222215]
INFO-[-69.06666666666854, -54.862222222222215]
INFO-[-68.78222222222409, -54.862222222222215]
INFO-[-68.49777777777965, -54.862222222222215]
INFO-[-68.2133333333352, -54.862222222222215]
INFO-[-67.92888888889075, -54.862222222222215]
INFO-[-67.64444444444631, -54.862222222222215]
INFO-[-67.07555555555741, -54.862222222222215]
INFO-[-66.50666666666852, -54.862222222222215]
INFO-[-65.93777777777963, -54.862222222222215]
INFO-[-65.36888888889074, -54.862222222222215]
INFO-[-64.80000000000184, -54.862222222222215]
INFO-[-64.5155555555574, -54.862222222222215]
INFO-[-64.23111111111295, -54.862222222222215]
INFO-[-63.946666666668506, -54.862222222222215]
INFO-[-63.66222222222406, -54.862222222222215]
INFO-[-63.37777777777961, -54.862222222222215]
INFO-[-38.63111111111279, -54.862222222222215]
INFO-[-38.062222222223895, -54.862222222222215]
INFO-[-37.493333333335, -54.862222222222215]
INFO-[-37.208888888890556, -54.862222222222215]
INFO-[-36.92444444444611, -54.862222222222215]
INFO-[-36.64000000000166, -54.862222222222215]
INFO-[-36.35555555555722, -54.862222222222215]
INFO-[-36.07111111111277, -54.862222222222215]
INFO-[-35.786666666668324, -54.862222222222215]
INFO-[-35.50222222222388, -54.862222222222215]
INFO-[3.1822222222204952, -54.862222222222215]
INFO-[158.48888888888635, -54.862222222222215]
INFO-[-73.90222222222413, -54.29333333333332]
INFO-[-73.61777777777968, -54.29333333333332]
INFO-[-73.33333333333523, -54.29333333333332]
INFO-[-73.04888888889079, -54.29333333333332]
INFO-[-72.76444444444634, -54.29333333333332]
INFO-[-72.4800000000019, -54.29333333333332]
INFO-[-72.19555555555745, -54.29333333333332]
INFO-[-71.911111111113, -54.29333333333332]
INFO-[-71.34222222222411, -54.29333333333332]
INFO-[-70.77333333333522, -54.29333333333332]
INFO-[-70.20444444444632, -54.29333333333332]
INFO-[-69.63555555555743, -54.29333333333332]
INFO-[-69.35111111111298, -54.29333333333332]
INFO-[-69.06666666666854, -54.29333333333332]
INFO-[-68.78222222222409, -54.29333333333332]
INFO-[-68.49777777777965, -54.29333333333332]
INFO-[-68.2133333333352, -54.29333333333332]
INFO-[-67.92888888889075, -54.29333333333332]
INFO-[-67.64444444444631, -54.29333333333332]
INFO-[-67.07555555555741, -54.29333333333332]
INFO-[-66.50666666666852, -54.29333333333332]
INFO-[-65.93777777777963, -54.29333333333332]
INFO-[-65.36888888889074, -54.29333333333332]
INFO-[-64.80000000000184, -54.29333333333332]
INFO-[-64.5155555555574, -54.29333333333332]
INFO-[-64.23111111111295, -54.29333333333332]
INFO-[-63.946666666668506, -54.29333333333332]
INFO-[-63.66222222222406, -54.29333333333332]
INFO-[-63.37777777777961, -54.29333333333332]
INFO-[-38.63111111111279, -54.29333333333332]
INFO-[-38.062222222223895, -54.29333333333332]
INFO-[-37.493333333335, -54.29333333333332]
INFO-[-37.208888888890556, -54.29333333333332]
INFO-[-36.92444444444611, -54.29333333333332]
INFO-[-36.64000000000166, -54.29333333333332]
INFO-[-36.35555555555722, -54.29333333333332]
INFO-[-36.07111111111277, -54.29333333333332]
INFO-[-35.786666666668324, -54.29333333333332]
INFO-[-35.50222222222388, -54.29333333333332]
INFO-[3.1822222222204952, -54.29333333333332]
INFO-[158.48888888888635, -54.29333333333332]
INFO-[-74.47111111111302, -53.72444444444443]
INFO-[-73.90222222222413, -53.72444444444443]
INFO-[-73.61777777777968, -53.72444444444443]
INFO-[-73.33333333333523, -53.72444444444443]
INFO-[-73.04888888889079, -53.72444444444443]
INFO-[-72.76444444444634, -53.72444444444443]
INFO-[-72.4800000000019, -53.72444444444443]
INFO-[-72.19555555555745, -53.72444444444443]
INFO-[-71.911111111113, -53.72444444444443]
INFO-[-71.34222222222411, -53.72444444444443]
INFO-[-70.77333333333522, -53.72444444444443]
INFO-[-70.20444444444632, -53.72444444444443]
INFO-[-69.63555555555743, -53.72444444444443]
INFO-[-69.35111111111298, -53.72444444444443]
INFO-[-69.06666666666854, -53.72444444444443]
INFO-[-68.78222222222409, -53.72444444444443]
INFO-[-68.49777777777965, -53.72444444444443]
INFO-[-68.2133333333352, -53.72444444444443]
INFO-[-67.92888888889075, -53.72444444444443]
INFO-[-67.64444444444631, -53.72444444444443]
INFO-[-38.63111111111279, -53.72444444444443]
INFO-[-38.062222222223895, -53.72444444444443]
INFO-[-37.493333333335, -53.72444444444443]
INFO-[72.30222222222065, -53.72444444444443]
INFO-[72.5866666666651, -53.72444444444443]
INFO-[72.87111111110954, -53.72444444444443]
INFO-[73.15555555555399, -53.72444444444443]
INFO-[73.43999999999843, -53.72444444444443]
INFO-[-74.47111111111302, -53.15555555555554]
INFO-[-73.90222222222413, -53.15555555555554]
INFO-[-73.61777777777968, -53.15555555555554]
INFO-[-73.33333333333523, -53.15555555555554]
INFO-[-73.04888888889079, -53.15555555555554]
INFO-[-72.76444444444634, -53.15555555555554]
INFO-[-72.4800000000019, -53.15555555555554]
INFO-[-72.19555555555745, -53.15555555555554]
INFO-[-71.911111111113, -53.15555555555554]
INFO-[-71.34222222222411, -53.15555555555554]
INFO-[-70.77333333333522, -53.15555555555554]
INFO-[-70.20444444444632, -53.15555555555554]
INFO-[-69.63555555555743, -53.15555555555554]
INFO-[-69.35111111111298, -53.15555555555554]
INFO-[-69.06666666666854, -53.15555555555554]
INFO-[-68.78222222222409, -53.15555555555554]
INFO-[-68.49777777777965, -53.15555555555554]
INFO-New Info Session
INFO-[73.15555555555399, -53.15555555555554]
INFO-[73.43999999999843, -53.15555555555554]
INFO-[-75.6088888888908, -52.586666666666645]
INFO-[-75.04000000000191, -52.586666666666645]
INFO-[-74.47111111111302, -52.586666666666645]
INFO-[-73.90222222222413, -52.586666666666645]
INFO-[-73.61777777777968, -52.586666666666645]
INFO-[-73.33333333333523, -52.586666666666645]
INFO-[-73.04888888889079, -52.586666666666645]
INFO-[-72.76444444444634, -52.586666666666645]
INFO-[-72.4800000000019, -52.586666666666645]
INFO-[-72.19555555555745, -52.586666666666645]
INFO-[-71.911111111113, -52.586666666666645]
INFO-[-71.34222222222411, -52.586666666666645]
INFO-[-70.77333333333522, -52.586666666666645]
INFO-[-70.20444444444632, -52.586666666666645]
INFO-[-69.63555555555743, -52.586666666666645]
INFO-[-69.35111111111298, -52.586666666666645]
INFO-[-69.06666666666854, -52.586666666666645]
INFO-[-68.78222222222409, -52.586666666666645]
INFO-[-68.49777777777965, -52.586666666666645]
INFO-[-61.671111111112936, -52.586666666666645]
INFO-[-61.10222222222404, -52.586666666666645]
INFO-[-60.53333333333515, -52.586666666666645]
INFO-[-60.248888888890704, -52.586666666666645]
INFO-[-59.96444444444626, -52.586666666666645]
INFO-[-59.68000000000181, -52.586666666666645]
INFO-[-59.395555555557365, -52.586666666666645]
INFO-[-59.11111111111292, -52.586666666666645]
INFO-[-58.82666666666847, -52.586666666666645]
INFO-[-58.54222222222403, -52.586666666666645]
INFO-[73.15555555555399, -52.586666666666645]
INFO-[73.43999999999843, -52.586666666666645]
INFO-[168.15999999999704, -52.586666666666645]
INFO-[168.44444444444147, -52.586666666666645]
INFO-[168.7288888888859, -52.586666666666645]
INFO-[169.01333333333034, -52.586666666666645]
INFO-[169.29777777777477, -52.586666666666645]
INFO-[169.5822222222192, -52.586666666666645]
INFO-[-75.6088888888908, -52.01777777777775]
INFO-[-75.04000000000191, -52.01777777777775]
INFO-[-74.47111111111302, -52.01777777777775]
INFO-[-73.90222222222413, -52.01777777777775]
INFO-[-73.61777777777968, -52.01777777777775]
INFO-[-73.33333333333523, -52.01777777777775]
INFO-[-73.04888888889079, -52.01777777777775]
INFO-[-72.76444444444634, -52.01777777777775]
INFO-[-72.4800000000019, -52.01777777777775]
INFO-[-72.19555555555745, -52.01777777777775]
INFO-[-71.911111111113, -52.01777777777775]
INFO-[-71.34222222222411, -52.01777777777775]
INFO-[-70.77333333333522, -52.01777777777775]
INFO-[-70.20444444444632, -52.01777777777775]
INFO-[-69.63555555555743, -52.01777777777775]
INFO-[-69.35111111111298, -52.01777777777775]
INFO-[-69.06666666666854, -52.01777777777775]
INFO-[-68.78222222222409, -52.01777777777775]
INFO-[-68.49777777777965, -52.01777777777775]
INFO-[-61.671111111112936, -52.01777777777775]
INFO-[-61.10222222222404, -52.01777777777775]
INFO-[-60.53333333333515, -52.01777777777775]
INFO-[-60.248888888890704, -52.01777777777775]
INFO-[-59.96444444444626, -52.01777777777775]
INFO-[-59.68000000000181, -52.01777777777775]
INFO-[-59.395555555557365, -52.01777777777775]
INFO-[-59.11111111111292, -52.01777777777775]
INFO-[-58.82666666666847, -52.01777777777775]
INFO-[-58.54222222222403, -52.01777777777775]
INFO-[-75.6088888888908, -51.44888888888886]
INFO-[-75.04000000000191, -51.44888888888886]
INFO-[-74.47111111111302, -51.44888888888886]
INFO-[-73.90222222222413, -51.44888888888886]
INFO-[-73.61777777777968, -51.44888888888886]
INFO-[-73.33333333333523, -51.44888888888886]
INFO-[-73.04888888889079, -51.44888888888886]
INFO-[-72.76444444444634, -51.44888888888886]
INFO-[-72.4800000000019, -51.44888888888886]
INFO-[-72.19555555555745, -51.44888888888886]
INFO-[-71.911111111113, -51.44888888888886]
INFO-[-71.34222222222411, -51.44888888888886]
INFO-[-70.77333333333522, -51.44888888888886]
INFO-[-70.20444444444632, -51.44888888888886]
INFO-[-69.63555555555743, -51.44888888888886]
INFO-[-69.35111111111298, -51.44888888888886]
INFO-[-69.06666666666854, -51.44888888888886]
INFO-[-68.78222222222409, -51.44888888888886]
INFO-[-68.49777777777965, -51.44888888888886]
INFO-[-61.671111111112936, -51.44888888888886]
INFO-[-61.10222222222404, -51.44888888888886]
INFO-[-60.53333333333515, -51.44888888888886]
INFO-[-60.248888888890704, -51.44888888888886]
INFO-[-59.96444444444626, -51.44888888888886]
INFO-[-59.68000000000181, -51.44888888888886]
INFO-[-59.395555555557365, -51.44888888888886]
INFO-[-59.11111111111292, -51.44888888888886]
INFO-[-58.82666666666847, -51.44888888888886]
INFO-[-58.54222222222403, -51.44888888888886]
INFO-[-57.973333333335134, -51.44888888888886]
INFO-[-57.40444444444624, -51.44888888888886]
INFO-[-75.6088888888908, -50.87999999999997]
INFO-[-75.04000000000191, -50.87999999999997]
INFO-[-74.47111111111302, -50.87999999999997]
INFO-[-73.90222222222413, -50.87999999999997]
INFO-[-73.61777777777968, -50.87999999999997]
INFO-[-73.33333333333523, -50.87999999999997]
INFO-[-73.04888888889079, -50.87999999999997]
INFO-[-72.76444444444634, -50.87999999999997]
INFO-[-72.4800000000019, -50.87999999999997]
INFO-[-72.19555555555745, -50.87999999999997]
INFO-[-71.911111111113, -50.87999999999997]
INFO-[-71.34222222222411, -50.87999999999997]
INFO-[-70.77333333333522, -50.87999999999997]
INFO-[-70.20444444444632, -50.87999999999997]
INFO-[-69.63555555555743, -50.87999999999997]
INFO-[-69.35111111111298, -50.87999999999997]
INFO-[-69.06666666666854, -50.87999999999997]
INFO-[-68.78222222222409, -50.87999999999997]
INFO-[-68.49777777777965, -50.87999999999997]
INFO-[-68.2133333333352, -50.87999999999997]
INFO-[-67.92888888889075, -50.87999999999997]
INFO-[-67.64444444444631, -50.87999999999997]
INFO-[-61.671111111112936, -50.87999999999997]
INFO-[68.03555555555396, -50.87999999999997]
INFO-[68.3199999999984, -50.87999999999997]
INFO-[68.60444444444285, -50.87999999999997]
INFO-[165.0311111111083, -50.87999999999997]
INFO-[165.31555555555272, -50.87999999999997]
INFO-[165.59999999999715, -50.87999999999997]
INFO-[165.88444444444158, -50.87999999999997]
INFO-[166.16888888888602, -50.87999999999997]
INFO-[166.45333333333045, -50.87999999999997]
INFO-[-75.6088888888908, -50.59555555555552]
INFO-[-75.04000000000191, -50.59555555555552]
INFO-[-74.47111111111302, -50.59555555555552]
INFO-[-73.90222222222413, -50.59555555555552]
INFO-[-73.61777777777968, -50.59555555555552]
INFO-[-73.33333333333523, -50.59555555555552]
INFO-[-73.04888888889079, -50.59555555555552]
INFO-[-72.76444444444634, -50.59555555555552]
INFO-[-72.4800000000019, -50.59555555555552]
INFO-[-72.19555555555745, -50.59555555555552]
INFO-[-71.911111111113, -50.59555555555552]
INFO-[-71.34222222222411, -50.59555555555552]
INFO-[-70.77333333333522, -50.59555555555552]
INFO-[-70.20444444444632, -50.59555555555552]
INFO-[-69.63555555555743, -50.59555555555552]
INFO-[-69.35111111111298, -50.59555555555552]
INFO-[-69.06666666666854, -50.59555555555552]
INFO-[-68.78222222222409, -50.59555555555552]
INFO-[-68.49777777777965, -50.59555555555552]
INFO-[-68.2133333333352, -50.59555555555552]
INFO-[-67.92888888889075, -50.59555555555552]
INFO-[-67.64444444444631, -50.59555555555552]
INFO-[-61.671111111112936, -50.59555555555552]
INFO-[68.03555555555396, -50.59555555555552]
INFO-[68.3199999999984, -50.59555555555552]
INFO-[68.60444444444285, -50.59555555555552]
INFO-[165.0311111111083, -50.59555555555552]
INFO-[165.31555555555272, -50.59555555555552]
INFO-[165.59999999999715, -50.59555555555552]
INFO-[165.88444444444158, -50.59555555555552]
INFO-[166.16888888888602, -50.59555555555552]
INFO-[166.45333333333045, -50.59555555555552]
INFO-New Info Session
INFO-[-75.6088888888908, -50.02666666666663]
INFO-[-75.04000000000191, -50.02666666666663]
INFO-[-74.47111111111302, -50.02666666666663]
INFO-[-73.90222222222413, -50.02666666666663]
INFO-[-73.61777777777968, -50.02666666666663]
INFO-[-73.33333333333523, -50.02666666666663]
INFO-[-73.04888888889079, -50.02666666666663]
INFO-[-72.76444444444634, -50.02666666666663]
INFO-[-72.4800000000019, -50.02666666666663]
INFO-[-72.19555555555745, -50.02666666666663]
INFO-[-71.911111111113, -50.02666666666663]
INFO-[-71.34222222222411, -50.02666666666663]
INFO-[-70.77333333333522, -50.02666666666663]
INFO-[-70.20444444444632, -50.02666666666663]
INFO-[-69.63555555555743, -50.02666666666663]
INFO-[-69.35111111111298, -50.02666666666663]
INFO-[-69.06666666666854, -50.02666666666663]
INFO-[-68.78222222222409, -50.02666666666663]
INFO-[-68.49777777777965, -50.02666666666663]
INFO-[-68.2133333333352, -50.02666666666663]
INFO-[-67.92888888889075, -50.02666666666663]
INFO-[-67.64444444444631, -50.02666666666663]
INFO-[68.03555555555396, -50.02666666666663]
INFO-[68.3199999999984, -50.02666666666663]
INFO-[68.60444444444285, -50.02666666666663]
INFO-[-75.6088888888908, -49.457777777777736]
INFO-[-75.04000000000191, -49.457777777777736]
INFO-[-74.47111111111302, -49.457777777777736]
INFO-[-73.90222222222413, -49.457777777777736]
INFO-[-73.61777777777968, -49.457777777777736]
INFO-[-73.33333333333523, -49.457777777777736]
INFO-[-73.04888888889079, -49.457777777777736]
INFO-[-72.76444444444634, -49.457777777777736]
INFO-[-72.4800000000019, -49.457777777777736]
INFO-[-72.19555555555745, -49.457777777777736]
INFO-[-71.911111111113, -49.457777777777736]
INFO-[-71.34222222222411, -49.457777777777736]
INFO-[-70.77333333333522, -49.457777777777736]
INFO-[-70.20444444444632, -49.457777777777736]
INFO-[-69.63555555555743, -49.457777777777736]
INFO-[-69.35111111111298, -49.457777777777736]
INFO-[-69.06666666666854, -49.457777777777736]
INFO-[-68.78222222222409, -49.457777777777736]
INFO-[-68.49777777777965, -49.457777777777736]
INFO-[-68.2133333333352, -49.457777777777736]
INFO-[-67.92888888889075, -49.457777777777736]
INFO-[-67.64444444444631, -49.457777777777736]
INFO-[68.03555555555396, -49.457777777777736]
INFO-[68.3199999999984, -49.457777777777736]
INFO-[68.60444444444285, -49.457777777777736]
INFO-[68.8888888888873, -49.457777777777736]
INFO-[69.45777777777619, -49.457777777777736]
INFO-[70.02666666666508, -49.457777777777736]
INFO-[70.59555555555397, -49.457777777777736]
INFO-[178.11555555555216, -49.457777777777736]
INFO-[178.3999999999966, -49.457777777777736]
INFO-[178.68444444444103, -49.457777777777736]
