New Start: 2023-12-08-00-29
[-9, 12]
[-8.431111111111111, 12]
[-7.862222222222222, 12]
[-7.293333333333333, 12]
[-6.724444444444444, 12]
[-6.155555555555555, 12]
[-5.8711111111111105, 12]
[-5.3022222222222215, 12]
[-4.7333333333333325, 12]
[-4.1644444444444435, 12]
[-3.5955555555555545, 12]
[-3.0266666666666655, 12]
[-2.4577777777777765, 12]
[-1.8888888888888875, 12]
[-1.035555555555554, 12]
[-0.46666666666666506, 12]
[0.10222222222222382, 12]
[0.6711111111111128, 12]
[1.2400000000000018, 12]
[1.8088888888888908, 12]
[2.3777777777777795, 12]
[2.9466666666666685, 12]
[3.231111111111113, 12]
[3.800000000000002, 12]
[4.368888888888891, 12]
[4.93777777777778, 12]
[5.506666666666669, 12]
[6.075555555555558, 12]
[6.644444444444447, 12]
[7.213333333333336, 12]
[8.066666666666668, 12]
[8.635555555555557, 12]
[9.204444444444446, 12]
[9.773333333333335, 12]
[10.342222222222224, 12]
[10.911111111111113, 12]
[11.480000000000002, 12]
[12.048888888888891, 12]
[12.333333333333336, 12]
[12.902222222222225, 12]
[13.471111111111114, 12]
[14.040000000000003, 12]
[14.608888888888892, 12]
[15.17777777777778, 12]
[15.74666666666667, 12]
[16.315555555555555, 12]
[17.168888888888883, 12]
[17.73777777777777, 12]
[18.306666666666654, 12]
[18.87555555555554, 12]
[19.444444444444425, 12]
[20.01333333333331, 12]
[20.582222222222196, 12]
[21.15111111111108, 12]
[21.435555555555524, 12]
[22.00444444444441, 12]
[22.573333333333295, 12]
[23.14222222222218, 12]
[23.711111111111066, 12]
[24.27999999999995, 12]
[24.848888888888837, 12]
[25.417777777777722, 12]
[25.986666666666608, 12]
[26.27111111111105, 12]
[26.839999999999936, 12]
[27.40888888888882, 12]
[27.977777777777707, 12]
[28.546666666666592, 12]
[29.115555555555478, 12]
[29.684444444444363, 12]
[30.25333333333325, 12]
[31.106666666666577, 12]
[31.675555555555462, 12]
[32.24444444444435, 12]
[32.81333333333324, 12]
[33.38222222222213, 12]
[33.951111111111025, 12]
[34.51999999999992, 12]
[35.08888888888881, 12]
[35.37333333333326, 12]
[35.94222222222215, 12]
[36.51111111111104, 12]
[37.079999999999934, 12]
[37.64888888888883, 12]
[38.21777777777772, 12]
[38.78666666666661, 12]
[39.355555555555505, 12]
[40.20888888888884, 12]
[40.777777777777736, 12]
[41.34666666666663, 12]
[41.91555555555552, 12]
[42.484444444444414, 12]
[43.053333333333306, 12]
[43.6222222222222, 12]
[44.19111111111109, 12]
[44.47555555555554, 12]
[45.04444444444443, 12]
[45.61333333333332, 12]
[52.15555555555559, 12]
[52.72444444444448, 12]
[53.29333333333337, 12]
[53.57777777777782, 12]
[54.14666666666671, 12]
[-9, 12.284444444444444]
[-8.431111111111111, 12.284444444444444]
[-7.862222222222222, 12.284444444444444]
[-7.293333333333333, 12.284444444444444]
[-6.724444444444444, 12.284444444444444]
[-6.155555555555555, 12.284444444444444]
[-5.8711111111111105, 12.284444444444444]
[-5.3022222222222215, 12.284444444444444]
[-4.7333333333333325, 12.284444444444444]
[-4.1644444444444435, 12.284444444444444]
[-3.5955555555555545, 12.284444444444444]
[-3.0266666666666655, 12.284444444444444]
[-2.4577777777777765, 12.284444444444444]
[-1.8888888888888875, 12.284444444444444]
[-1.604444444444443, 12.284444444444444]
[-1.035555555555554, 12.284444444444444]
[-0.46666666666666506, 12.284444444444444]
[0.10222222222222382, 12.284444444444444]
[0.6711111111111128, 12.284444444444444]
[1.2400000000000018, 12.284444444444444]
[1.8088888888888908, 12.284444444444444]
[2.3777777777777795, 12.284444444444444]
[2.9466666666666685, 12.284444444444444]
[3.231111111111113, 12.284444444444444]
[3.800000000000002, 12.284444444444444]
[4.368888888888891, 12.284444444444444]
[4.93777777777778, 12.284444444444444]
[5.506666666666669, 12.284444444444444]
[6.075555555555558, 12.284444444444444]
[6.644444444444447, 12.284444444444444]
[7.213333333333336, 12.284444444444444]
[7.49777777777778, 12.284444444444444]
[8.066666666666668, 12.284444444444444]
[8.635555555555557, 12.284444444444444]
[9.204444444444446, 12.284444444444444]
[9.773333333333335, 12.284444444444444]
[10.342222222222224, 12.284444444444444]
[10.911111111111113, 12.284444444444444]
[11.480000000000002, 12.284444444444444]
[12.048888888888891, 12.284444444444444]
[12.333333333333336, 12.284444444444444]
[12.902222222222225, 12.284444444444444]
[13.471111111111114, 12.284444444444444]
[14.040000000000003, 12.284444444444444]
[14.608888888888892, 12.284444444444444]
[15.17777777777778, 12.284444444444444]
[15.74666666666667, 12.284444444444444]
[16.315555555555555, 12.284444444444444]
[16.599999999999998, 12.284444444444444]
[17.168888888888883, 12.284444444444444]
[17.73777777777777, 12.284444444444444]
[18.306666666666654, 12.284444444444444]
[18.87555555555554, 12.284444444444444]
[19.444444444444425, 12.284444444444444]
[20.01333333333331, 12.284444444444444]
[20.582222222222196, 12.284444444444444]
[21.15111111111108, 12.284444444444444]
[21.435555555555524, 12.284444444444444]
[22.00444444444441, 12.284444444444444]
[22.573333333333295, 12.284444444444444]
[23.14222222222218, 12.284444444444444]
[24.27999999999995, 12.284444444444444]
[24.848888888888837, 12.284444444444444]
[25.417777777777722, 12.284444444444444]
[25.986666666666608, 12.284444444444444]
[26.27111111111105, 12.284444444444444]
[27.40888888888882, 12.284444444444444]
[27.977777777777707, 12.284444444444444]
[28.546666666666592, 12.284444444444444]
[29.115555555555478, 12.284444444444444]
[29.684444444444363, 12.284444444444444]
[30.25333333333325, 12.284444444444444]
[30.53777777777769, 12.284444444444444]
[31.106666666666577, 12.284444444444444]
[31.675555555555462, 12.284444444444444]
[32.24444444444435, 12.284444444444444]
[32.81333333333324, 12.284444444444444]
[33.38222222222213, 12.284444444444444]
[33.951111111111025, 12.284444444444444]
[34.51999999999992, 12.284444444444444]
[35.08888888888881, 12.284444444444444]
[35.37333333333326, 12.284444444444444]
[35.94222222222215, 12.284444444444444]
[36.51111111111104, 12.284444444444444]
[37.079999999999934, 12.284444444444444]
[37.64888888888883, 12.284444444444444]
[38.21777777777772, 12.284444444444444]
[38.78666666666661, 12.284444444444444]
[39.355555555555505, 12.284444444444444]
[39.63999999999995, 12.284444444444444]
[40.20888888888884, 12.284444444444444]
[40.777777777777736, 12.284444444444444]
[41.34666666666663, 12.284444444444444]
[41.91555555555552, 12.284444444444444]
[42.484444444444414, 12.284444444444444]
[43.053333333333306, 12.284444444444444]
[43.6222222222222, 12.284444444444444]
[44.19111111111109, 12.284444444444444]
[44.47555555555554, 12.284444444444444]
[45.04444444444443, 12.284444444444444]
[45.61333333333332, 12.284444444444444]
[52.15555555555559, 12.284444444444444]
[52.72444444444448, 12.284444444444444]
[53.008888888888926, 12.284444444444444]
[53.29333333333337, 12.284444444444444]
[53.57777777777782, 12.284444444444444]
[54.14666666666671, 12.284444444444444]
[-9, 12.853333333333333]
[-8.431111111111111, 12.853333333333333]
[-7.862222222222222, 12.853333333333333]
[-7.293333333333333, 12.853333333333333]
[-6.724444444444444, 12.853333333333333]
[-6.155555555555555, 12.853333333333333]
[-5.8711111111111105, 12.853333333333333]
[-5.3022222222222215, 12.853333333333333]
[-4.7333333333333325, 12.853333333333333]
[-4.1644444444444435, 12.853333333333333]
[-3.5955555555555545, 12.853333333333333]
[-3.0266666666666655, 12.853333333333333]
[-2.4577777777777765, 12.853333333333333]
[-1.8888888888888875, 12.853333333333333]
[-1.604444444444443, 12.853333333333333]
[-1.035555555555554, 12.853333333333333]
[-0.46666666666666506, 12.853333333333333]
[0.10222222222222382, 12.853333333333333]
[0.6711111111111128, 12.853333333333333]
[1.2400000000000018, 12.853333333333333]
[1.8088888888888908, 12.853333333333333]
[2.3777777777777795, 12.853333333333333]
[2.9466666666666685, 12.853333333333333]
[3.231111111111113, 12.853333333333333]
[3.800000000000002, 12.853333333333333]
[4.368888888888891, 12.853333333333333]
[4.93777777777778, 12.853333333333333]
[5.506666666666669, 12.853333333333333]
[6.075555555555558, 12.853333333333333]
[6.644444444444447, 12.853333333333333]
[7.213333333333336, 12.853333333333333]
[7.49777777777778, 12.853333333333333]
[8.066666666666668, 12.853333333333333]
[8.635555555555557, 12.853333333333333]
[9.204444444444446, 12.853333333333333]
[9.773333333333335, 12.853333333333333]
[10.342222222222224, 12.853333333333333]
[10.911111111111113, 12.853333333333333]
[11.480000000000002, 12.853333333333333]
[12.048888888888891, 12.853333333333333]
[12.333333333333336, 12.853333333333333]
[12.902222222222225, 12.853333333333333]
[13.471111111111114, 12.853333333333333]
[14.040000000000003, 12.853333333333333]
[14.608888888888892, 12.853333333333333]
[15.17777777777778, 12.853333333333333]
[15.74666666666667, 12.853333333333333]
[16.315555555555555, 12.853333333333333]
[16.599999999999998, 12.853333333333333]
[17.168888888888883, 12.853333333333333]
[17.73777777777777, 12.853333333333333]
[18.306666666666654, 12.853333333333333]
[18.87555555555554, 12.853333333333333]
[19.444444444444425, 12.853333333333333]
[20.01333333333331, 12.853333333333333]
[20.582222222222196, 12.853333333333333]
[21.15111111111108, 12.853333333333333]
[21.435555555555524, 12.853333333333333]
[22.00444444444441, 12.853333333333333]
[22.573333333333295, 12.853333333333333]
[23.14222222222218, 12.853333333333333]
[23.711111111111066, 12.853333333333333]
[24.27999999999995, 12.853333333333333]
[24.848888888888837, 12.853333333333333]
[25.417777777777722, 12.853333333333333]
[25.986666666666608, 12.853333333333333]
[26.27111111111105, 12.853333333333333]
[26.839999999999936, 12.853333333333333]
[27.40888888888882, 12.853333333333333]
[27.977777777777707, 12.853333333333333]
[28.546666666666592, 12.853333333333333]
[29.115555555555478, 12.853333333333333]
[29.684444444444363, 12.853333333333333]
[30.25333333333325, 12.853333333333333]
[30.53777777777769, 12.853333333333333]
[31.106666666666577, 12.853333333333333]
[31.675555555555462, 12.853333333333333]
[32.24444444444435, 12.853333333333333]
[32.81333333333324, 12.853333333333333]
[33.38222222222213, 12.853333333333333]
[33.951111111111025, 12.853333333333333]
[34.51999999999992, 12.853333333333333]
[35.08888888888881, 12.853333333333333]
[35.37333333333326, 12.853333333333333]
[35.94222222222215, 12.853333333333333]
[36.51111111111104, 12.853333333333333]
[37.079999999999934, 12.853333333333333]
[37.64888888888883, 12.853333333333333]
[38.21777777777772, 12.853333333333333]
[38.78666666666661, 12.853333333333333]
[39.355555555555505, 12.853333333333333]
[39.63999999999995, 12.853333333333333]
[40.20888888888884, 12.853333333333333]
[40.777777777777736, 12.853333333333333]
[41.34666666666663, 12.853333333333333]
[41.91555555555552, 12.853333333333333]
[42.484444444444414, 12.853333333333333]
[43.053333333333306, 12.853333333333333]
[43.6222222222222, 12.853333333333333]
[44.19111111111109, 12.853333333333333]
[44.47555555555554, 12.853333333333333]
[45.04444444444443, 12.853333333333333]
[45.61333333333332, 12.853333333333333]
[-9, 13.422222222222222]
[-8.431111111111111, 13.422222222222222]
[-7.862222222222222, 13.422222222222222]
[-7.293333333333333, 13.422222222222222]
[-6.724444444444444, 13.422222222222222]
[-6.155555555555555, 13.422222222222222]
[-5.8711111111111105, 13.422222222222222]
[-5.3022222222222215, 13.422222222222222]
[-4.7333333333333325, 13.422222222222222]
[-4.1644444444444435, 13.422222222222222]
[-3.5955555555555545, 13.422222222222222]
[-3.0266666666666655, 13.422222222222222]
[-2.4577777777777765, 13.422222222222222]
[-1.8888888888888875, 13.422222222222222]
[-1.604444444444443, 13.422222222222222]
[-1.035555555555554, 13.422222222222222]
[-0.46666666666666506, 13.422222222222222]
[0.10222222222222382, 13.422222222222222]
[0.6711111111111128, 13.422222222222222]
[1.2400000000000018, 13.422222222222222]
[1.8088888888888908, 13.422222222222222]
[2.3777777777777795, 13.422222222222222]
[2.9466666666666685, 13.422222222222222]
[3.231111111111113, 13.422222222222222]
[3.800000000000002, 13.422222222222222]
[4.368888888888891, 13.422222222222222]
[4.93777777777778, 13.422222222222222]
[5.506666666666669, 13.422222222222222]
[6.075555555555558, 13.422222222222222]
[6.644444444444447, 13.422222222222222]
[7.213333333333336, 13.422222222222222]
[7.49777777777778, 13.422222222222222]
[8.066666666666668, 13.422222222222222]
[8.635555555555557, 13.422222222222222]
[9.204444444444446, 13.422222222222222]
[9.773333333333335, 13.422222222222222]
[10.342222222222224, 13.422222222222222]
[10.911111111111113, 13.422222222222222]
[12.048888888888891, 13.422222222222222]
[12.333333333333336, 13.422222222222222]
[12.902222222222225, 13.422222222222222]
[13.471111111111114, 13.422222222222222]
[14.040000000000003, 13.422222222222222]
[14.608888888888892, 13.422222222222222]
[15.17777777777778, 13.422222222222222]
[15.74666666666667, 13.422222222222222]
[16.315555555555555, 13.422222222222222]
[16.599999999999998, 13.422222222222222]
[17.168888888888883, 13.422222222222222]
[18.306666666666654, 13.422222222222222]
[18.87555555555554, 13.422222222222222]
[19.444444444444425, 13.422222222222222]
[20.01333333333331, 13.422222222222222]
[20.582222222222196, 13.422222222222222]
[21.15111111111108, 13.422222222222222]
[21.435555555555524, 13.422222222222222]
[22.00444444444441, 13.422222222222222]
[22.573333333333295, 13.422222222222222]
[23.14222222222218, 13.422222222222222]
[23.711111111111066, 13.422222222222222]
[24.27999999999995, 13.422222222222222]
[24.848888888888837, 13.422222222222222]
[25.986666666666608, 13.422222222222222]
[26.27111111111105, 13.422222222222222]
[27.40888888888882, 13.422222222222222]
[27.977777777777707, 13.422222222222222]
[29.115555555555478, 13.422222222222222]
[29.684444444444363, 13.422222222222222]
[30.25333333333325, 13.422222222222222]
[30.53777777777769, 13.422222222222222]
[31.106666666666577, 13.422222222222222]
[32.24444444444435, 13.422222222222222]
[32.81333333333324, 13.422222222222222]
[33.38222222222213, 13.422222222222222]
[33.951111111111025, 13.422222222222222]
[34.51999999999992, 13.422222222222222]
[35.08888888888881, 13.422222222222222]
[35.37333333333326, 13.422222222222222]
[35.94222222222215, 13.422222222222222]
[36.51111111111104, 13.422222222222222]
[37.079999999999934, 13.422222222222222]
[37.64888888888883, 13.422222222222222]
[38.21777777777772, 13.422222222222222]
[38.78666666666661, 13.422222222222222]
[39.355555555555505, 13.422222222222222]
[39.63999999999995, 13.422222222222222]
[40.20888888888884, 13.422222222222222]
[40.777777777777736, 13.422222222222222]
[41.34666666666663, 13.422222222222222]
[41.91555555555552, 13.422222222222222]
[42.484444444444414, 13.422222222222222]
[43.053333333333306, 13.422222222222222]
[43.6222222222222, 13.422222222222222]
[44.19111111111109, 13.422222222222222]
[44.47555555555554, 13.422222222222222]
[45.04444444444443, 13.422222222222222]
[45.61333333333332, 13.422222222222222]
[46.182222222222215, 13.422222222222222]
[46.75111111111111, 13.422222222222222]
[47.32, 13.422222222222222]
[47.88888888888889, 13.422222222222222]
[48.457777777777785, 13.422222222222222]
[-9, 13.991111111111111]
[-8.431111111111111, 13.991111111111111]
[-7.862222222222222, 13.991111111111111]
[-7.293333333333333, 13.991111111111111]
[-6.724444444444444, 13.991111111111111]
[-6.155555555555555, 13.991111111111111]
[-5.8711111111111105, 13.991111111111111]
[-5.3022222222222215, 13.991111111111111]
[-4.7333333333333325, 13.991111111111111]
[-4.1644444444444435, 13.991111111111111]
[-3.5955555555555545, 13.991111111111111]
[-3.0266666666666655, 13.991111111111111]
[-2.4577777777777765, 13.991111111111111]
[-1.8888888888888875, 13.991111111111111]
[-1.604444444444443, 13.991111111111111]
[-1.035555555555554, 13.991111111111111]
[-0.46666666666666506, 13.991111111111111]
[0.10222222222222382, 13.991111111111111]
[0.6711111111111128, 13.991111111111111]
[1.2400000000000018, 13.991111111111111]
[1.8088888888888908, 13.991111111111111]
[2.3777777777777795, 13.991111111111111]
[2.9466666666666685, 13.991111111111111]
[3.231111111111113, 13.991111111111111]
[3.800000000000002, 13.991111111111111]
[4.368888888888891, 13.991111111111111]
[4.93777777777778, 13.991111111111111]
[5.506666666666669, 13.991111111111111]
[6.075555555555558, 13.991111111111111]
[6.644444444444447, 13.991111111111111]
[7.213333333333336, 13.991111111111111]
[7.49777777777778, 13.991111111111111]
[8.066666666666668, 13.991111111111111]
[8.635555555555557, 13.991111111111111]
[9.204444444444446, 13.991111111111111]
[9.773333333333335, 13.991111111111111]
[10.342222222222224, 13.991111111111111]
[10.911111111111113, 13.991111111111111]
[11.480000000000002, 13.991111111111111]
[12.048888888888891, 13.991111111111111]
[12.333333333333336, 13.991111111111111]
[12.902222222222225, 13.991111111111111]
[13.471111111111114, 13.991111111111111]
[14.040000000000003, 13.991111111111111]
[14.608888888888892, 13.991111111111111]
[15.17777777777778, 13.991111111111111]
[15.74666666666667, 13.991111111111111]
[16.315555555555555, 13.991111111111111]
[16.599999999999998, 13.991111111111111]
[17.168888888888883, 13.991111111111111]
[17.73777777777777, 13.991111111111111]
[18.306666666666654, 13.991111111111111]
[18.87555555555554, 13.991111111111111]
[19.444444444444425, 13.991111111111111]
[20.01333333333331, 13.991111111111111]
[20.582222222222196, 13.991111111111111]
[21.15111111111108, 13.991111111111111]
[21.435555555555524, 13.991111111111111]
[22.00444444444441, 13.991111111111111]
[22.573333333333295, 13.991111111111111]
[23.14222222222218, 13.991111111111111]
[23.711111111111066, 13.991111111111111]
[24.27999999999995, 13.991111111111111]
[24.848888888888837, 13.991111111111111]
[25.417777777777722, 13.991111111111111]
[25.986666666666608, 13.991111111111111]
[26.27111111111105, 13.991111111111111]
[26.839999999999936, 13.991111111111111]
[27.40888888888882, 13.991111111111111]
[27.977777777777707, 13.991111111111111]
[28.546666666666592, 13.991111111111111]
[29.115555555555478, 13.991111111111111]
[29.684444444444363, 13.991111111111111]
[30.25333333333325, 13.991111111111111]
[30.53777777777769, 13.991111111111111]
[31.106666666666577, 13.991111111111111]
[31.675555555555462, 13.991111111111111]
[32.24444444444435, 13.991111111111111]
[32.81333333333324, 13.991111111111111]
[33.38222222222213, 13.991111111111111]
[33.951111111111025, 13.991111111111111]
[34.51999999999992, 13.991111111111111]
[35.08888888888881, 13.991111111111111]
[35.37333333333326, 13.991111111111111]
[35.94222222222215, 13.991111111111111]
[36.51111111111104, 13.991111111111111]
[37.079999999999934, 13.991111111111111]
[37.64888888888883, 13.991111111111111]
[38.21777777777772, 13.991111111111111]
[38.78666666666661, 13.991111111111111]
[39.355555555555505, 13.991111111111111]
[39.63999999999995, 13.991111111111111]
[40.20888888888884, 13.991111111111111]
[40.777777777777736, 13.991111111111111]
[41.34666666666663, 13.991111111111111]
[41.91555555555552, 13.991111111111111]
[42.484444444444414, 13.991111111111111]
[43.053333333333306, 13.991111111111111]
[43.6222222222222, 13.991111111111111]
[44.19111111111109, 13.991111111111111]
[44.47555555555554, 13.991111111111111]
[45.04444444444443, 13.991111111111111]
[45.61333333333332, 13.991111111111111]
[46.182222222222215, 13.991111111111111]
[46.75111111111111, 13.991111111111111]
[47.32, 13.991111111111111]
[47.88888888888889, 13.991111111111111]
[48.457777777777785, 13.991111111111111]
[-9, 14.56]
[-8.431111111111111, 14.56]
[-7.862222222222222, 14.56]
[-7.293333333333333, 14.56]
[-6.724444444444444, 14.56]
[-6.155555555555555, 14.56]
[-5.8711111111111105, 14.56]
[-5.3022222222222215, 14.56]
[-4.7333333333333325, 14.56]
[-4.1644444444444435, 14.56]
[-3.5955555555555545, 14.56]
[-3.0266666666666655, 14.56]
[-2.4577777777777765, 14.56]
[-1.8888888888888875, 14.56]
[-1.604444444444443, 14.56]
[-1.035555555555554, 14.56]
[-0.46666666666666506, 14.56]
[0.10222222222222382, 14.56]
[0.6711111111111128, 14.56]
[1.2400000000000018, 14.56]
[1.8088888888888908, 14.56]
[2.3777777777777795, 14.56]
[2.9466666666666685, 14.56]
[3.231111111111113, 14.56]
[3.800000000000002, 14.56]
[4.368888888888891, 14.56]
[4.93777777777778, 14.56]
[5.506666666666669, 14.56]
[6.075555555555558, 14.56]
[6.644444444444447, 14.56]
[7.213333333333336, 14.56]
[7.49777777777778, 14.56]
[8.066666666666668, 14.56]
[8.635555555555557, 14.56]
[9.204444444444446, 14.56]
[9.773333333333335, 14.56]
[10.342222222222224, 14.56]
[10.911111111111113, 14.56]
[11.480000000000002, 14.56]
[12.048888888888891, 14.56]
[12.333333333333336, 14.56]
[12.902222222222225, 14.56]
[13.471111111111114, 14.56]
[14.040000000000003, 14.56]
[14.608888888888892, 14.56]
[15.17777777777778, 14.56]
[15.74666666666667, 14.56]
[16.315555555555555, 14.56]
[16.599999999999998, 14.56]
[17.168888888888883, 14.56]
[17.73777777777777, 14.56]
[18.306666666666654, 14.56]
[18.87555555555554, 14.56]
[19.444444444444425, 14.56]
[20.01333333333331, 14.56]
[20.582222222222196, 14.56]
[21.15111111111108, 14.56]
[21.435555555555524, 14.56]
[22.00444444444441, 14.56]
[22.573333333333295, 14.56]
[23.14222222222218, 14.56]
[23.711111111111066, 14.56]
[24.27999999999995, 14.56]
[24.848888888888837, 14.56]
[25.417777777777722, 14.56]
[25.986666666666608, 14.56]
[26.27111111111105, 14.56]
[26.839999999999936, 14.56]
[27.40888888888882, 14.56]
[27.977777777777707, 14.56]
[28.546666666666592, 14.56]
[29.115555555555478, 14.56]
[29.684444444444363, 14.56]
[30.25333333333325, 14.56]
[30.53777777777769, 14.56]
[31.106666666666577, 14.56]
[31.675555555555462, 14.56]
[32.24444444444435, 14.56]
[32.81333333333324, 14.56]
[33.38222222222213, 14.56]
[33.951111111111025, 14.56]
[34.51999999999992, 14.56]
[35.08888888888881, 14.56]
[35.37333333333326, 14.56]
[35.94222222222215, 14.56]
[36.51111111111104, 14.56]
[37.079999999999934, 14.56]
[37.64888888888883, 14.56]
[38.21777777777772, 14.56]
[38.78666666666661, 14.56]
[39.355555555555505, 14.56]
[39.63999999999995, 14.56]
[40.20888888888884, 14.56]
[40.777777777777736, 14.56]
[41.34666666666663, 14.56]
[41.91555555555552, 14.56]
[42.484444444444414, 14.56]
[43.053333333333306, 14.56]
[43.6222222222222, 14.56]
[44.19111111111109, 14.56]
[44.47555555555554, 14.56]
[45.04444444444443, 14.56]
[45.61333333333332, 14.56]
[46.182222222222215, 14.56]
[46.75111111111111, 14.56]
[47.32, 14.56]
[47.88888888888889, 14.56]
[48.457777777777785, 14.56]
[48.74222222222223, 14.56]
[49.311111111111124, 14.56]
[49.88000000000002, 14.56]
[50.44888888888891, 14.56]
New Start: 2023-12-10-12-22
New Start: 2023-12-10-13-06
New Start: 2023-12-10-13-06
New Start: 2023-12-10-13-08
New Start: 2023-12-10-13-09
New Start: 2023-12-10-13-22
New Start: 2023-12-10-13-42
New Start: 2023-12-10-13-52
New Start: 2023-12-10-13-56
New Start: 2023-12-10-14-13
New Start: 2023-12-10-14-13
New Start: 2023-12-10-14-14
New Start: 2023-12-10-14-53
[-9, 15.12888888888889]
[-8.431111111111111, 15.12888888888889]
[-7.862222222222222, 15.12888888888889]
[-7.293333333333333, 15.12888888888889]
[-6.724444444444444, 15.12888888888889]
[-6.155555555555555, 15.12888888888889]
[-5.8711111111111105, 15.12888888888889]
[-5.3022222222222215, 15.12888888888889]
[-4.7333333333333325, 15.12888888888889]
[-4.1644444444444435, 15.12888888888889]
[-3.5955555555555545, 15.12888888888889]
[-3.0266666666666655, 15.12888888888889]
[-2.4577777777777765, 15.12888888888889]
[-1.604444444444443, 15.12888888888889]
[-1.035555555555554, 15.12888888888889]
[0.10222222222222382, 15.12888888888889]
[0.6711111111111128, 15.12888888888889]
[1.8088888888888908, 15.12888888888889]
[2.3777777777777795, 15.12888888888889]
[2.9466666666666685, 15.12888888888889]
[3.231111111111113, 15.12888888888889]
[3.800000000000002, 15.12888888888889]
[4.93777777777778, 15.12888888888889]
[5.506666666666669, 15.12888888888889]
[6.075555555555558, 15.12888888888889]
[6.644444444444447, 15.12888888888889]
[8.066666666666668, 15.12888888888889]
[8.635555555555557, 15.12888888888889]
[9.204444444444446, 15.12888888888889]
[9.773333333333335, 15.12888888888889]
[10.911111111111113, 15.12888888888889]
[11.480000000000002, 15.12888888888889]
[12.333333333333336, 15.12888888888889]
[12.902222222222225, 15.12888888888889]
[14.040000000000003, 15.12888888888889]
[14.608888888888892, 15.12888888888889]
[15.74666666666667, 15.12888888888889]
[16.315555555555555, 15.12888888888889]
[17.168888888888883, 15.12888888888889]
[17.73777777777777, 15.12888888888889]
[18.87555555555554, 15.12888888888889]
[19.444444444444425, 15.12888888888889]
[20.01333333333331, 15.12888888888889]
[20.582222222222196, 15.12888888888889]
[22.00444444444441, 15.12888888888889]
[23.14222222222218, 15.12888888888889]
[23.711111111111066, 15.12888888888889]
[24.848888888888837, 15.12888888888889]
[25.417777777777722, 15.12888888888889]
[26.27111111111105, 15.12888888888889]
[26.839999999999936, 15.12888888888889]
[27.977777777777707, 15.12888888888889]
[28.546666666666592, 15.12888888888889]
[29.684444444444363, 15.12888888888889]
[30.25333333333325, 15.12888888888889]
[31.106666666666577, 15.12888888888889]
[31.675555555555462, 15.12888888888889]
[32.81333333333324, 15.12888888888889]
[33.38222222222213, 15.12888888888889]
[33.951111111111025, 15.12888888888889]
[34.51999999999992, 15.12888888888889]
[35.94222222222215, 15.12888888888889]
[36.51111111111104, 15.12888888888889]
[37.079999999999934, 15.12888888888889]
[37.64888888888883, 15.12888888888889]
[38.21777777777772, 15.12888888888889]
[38.78666666666661, 15.12888888888889]
[39.355555555555505, 15.12888888888889]
[39.63999999999995, 15.12888888888889]
[40.20888888888884, 15.12888888888889]
[40.777777777777736, 15.12888888888889]
[41.34666666666663, 15.12888888888889]
[41.91555555555552, 15.12888888888889]
[42.484444444444414, 15.12888888888889]
[43.053333333333306, 15.12888888888889]
[43.6222222222222, 15.12888888888889]
[44.19111111111109, 15.12888888888889]
[45.04444444444443, 15.12888888888889]
[45.61333333333332, 15.12888888888889]
[46.182222222222215, 15.12888888888889]
[46.75111111111111, 15.12888888888889]
[47.32, 15.12888888888889]
[47.88888888888889, 15.12888888888889]
[48.457777777777785, 15.12888888888889]
[48.74222222222223, 15.12888888888889]
[49.311111111111124, 15.12888888888889]
[49.88000000000002, 15.12888888888889]
[50.44888888888891, 15.12888888888889]
[51.0177777777778, 15.12888888888889]
[51.586666666666694, 15.12888888888889]
[-9, 15.697777777777778]
[-8.431111111111111, 15.697777777777778]
[-7.862222222222222, 15.697777777777778]
[-7.293333333333333, 15.697777777777778]
[-6.724444444444444, 15.697777777777778]
[-6.155555555555555, 15.697777777777778]
[-5.8711111111111105, 15.697777777777778]
[-5.3022222222222215, 15.697777777777778]
[-4.7333333333333325, 15.697777777777778]
[-4.1644444444444435, 15.697777777777778]
[-3.5955555555555545, 15.697777777777778]
[-3.0266666666666655, 15.697777777777778]
[-2.4577777777777765, 15.697777777777778]
[-1.8888888888888875, 15.697777777777778]
[-1.604444444444443, 15.697777777777778]
[-1.035555555555554, 15.697777777777778]
[-0.46666666666666506, 15.697777777777778]
[0.10222222222222382, 15.697777777777778]
[0.6711111111111128, 15.697777777777778]
[1.2400000000000018, 15.697777777777778]
[1.8088888888888908, 15.697777777777778]
[2.3777777777777795, 15.697777777777778]
[2.9466666666666685, 15.697777777777778]
[3.231111111111113, 15.697777777777778]
[3.800000000000002, 15.697777777777778]
[4.368888888888891, 15.697777777777778]
[4.93777777777778, 15.697777777777778]
[5.506666666666669, 15.697777777777778]
[6.075555555555558, 15.697777777777778]
[6.644444444444447, 15.697777777777778]
[7.213333333333336, 15.697777777777778]
[7.49777777777778, 15.697777777777778]
[8.066666666666668, 15.697777777777778]
[8.635555555555557, 15.697777777777778]
[9.204444444444446, 15.697777777777778]
[9.773333333333335, 15.697777777777778]
[10.342222222222224, 15.697777777777778]
[10.911111111111113, 15.697777777777778]
[11.480000000000002, 15.697777777777778]
[12.048888888888891, 15.697777777777778]
[12.333333333333336, 15.697777777777778]
[12.902222222222225, 15.697777777777778]
[13.471111111111114, 15.697777777777778]
[14.040000000000003, 15.697777777777778]
[14.608888888888892, 15.697777777777778]
[15.17777777777778, 15.697777777777778]
[15.74666666666667, 15.697777777777778]
[16.315555555555555, 15.697777777777778]
[16.599999999999998, 15.697777777777778]
[17.168888888888883, 15.697777777777778]
[17.73777777777777, 15.697777777777778]
[18.306666666666654, 15.697777777777778]
[18.87555555555554, 15.697777777777778]
[19.444444444444425, 15.697777777777778]
[20.01333333333331, 15.697777777777778]
[20.582222222222196, 15.697777777777778]
[21.15111111111108, 15.697777777777778]
[21.435555555555524, 15.697777777777778]
[22.00444444444441, 15.697777777777778]
[22.573333333333295, 15.697777777777778]
[23.14222222222218, 15.697777777777778]
[23.711111111111066, 15.697777777777778]
[24.27999999999995, 15.697777777777778]
[24.848888888888837, 15.697777777777778]
[25.417777777777722, 15.697777777777778]
[25.986666666666608, 15.697777777777778]
[26.27111111111105, 15.697777777777778]
[26.839999999999936, 15.697777777777778]
[27.40888888888882, 15.697777777777778]
[27.977777777777707, 15.697777777777778]
[28.546666666666592, 15.697777777777778]
[29.115555555555478, 15.697777777777778]
[29.684444444444363, 15.697777777777778]
[30.25333333333325, 15.697777777777778]
[30.53777777777769, 15.697777777777778]
[31.106666666666577, 15.697777777777778]
[31.675555555555462, 15.697777777777778]
[32.24444444444435, 15.697777777777778]
[32.81333333333324, 15.697777777777778]
[33.38222222222213, 15.697777777777778]
[33.951111111111025, 15.697777777777778]
[34.51999999999992, 15.697777777777778]
[35.08888888888881, 15.697777777777778]
[35.37333333333326, 15.697777777777778]
[35.94222222222215, 15.697777777777778]
[36.51111111111104, 15.697777777777778]
[37.079999999999934, 15.697777777777778]
[37.64888888888883, 15.697777777777778]
[38.21777777777772, 15.697777777777778]
[38.78666666666661, 15.697777777777778]
[39.355555555555505, 15.697777777777778]
[39.63999999999995, 15.697777777777778]
[40.20888888888884, 15.697777777777778]
[40.777777777777736, 15.697777777777778]
[41.34666666666663, 15.697777777777778]
[41.91555555555552, 15.697777777777778]
[42.484444444444414, 15.697777777777778]
[43.053333333333306, 15.697777777777778]
[43.6222222222222, 15.697777777777778]
[44.19111111111109, 15.697777777777778]
[44.47555555555554, 15.697777777777778]
[45.04444444444443, 15.697777777777778]
[45.61333333333332, 15.697777777777778]
[46.182222222222215, 15.697777777777778]
[46.75111111111111, 15.697777777777778]
[47.32, 15.697777777777778]
[47.88888888888889, 15.697777777777778]
[48.457777777777785, 15.697777777777778]
[48.74222222222223, 15.697777777777778]
[49.311111111111124, 15.697777777777778]
[49.88000000000002, 15.697777777777778]
[50.44888888888891, 15.697777777777778]
[51.0177777777778, 15.697777777777778]
[51.586666666666694, 15.697777777777778]
[52.15555555555559, 15.697777777777778]
[-9, 16.266666666666666]
[-8.431111111111111, 16.266666666666666]
[-7.293333333333333, 16.266666666666666]
[-6.724444444444444, 16.266666666666666]
[-6.155555555555555, 16.266666666666666]
[-5.8711111111111105, 16.266666666666666]
[-5.3022222222222215, 16.266666666666666]
[-4.7333333333333325, 16.266666666666666]
[-4.1644444444444435, 16.266666666666666]
[-3.5955555555555545, 16.266666666666666]
[-3.0266666666666655, 16.266666666666666]
[-2.4577777777777765, 16.266666666666666]
[-1.8888888888888875, 16.266666666666666]
[-1.604444444444443, 16.266666666666666]
[-1.035555555555554, 16.266666666666666]
[-0.46666666666666506, 16.266666666666666]
[0.10222222222222382, 16.266666666666666]
[0.6711111111111128, 16.266666666666666]
[1.8088888888888908, 16.266666666666666]
[2.3777777777777795, 16.266666666666666]
[3.231111111111113, 16.266666666666666]
[3.800000000000002, 16.266666666666666]
[4.93777777777778, 16.266666666666666]
[5.506666666666669, 16.266666666666666]
[6.644444444444447, 16.266666666666666]
[7.213333333333336, 16.266666666666666]
[8.066666666666668, 16.266666666666666]
[8.635555555555557, 16.266666666666666]
[9.773333333333335, 16.266666666666666]
[10.342222222222224, 16.266666666666666]
[10.911111111111113, 16.266666666666666]
[11.480000000000002, 16.266666666666666]
[12.048888888888891, 16.266666666666666]
[12.902222222222225, 16.266666666666666]
[13.471111111111114, 16.266666666666666]
[14.040000000000003, 16.266666666666666]
[14.608888888888892, 16.266666666666666]
[15.74666666666667, 16.266666666666666]
[16.315555555555555, 16.266666666666666]
[16.599999999999998, 16.266666666666666]
[17.168888888888883, 16.266666666666666]
[17.73777777777777, 16.266666666666666]
[19.444444444444425, 16.266666666666666]
[20.582222222222196, 16.266666666666666]
[21.15111111111108, 16.266666666666666]
[22.00444444444441, 16.266666666666666]
[22.573333333333295, 16.266666666666666]
[23.711111111111066, 16.266666666666666]
[24.27999999999995, 16.266666666666666]
[24.848888888888837, 16.266666666666666]
[25.417777777777722, 16.266666666666666]
[26.839999999999936, 16.266666666666666]
[27.40888888888882, 16.266666666666666]
[27.977777777777707, 16.266666666666666]
[28.546666666666592, 16.266666666666666]
[29.684444444444363, 16.266666666666666]
[30.25333333333325, 16.266666666666666]
[31.106666666666577, 16.266666666666666]
[31.675555555555462, 16.266666666666666]
[32.81333333333324, 16.266666666666666]
[33.38222222222213, 16.266666666666666]
[34.51999999999992, 16.266666666666666]
[35.08888888888881, 16.266666666666666]
[35.94222222222215, 16.266666666666666]
[36.51111111111104, 16.266666666666666]
[37.079999999999934, 16.266666666666666]
[37.64888888888883, 16.266666666666666]
[38.21777777777772, 16.266666666666666]
New Start: 2023-12-12-11-58
[38.78666666666661, 16.266666666666666]
[39.355555555555505, 16.266666666666666]
[39.63999999999995, 16.266666666666666]
[40.20888888888884, 16.266666666666666]
[40.777777777777736, 16.266666666666666]
[41.34666666666663, 16.266666666666666]
[41.91555555555552, 16.266666666666666]
[42.484444444444414, 16.266666666666666]
[43.053333333333306, 16.266666666666666]
[43.6222222222222, 16.266666666666666]
[44.19111111111109, 16.266666666666666]
[44.47555555555554, 16.266666666666666]
[45.04444444444443, 16.266666666666666]
[45.61333333333332, 16.266666666666666]
[46.75111111111111, 16.266666666666666]
[47.32, 16.266666666666666]
[48.457777777777785, 16.266666666666666]
[48.74222222222223, 16.266666666666666]
[49.88000000000002, 16.266666666666666]
[50.44888888888891, 16.266666666666666]
[51.0177777777778, 16.266666666666666]
[51.586666666666694, 16.266666666666666]
[52.15555555555559, 16.266666666666666]
[52.72444444444448, 16.266666666666666]
[53.29333333333337, 16.266666666666666]
[53.57777777777782, 16.266666666666666]
[-9, 16.55111111111111]
[-8.431111111111111, 16.55111111111111]
[-7.293333333333333, 16.55111111111111]
[-6.724444444444444, 16.55111111111111]
[-5.8711111111111105, 16.55111111111111]
[-5.3022222222222215, 16.55111111111111]
[-4.1644444444444435, 16.55111111111111]
[-3.5955555555555545, 16.55111111111111]
[-2.4577777777777765, 16.55111111111111]
[-1.8888888888888875, 16.55111111111111]
[-1.035555555555554, 16.55111111111111]
[-0.46666666666666506, 16.55111111111111]
[0.6711111111111128, 16.55111111111111]
[1.2400000000000018, 16.55111111111111]
[1.8088888888888908, 16.55111111111111]
[2.3777777777777795, 16.55111111111111]
[3.231111111111113, 16.55111111111111]
[3.800000000000002, 16.55111111111111]
[4.368888888888891, 16.55111111111111]
[4.93777777777778, 16.55111111111111]
[5.506666666666669, 16.55111111111111]
[6.644444444444447, 16.55111111111111]
[7.213333333333336, 16.55111111111111]
[8.066666666666668, 16.55111111111111]
[8.635555555555557, 16.55111111111111]
[9.773333333333335, 16.55111111111111]
[10.342222222222224, 16.55111111111111]
[11.480000000000002, 16.55111111111111]
[12.048888888888891, 16.55111111111111]
[12.902222222222225, 16.55111111111111]
[13.471111111111114, 16.55111111111111]
[14.608888888888892, 16.55111111111111]
[15.17777777777778, 16.55111111111111]
[15.74666666666667, 16.55111111111111]
[16.315555555555555, 16.55111111111111]
[16.599999999999998, 16.55111111111111]
[17.168888888888883, 16.55111111111111]
[17.73777777777777, 16.55111111111111]
[19.444444444444425, 16.55111111111111]
[21.15111111111108, 16.55111111111111]
[22.573333333333295, 16.55111111111111]
[24.27999999999995, 16.55111111111111]
[26.839999999999936, 16.55111111111111]
[27.40888888888882, 16.55111111111111]
[28.546666666666592, 16.55111111111111]
[30.25333333333325, 16.55111111111111]
[30.53777777777769, 16.55111111111111]
[31.675555555555462, 16.55111111111111]
[32.81333333333324, 16.55111111111111]
[33.38222222222213, 16.55111111111111]
[34.51999999999992, 16.55111111111111]
[35.08888888888881, 16.55111111111111]
[35.94222222222215, 16.55111111111111]
[36.51111111111104, 16.55111111111111]
[37.64888888888883, 16.55111111111111]
[38.21777777777772, 16.55111111111111]
[38.78666666666661, 16.55111111111111]
[39.355555555555505, 16.55111111111111]
[39.63999999999995, 16.55111111111111]
[40.20888888888884, 16.55111111111111]
[40.777777777777736, 16.55111111111111]
[41.34666666666663, 16.55111111111111]
[41.91555555555552, 16.55111111111111]
[42.484444444444414, 16.55111111111111]
[43.053333333333306, 16.55111111111111]
[43.6222222222222, 16.55111111111111]
[44.19111111111109, 16.55111111111111]
[44.47555555555554, 16.55111111111111]
[45.61333333333332, 16.55111111111111]
[47.32, 16.55111111111111]
[48.74222222222223, 16.55111111111111]
[49.88000000000002, 16.55111111111111]
[50.44888888888891, 16.55111111111111]
[51.586666666666694, 16.55111111111111]
[52.15555555555559, 16.55111111111111]
[52.72444444444448, 16.55111111111111]
[53.29333333333337, 16.55111111111111]
[53.57777777777782, 16.55111111111111]
[54.7155555555556, 16.55111111111111]
[55.284444444444496, 16.55111111111111]
[-9, 17.119999999999994]
[-8.431111111111111, 17.119999999999994]
[-7.862222222222222, 17.119999999999994]
[-7.293333333333333, 17.119999999999994]
[-6.724444444444444, 17.119999999999994]
[-6.155555555555555, 17.119999999999994]
[-5.8711111111111105, 17.119999999999994]
[-5.3022222222222215, 17.119999999999994]
[-4.7333333333333325, 17.119999999999994]
[-4.1644444444444435, 17.119999999999994]
[-3.5955555555555545, 17.119999999999994]
[-3.0266666666666655, 17.119999999999994]
[-2.4577777777777765, 17.119999999999994]
[-1.8888888888888875, 17.119999999999994]
[-1.604444444444443, 17.119999999999994]
[-1.035555555555554, 17.119999999999994]
[-0.46666666666666506, 17.119999999999994]
[0.10222222222222382, 17.119999999999994]
[0.6711111111111128, 17.119999999999994]
[1.2400000000000018, 17.119999999999994]
[1.8088888888888908, 17.119999999999994]
[2.3777777777777795, 17.119999999999994]
[2.9466666666666685, 17.119999999999994]
[3.231111111111113, 17.119999999999994]
[3.800000000000002, 17.119999999999994]
[4.368888888888891, 17.119999999999994]
[4.93777777777778, 17.119999999999994]
[5.506666666666669, 17.119999999999994]
[6.075555555555558, 17.119999999999994]
[6.644444444444447, 17.119999999999994]
[7.213333333333336, 17.119999999999994]
[7.49777777777778, 17.119999999999994]
[8.066666666666668, 17.119999999999994]
[8.635555555555557, 17.119999999999994]
[9.204444444444446, 17.119999999999994]
[9.773333333333335, 17.119999999999994]
[10.342222222222224, 17.119999999999994]
[10.911111111111113, 17.119999999999994]
[11.480000000000002, 17.119999999999994]
[12.048888888888891, 17.119999999999994]
[12.333333333333336, 17.119999999999994]
[12.902222222222225, 17.119999999999994]
[13.471111111111114, 17.119999999999994]
[14.040000000000003, 17.119999999999994]
[14.608888888888892, 17.119999999999994]
[15.17777777777778, 17.119999999999994]
[15.74666666666667, 17.119999999999994]
[16.315555555555555, 17.119999999999994]
[16.599999999999998, 17.119999999999994]
[17.168888888888883, 17.119999999999994]
[17.73777777777777, 17.119999999999994]
[18.306666666666654, 17.119999999999994]
[18.87555555555554, 17.119999999999994]
[19.444444444444425, 17.119999999999994]
[20.01333333333331, 17.119999999999994]
[20.582222222222196, 17.119999999999994]
[21.15111111111108, 17.119999999999994]
[21.435555555555524, 17.119999999999994]
[22.00444444444441, 17.119999999999994]
[22.573333333333295, 17.119999999999994]
[23.14222222222218, 17.119999999999994]
[23.711111111111066, 17.119999999999994]
[24.27999999999995, 17.119999999999994]
[24.848888888888837, 17.119999999999994]
[25.417777777777722, 17.119999999999994]
[25.986666666666608, 17.119999999999994]
[26.839999999999936, 17.119999999999994]
[27.40888888888882, 17.119999999999994]
[27.977777777777707, 17.119999999999994]
[28.546666666666592, 17.119999999999994]
[29.115555555555478, 17.119999999999994]
[29.684444444444363, 17.119999999999994]
[30.25333333333325, 17.119999999999994]
[30.53777777777769, 17.119999999999994]
[31.106666666666577, 17.119999999999994]
[31.675555555555462, 17.119999999999994]
[32.24444444444435, 17.119999999999994]
[32.81333333333324, 17.119999999999994]
[33.38222222222213, 17.119999999999994]
[33.951111111111025, 17.119999999999994]
[34.51999999999992, 17.119999999999994]
[35.08888888888881, 17.119999999999994]
[35.37333333333326, 17.119999999999994]
[35.94222222222215, 17.119999999999994]
[36.51111111111104, 17.119999999999994]
[37.079999999999934, 17.119999999999994]
[37.64888888888883, 17.119999999999994]
[38.21777777777772, 17.119999999999994]
[38.78666666666661, 17.119999999999994]
[39.355555555555505, 17.119999999999994]
[39.63999999999995, 17.119999999999994]
[41.34666666666663, 17.119999999999994]
[41.91555555555552, 17.119999999999994]
[42.484444444444414, 17.119999999999994]
[43.053333333333306, 17.119999999999994]
[43.6222222222222, 17.119999999999994]
[44.19111111111109, 17.119999999999994]
[44.47555555555554, 17.119999999999994]
[45.04444444444443, 17.119999999999994]
[45.61333333333332, 17.119999999999994]
[46.182222222222215, 17.119999999999994]
[46.75111111111111, 17.119999999999994]
[47.32, 17.119999999999994]
[47.88888888888889, 17.119999999999994]
[48.457777777777785, 17.119999999999994]
[48.74222222222223, 17.119999999999994]
[49.311111111111124, 17.119999999999994]
[49.88000000000002, 17.119999999999994]
[50.44888888888891, 17.119999999999994]
[51.0177777777778, 17.119999999999994]
[51.586666666666694, 17.119999999999994]
[52.15555555555559, 17.119999999999994]
[52.72444444444448, 17.119999999999994]
[53.29333333333337, 17.119999999999994]
[53.57777777777782, 17.119999999999994]
[54.14666666666671, 17.119999999999994]
[54.7155555555556, 17.119999999999994]
[55.284444444444496, 17.119999999999994]
[55.85333333333339, 17.119999999999994]
[56.42222222222228, 17.119999999999994]
New Start: 2023-12-13-17-45
New Start: 2023-12-13-18-15
New Start: 2023-12-13-18-15
New Start: 2023-12-13-18-16
New Start: 2023-12-13-18-18
New Start: 2023-12-13-18-19
New Start: 2023-12-13-18-20
[53.008888888888926, 17.404444444444437]
[53.29333333333337, 17.404444444444437]
New Start: 2023-12-13-18-39
New Start: 2023-12-13-18-42
New Start: 2023-12-13-18-48
[53.008888888888926, 17.404444444444437]
[53.29333333333337, 17.404444444444437]
[-8.431111111111111, 17.68888888888888]
[-7.862222222222222, 17.68888888888888]
[-7.293333333333333, 17.68888888888888]
[-6.724444444444444, 17.68888888888888]
[-5.8711111111111105, 17.68888888888888]
New Start: 2023-12-13-19-36
New Start: 2023-12-13-19-36
New Start: 2023-12-13-19-36
[-5.3022222222222215, 17.68888888888888]
[-4.7333333333333325, 17.68888888888888]
[-4.1644444444444435, 17.68888888888888]
[-3.5955555555555545, 17.68888888888888]
[-3.0266666666666655, 17.68888888888888]
[-2.4577777777777765, 17.68888888888888]
[-1.8888888888888875, 17.68888888888888]
[-1.604444444444443, 17.68888888888888]
[-1.035555555555554, 17.68888888888888]
[-0.46666666666666506, 17.68888888888888]
[0.6711111111111128, 17.68888888888888]
[1.2400000000000018, 17.68888888888888]
[2.3777777777777795, 17.68888888888888]
[2.9466666666666685, 17.68888888888888]
[3.800000000000002, 17.68888888888888]
[4.368888888888891, 17.68888888888888]
[4.93777777777778, 17.68888888888888]
[5.506666666666669, 17.68888888888888]
[6.075555555555558, 17.68888888888888]
[6.644444444444447, 17.68888888888888]
[7.213333333333336, 17.68888888888888]
[7.49777777777778, 17.68888888888888]
[8.066666666666668, 17.68888888888888]
[8.635555555555557, 17.68888888888888]
[9.204444444444446, 17.68888888888888]
[9.773333333333335, 17.68888888888888]
[10.342222222222224, 17.68888888888888]
[11.480000000000002, 17.68888888888888]
[12.048888888888891, 17.68888888888888]
[12.333333333333336, 17.68888888888888]
[12.902222222222225, 17.68888888888888]
[13.471111111111114, 17.68888888888888]
[14.608888888888892, 17.68888888888888]
[15.17777777777778, 17.68888888888888]
[15.74666666666667, 17.68888888888888]
[16.315555555555555, 17.68888888888888]
[16.599999999999998, 17.68888888888888]
[17.73777777777777, 17.68888888888888]
[18.306666666666654, 17.68888888888888]
[19.444444444444425, 17.68888888888888]
[20.582222222222196, 17.68888888888888]
[21.15111111111108, 17.68888888888888]
[21.435555555555524, 17.68888888888888]
[22.00444444444441, 17.68888888888888]
[22.573333333333295, 17.68888888888888]
[23.711111111111066, 17.68888888888888]
[24.27999999999995, 17.68888888888888]
[25.417777777777722, 17.68888888888888]
[25.986666666666608, 17.68888888888888]
[26.839999999999936, 17.68888888888888]
[27.40888888888882, 17.68888888888888]
[28.546666666666592, 17.68888888888888]
[29.115555555555478, 17.68888888888888]
[30.25333333333325, 17.68888888888888]
[30.53777777777769, 17.68888888888888]
[31.675555555555462, 17.68888888888888]
[32.24444444444435, 17.68888888888888]
[32.81333333333324, 17.68888888888888]
[33.38222222222213, 17.68888888888888]
[34.51999999999992, 17.68888888888888]
[35.08888888888881, 17.68888888888888]
[35.37333333333326, 17.68888888888888]
[35.94222222222215, 17.68888888888888]
[36.51111111111104, 17.68888888888888]
[37.079999999999934, 17.68888888888888]
[37.64888888888883, 17.68888888888888]
[38.21777777777772, 17.68888888888888]
[38.78666666666661, 17.68888888888888]
[39.355555555555505, 17.68888888888888]
[39.63999999999995, 17.68888888888888]
[41.34666666666663, 17.68888888888888]
[41.91555555555552, 17.68888888888888]
New Start: 2023-12-14-02-58
[41.91555555555552, 17.68888888888888]
[42.484444444444414, 17.68888888888888]
[43.053333333333306, 17.68888888888888]
[43.6222222222222, 17.68888888888888]
[44.19111111111109, 17.68888888888888]
[44.47555555555554, 17.68888888888888]
[45.61333333333332, 17.68888888888888]
[46.182222222222215, 17.68888888888888]
[46.75111111111111, 17.68888888888888]
[47.32, 17.68888888888888]
[48.457777777777785, 17.68888888888888]
[48.74222222222223, 17.68888888888888]
[49.311111111111124, 17.68888888888888]
[49.88000000000002, 17.68888888888888]
[50.44888888888891, 17.68888888888888]
[51.586666666666694, 17.68888888888888]
[52.15555555555559, 17.68888888888888]
[53.008888888888926, 17.68888888888888]
[53.29333333333337, 17.68888888888888]
[53.57777777777782, 17.68888888888888]
[54.14666666666671, 17.68888888888888]
[54.7155555555556, 17.68888888888888]
[55.284444444444496, 17.68888888888888]
[55.85333333333339, 17.68888888888888]
[56.42222222222228, 17.68888888888888]
[-8.431111111111111, 18.257777777777765]
[-7.862222222222222, 18.257777777777765]
[-7.293333333333333, 18.257777777777765]
[-6.724444444444444, 18.257777777777765]
[-6.155555555555555, 18.257777777777765]
[-5.3022222222222215, 18.257777777777765]
[-4.7333333333333325, 18.257777777777765]
[-4.1644444444444435, 18.257777777777765]
[-3.5955555555555545, 18.257777777777765]
[-3.0266666666666655, 18.257777777777765]
[-2.4577777777777765, 18.257777777777765]
[-1.8888888888888875, 18.257777777777765]
[-1.604444444444443, 18.257777777777765]
[-1.035555555555554, 18.257777777777765]
[-0.46666666666666506, 18.257777777777765]
[0.10222222222222382, 18.257777777777765]
New Start: 2023-12-14-16-38
[0.10222222222222382, 18.257777777777765]
[0.6711111111111128, 18.257777777777765]
[1.2400000000000018, 18.257777777777765]
[2.3777777777777795, 18.257777777777765]
[2.9466666666666685, 18.257777777777765]
[3.231111111111113, 18.257777777777765]
[3.800000000000002, 18.257777777777765]
[4.368888888888891, 18.257777777777765]
[4.93777777777778, 18.257777777777765]
[5.506666666666669, 18.257777777777765]
[6.075555555555558, 18.257777777777765]
[6.644444444444447, 18.257777777777765]
[7.213333333333336, 18.257777777777765]
[7.49777777777778, 18.257777777777765]
[8.635555555555557, 18.257777777777765]
[9.204444444444446, 18.257777777777765]
[9.773333333333335, 18.257777777777765]
[10.342222222222224, 18.257777777777765]
[10.911111111111113, 18.257777777777765]
[11.480000000000002, 18.257777777777765]
[12.048888888888891, 18.257777777777765]
[12.333333333333336, 18.257777777777765]
[12.902222222222225, 18.257777777777765]
[13.471111111111114, 18.257777777777765]
[14.040000000000003, 18.257777777777765]
[14.608888888888892, 18.257777777777765]
[15.17777777777778, 18.257777777777765]
[16.315555555555555, 18.257777777777765]
[16.599999999999998, 18.257777777777765]
[17.168888888888883, 18.257777777777765]
[17.73777777777777, 18.257777777777765]
[18.306666666666654, 18.257777777777765]
[19.444444444444425, 18.257777777777765]
[20.01333333333331, 18.257777777777765]
[20.582222222222196, 18.257777777777765]
[21.15111111111108, 18.257777777777765]
[21.435555555555524, 18.257777777777765]
[22.573333333333295, 18.257777777777765]
[23.14222222222218, 18.257777777777765]
[23.711111111111066, 18.257777777777765]
[24.27999999999995, 18.257777777777765]
[24.848888888888837, 18.257777777777765]
[25.417777777777722, 18.257777777777765]
[25.986666666666608, 18.257777777777765]
[26.27111111111105, 18.257777777777765]
[26.839999999999936, 18.257777777777765]
[27.40888888888882, 18.257777777777765]
[28.546666666666592, 18.257777777777765]
[29.115555555555478, 18.257777777777765]
[30.25333333333325, 18.257777777777765]
[30.53777777777769, 18.257777777777765]
[31.675555555555462, 18.257777777777765]
[32.24444444444435, 18.257777777777765]
[33.38222222222213, 18.257777777777765]
[33.951111111111025, 18.257777777777765]
[34.51999999999992, 18.257777777777765]
[35.08888888888881, 18.257777777777765]
[35.37333333333326, 18.257777777777765]
[35.94222222222215, 18.257777777777765]
[36.51111111111104, 18.257777777777765]
[37.079999999999934, 18.257777777777765]
[37.64888888888883, 18.257777777777765]
[38.21777777777772, 18.257777777777765]
[40.20888888888884, 18.257777777777765]
[40.777777777777736, 18.257777777777765]
[41.34666666666663, 18.257777777777765]
[41.91555555555552, 18.257777777777765]
[42.484444444444414, 18.257777777777765]
[43.053333333333306, 18.257777777777765]
[44.19111111111109, 18.257777777777765]
[44.47555555555554, 18.257777777777765]
[45.61333333333332, 18.257777777777765]
[46.182222222222215, 18.257777777777765]
[47.32, 18.257777777777765]
[47.88888888888889, 18.257777777777765]
[48.457777777777785, 18.257777777777765]
[48.74222222222223, 18.257777777777765]
[49.311111111111124, 18.257777777777765]
[50.44888888888891, 18.257777777777765]
[51.0177777777778, 18.257777777777765]
[51.586666666666694, 18.257777777777765]
[52.15555555555559, 18.257777777777765]
[52.72444444444448, 18.257777777777765]
[53.008888888888926, 18.257777777777765]
[53.29333333333337, 18.257777777777765]
[53.57777777777782, 18.257777777777765]
[54.14666666666671, 18.257777777777765]
[54.7155555555556, 18.257777777777765]
[55.284444444444496, 18.257777777777765]
[55.85333333333339, 18.257777777777765]
[56.42222222222228, 18.257777777777765]
[56.991111111111174, 18.257777777777765]
[57.560000000000066, 18.257777777777765]
[-9, 18.82666666666665]
[-8.431111111111111, 18.82666666666665]
[-7.862222222222222, 18.82666666666665]
[-7.293333333333333, 18.82666666666665]
[-6.724444444444444, 18.82666666666665]
[-6.155555555555555, 18.82666666666665]
[-5.8711111111111105, 18.82666666666665]
[-5.3022222222222215, 18.82666666666665]
[-4.7333333333333325, 18.82666666666665]
[-4.1644444444444435, 18.82666666666665]
[-3.5955555555555545, 18.82666666666665]
[-3.0266666666666655, 18.82666666666665]
[-2.4577777777777765, 18.82666666666665]
[-1.8888888888888875, 18.82666666666665]
[-1.604444444444443, 18.82666666666665]
[-1.035555555555554, 18.82666666666665]
[-0.46666666666666506, 18.82666666666665]
[0.10222222222222382, 18.82666666666665]
[0.6711111111111128, 18.82666666666665]
[1.2400000000000018, 18.82666666666665]
[1.8088888888888908, 18.82666666666665]
[2.3777777777777795, 18.82666666666665]
[2.9466666666666685, 18.82666666666665]
[3.231111111111113, 18.82666666666665]
[3.800000000000002, 18.82666666666665]
[4.368888888888891, 18.82666666666665]
[4.93777777777778, 18.82666666666665]
[5.506666666666669, 18.82666666666665]
[6.075555555555558, 18.82666666666665]
[6.644444444444447, 18.82666666666665]
[7.213333333333336, 18.82666666666665]
[7.49777777777778, 18.82666666666665]
[8.066666666666668, 18.82666666666665]
[8.635555555555557, 18.82666666666665]
[9.204444444444446, 18.82666666666665]
[9.773333333333335, 18.82666666666665]
[10.342222222222224, 18.82666666666665]
[10.911111111111113, 18.82666666666665]
[11.480000000000002, 18.82666666666665]
[12.048888888888891, 18.82666666666665]
[12.333333333333336, 18.82666666666665]
[12.902222222222225, 18.82666666666665]
[13.471111111111114, 18.82666666666665]
[14.040000000000003, 18.82666666666665]
[14.608888888888892, 18.82666666666665]
[15.17777777777778, 18.82666666666665]
[15.74666666666667, 18.82666666666665]
[16.315555555555555, 18.82666666666665]
[16.599999999999998, 18.82666666666665]
[17.168888888888883, 18.82666666666665]
[17.73777777777777, 18.82666666666665]
[18.306666666666654, 18.82666666666665]
[18.87555555555554, 18.82666666666665]
[19.444444444444425, 18.82666666666665]
[20.01333333333331, 18.82666666666665]
[21.15111111111108, 18.82666666666665]
[21.435555555555524, 18.82666666666665]
[22.573333333333295, 18.82666666666665]
[23.14222222222218, 18.82666666666665]
[23.711111111111066, 18.82666666666665]
[24.27999999999995, 18.82666666666665]
[24.848888888888837, 18.82666666666665]
[25.417777777777722, 18.82666666666665]
[25.986666666666608, 18.82666666666665]
[26.27111111111105, 18.82666666666665]
[27.40888888888882, 18.82666666666665]
[27.977777777777707, 18.82666666666665]
[28.546666666666592, 18.82666666666665]
[29.115555555555478, 18.82666666666665]
[29.684444444444363, 18.82666666666665]
[30.25333333333325, 18.82666666666665]
[30.53777777777769, 18.82666666666665]
[31.106666666666577, 18.82666666666665]
[31.675555555555462, 18.82666666666665]
[32.24444444444435, 18.82666666666665]
[32.81333333333324, 18.82666666666665]
[33.38222222222213, 18.82666666666665]
[33.951111111111025, 18.82666666666665]
[34.51999999999992, 18.82666666666665]
[35.08888888888881, 18.82666666666665]
[35.37333333333326, 18.82666666666665]
[35.94222222222215, 18.82666666666665]
[36.51111111111104, 18.82666666666665]
[37.079999999999934, 18.82666666666665]
[37.64888888888883, 18.82666666666665]
[38.21777777777772, 18.82666666666665]
[40.20888888888884, 18.82666666666665]
[40.777777777777736, 18.82666666666665]
[41.34666666666663, 18.82666666666665]
[41.91555555555552, 18.82666666666665]
[42.484444444444414, 18.82666666666665]
[43.053333333333306, 18.82666666666665]
[43.6222222222222, 18.82666666666665]
[44.19111111111109, 18.82666666666665]
New Start: 2023-12-15-13-10
New Start: 2023-12-15-13-22
New Start: 2023-12-15-13-27
[-9.3393, 38.6535]
New Start: 2023-12-15-13-34
[-9.3393, 38.6535]
New Start: 2023-12-15-13-45
[-9.3393, 38.6535]
New Start: 2023-12-15-13-47
[-9.3393, 38.6535]
New Start: 2023-12-15-14-02
[44.47555555555554, 18.82666666666665]
[45.04444444444443, 18.82666666666665]
[45.61333333333332, 18.82666666666665]
[46.182222222222215, 18.82666666666665]
[47.32, 18.82666666666665]
[47.88888888888889, 18.82666666666665]
[48.457777777777785, 18.82666666666665]
[48.74222222222223, 18.82666666666665]
[49.311111111111124, 18.82666666666665]
[50.44888888888891, 18.82666666666665]
[51.0177777777778, 18.82666666666665]
[52.15555555555559, 18.82666666666665]
[52.72444444444448, 18.82666666666665]
[53.57777777777782, 18.82666666666665]
[54.14666666666671, 18.82666666666665]
[54.7155555555556, 18.82666666666665]
[55.284444444444496, 18.82666666666665]
[55.85333333333339, 18.82666666666665]
[56.42222222222228, 18.82666666666665]
[56.991111111111174, 18.82666666666665]
[57.560000000000066, 18.82666666666665]
[-8.431111111111111, 19.395555555555536]
[-7.862222222222222, 19.395555555555536]
[-6.724444444444444, 19.395555555555536]
[-6.155555555555555, 19.395555555555536]
[-5.8711111111111105, 19.395555555555536]
[-5.3022222222222215, 19.395555555555536]
[-4.7333333333333325, 19.395555555555536]
[-3.5955555555555545, 19.395555555555536]
[-1.8888888888888875, 19.395555555555536]
[-1.604444444444443, 19.395555555555536]
[-0.46666666666666506, 19.395555555555536]
[0.10222222222222382, 19.395555555555536]
[1.2400000000000018, 19.395555555555536]
[1.8088888888888908, 19.395555555555536]
[2.3777777777777795, 19.395555555555536]
[3.231111111111113, 19.395555555555536]
[4.368888888888891, 19.395555555555536]
[4.93777777777778, 19.395555555555536]
[5.506666666666669, 19.395555555555536]
[6.075555555555558, 19.395555555555536]
[9.204444444444446, 19.395555555555536]
[12.048888888888891, 19.395555555555536]
[12.333333333333336, 19.395555555555536]
[14.040000000000003, 19.395555555555536]
[17.168888888888883, 19.395555555555536]
[31.106666666666577, 19.395555555555536]
[33.38222222222213, 19.395555555555536]
[36.51111111111104, 19.395555555555536]
[37.079999999999934, 19.395555555555536]
[37.64888888888883, 19.395555555555536]
[38.21777777777772, 19.395555555555536]
[38.78666666666661, 19.395555555555536]
[39.355555555555505, 19.395555555555536]
[39.63999999999995, 19.395555555555536]
[40.20888888888884, 19.395555555555536]
[41.34666666666663, 19.395555555555536]
[41.91555555555552, 19.395555555555536]
[43.053333333333306, 19.395555555555536]
[44.19111111111109, 19.395555555555536]
[44.47555555555554, 19.395555555555536]
[49.311111111111124, 19.395555555555536]
[54.14666666666671, 19.395555555555536]
[55.284444444444496, 19.395555555555536]
[55.85333333333339, 19.395555555555536]
[56.42222222222228, 19.395555555555536]
[56.991111111111174, 19.395555555555536]
[57.560000000000066, 19.395555555555536]
New Start: 2023-12-16-00-26
[57.560000000000066, 19.395555555555536]
[-9, 19.96444444444442]
[-8.431111111111111, 19.96444444444442]
[-7.862222222222222, 19.96444444444442]
[-7.293333333333333, 19.96444444444442]
[-6.724444444444444, 19.96444444444442]
[-6.155555555555555, 19.96444444444442]
[-5.8711111111111105, 19.96444444444442]
[-5.3022222222222215, 19.96444444444442]
[-4.7333333333333325, 19.96444444444442]
[-4.1644444444444435, 19.96444444444442]
[-3.5955555555555545, 19.96444444444442]
[-3.0266666666666655, 19.96444444444442]
[-2.4577777777777765, 19.96444444444442]
[-1.8888888888888875, 19.96444444444442]
[-1.604444444444443, 19.96444444444442]
[-1.035555555555554, 19.96444444444442]
[-0.46666666666666506, 19.96444444444442]
[0.10222222222222382, 19.96444444444442]
[0.6711111111111128, 19.96444444444442]
[1.2400000000000018, 19.96444444444442]
[1.8088888888888908, 19.96444444444442]
[2.9466666666666685, 19.96444444444442]
[3.231111111111113, 19.96444444444442]
[3.800000000000002, 19.96444444444442]
[4.368888888888891, 19.96444444444442]
[4.93777777777778, 19.96444444444442]
[5.506666666666669, 19.96444444444442]
[6.075555555555558, 19.96444444444442]
[6.644444444444447, 19.96444444444442]
[7.213333333333336, 19.96444444444442]
[7.49777777777778, 19.96444444444442]
[8.066666666666668, 19.96444444444442]
[9.204444444444446, 19.96444444444442]
[9.773333333333335, 19.96444444444442]
[10.342222222222224, 19.96444444444442]
[10.911111111111113, 19.96444444444442]
[12.048888888888891, 19.96444444444442]
[12.333333333333336, 19.96444444444442]
[12.902222222222225, 19.96444444444442]
[13.471111111111114, 19.96444444444442]
[14.040000000000003, 19.96444444444442]
[15.17777777777778, 19.96444444444442]
[15.74666666666667, 19.96444444444442]
[16.315555555555555, 19.96444444444442]
[16.599999999999998, 19.96444444444442]
[17.168888888888883, 19.96444444444442]
[17.73777777777777, 19.96444444444442]
[18.306666666666654, 19.96444444444442]
[18.87555555555554, 19.96444444444442]
[19.444444444444425, 19.96444444444442]
[20.01333333333331, 19.96444444444442]
[21.15111111111108, 19.96444444444442]
[21.435555555555524, 19.96444444444442]
[22.00444444444441, 19.96444444444442]
[22.573333333333295, 19.96444444444442]
[23.14222222222218, 19.96444444444442]
[23.711111111111066, 19.96444444444442]
[24.27999999999995, 19.96444444444442]
[24.848888888888837, 19.96444444444442]
[25.986666666666608, 19.96444444444442]
[26.27111111111105, 19.96444444444442]
[27.40888888888882, 19.96444444444442]
[27.977777777777707, 19.96444444444442]
[29.115555555555478, 19.96444444444442]
[29.684444444444363, 19.96444444444442]
[30.25333333333325, 19.96444444444442]
[30.53777777777769, 19.96444444444442]
[31.106666666666577, 19.96444444444442]
[31.675555555555462, 19.96444444444442]
[32.24444444444435, 19.96444444444442]
[32.81333333333324, 19.96444444444442]
[33.951111111111025, 19.96444444444442]
[34.51999999999992, 19.96444444444442]
[35.08888888888881, 19.96444444444442]
[35.37333333333326, 19.96444444444442]
[35.94222222222215, 19.96444444444442]
[36.51111111111104, 19.96444444444442]
[37.079999999999934, 19.96444444444442]
[37.64888888888883, 19.96444444444442]
[39.355555555555505, 19.96444444444442]
[39.63999999999995, 19.96444444444442]
[40.20888888888884, 19.96444444444442]
[40.777777777777736, 19.96444444444442]
[41.34666666666663, 19.96444444444442]
[41.91555555555552, 19.96444444444442]
[42.484444444444414, 19.96444444444442]
[43.053333333333306, 19.96444444444442]
[43.6222222222222, 19.96444444444442]
[44.19111111111109, 19.96444444444442]
[44.47555555555554, 19.96444444444442]
[45.04444444444443, 19.96444444444442]
[45.61333333333332, 19.96444444444442]
[46.182222222222215, 19.96444444444442]
[46.75111111111111, 19.96444444444442]
[47.32, 19.96444444444442]
[47.88888888888889, 19.96444444444442]
[48.457777777777785, 19.96444444444442]
[48.74222222222223, 19.96444444444442]
[49.311111111111124, 19.96444444444442]
[49.88000000000002, 19.96444444444442]
[51.0177777777778, 19.96444444444442]
[51.586666666666694, 19.96444444444442]
[52.15555555555559, 19.96444444444442]
[52.72444444444448, 19.96444444444442]
[53.57777777777782, 19.96444444444442]
[54.14666666666671, 19.96444444444442]
[54.7155555555556, 19.96444444444442]
[55.284444444444496, 19.96444444444442]
[55.85333333333339, 19.96444444444442]
[56.991111111111174, 19.96444444444442]
[57.560000000000066, 19.96444444444442]
[-7.862222222222222, 20.533333333333307]
[-7.293333333333333, 20.533333333333307]
[-6.724444444444444, 20.533333333333307]
[-6.155555555555555, 20.533333333333307]
[-5.8711111111111105, 20.533333333333307]
[-4.7333333333333325, 20.533333333333307]
[-4.1644444444444435, 20.533333333333307]
[-1.8888888888888875, 20.533333333333307]
[-1.604444444444443, 20.533333333333307]
[-1.035555555555554, 20.533333333333307]
[-0.46666666666666506, 20.533333333333307]
[0.10222222222222382, 20.533333333333307]
[1.2400000000000018, 20.533333333333307]
[1.8088888888888908, 20.533333333333307]
[2.9466666666666685, 20.533333333333307]
[4.368888888888891, 20.533333333333307]
[4.93777777777778, 20.533333333333307]
[6.075555555555558, 20.533333333333307]
[6.644444444444447, 20.533333333333307]
[7.213333333333336, 20.533333333333307]
[7.49777777777778, 20.533333333333307]
[9.773333333333335, 20.533333333333307]
[10.342222222222224, 20.533333333333307]
[10.911111111111113, 20.533333333333307]
[12.048888888888891, 20.533333333333307]
[12.333333333333336, 20.533333333333307]
[12.902222222222225, 20.533333333333307]
[13.471111111111114, 20.533333333333307]
[15.17777777777778, 20.533333333333307]
[15.74666666666667, 20.533333333333307]
[16.599999999999998, 20.533333333333307]
[17.168888888888883, 20.533333333333307]
[18.306666666666654, 20.533333333333307]
[18.87555555555554, 20.533333333333307]
[20.01333333333331, 20.533333333333307]
[21.435555555555524, 20.533333333333307]
[22.00444444444441, 20.533333333333307]
[23.14222222222218, 20.533333333333307]
[23.711111111111066, 20.533333333333307]
[24.27999999999995, 20.533333333333307]
[24.848888888888837, 20.533333333333307]
[25.986666666666608, 20.533333333333307]
[27.977777777777707, 20.533333333333307]
[29.115555555555478, 20.533333333333307]
[29.684444444444363, 20.533333333333307]
[30.53777777777769, 20.533333333333307]
[31.106666666666577, 20.533333333333307]
[32.24444444444435, 20.533333333333307]
[33.951111111111025, 20.533333333333307]
[34.51999999999992, 20.533333333333307]
[35.08888888888881, 20.533333333333307]
[35.37333333333326, 20.533333333333307]
[35.94222222222215, 20.533333333333307]
[36.51111111111104, 20.533333333333307]
[37.079999999999934, 20.533333333333307]
[37.64888888888883, 20.533333333333307]
[40.20888888888884, 20.533333333333307]
[40.777777777777736, 20.533333333333307]
[41.34666666666663, 20.533333333333307]
[41.91555555555552, 20.533333333333307]
[43.053333333333306, 20.533333333333307]
[43.6222222222222, 20.533333333333307]
[44.47555555555554, 20.533333333333307]
[46.182222222222215, 20.533333333333307]
[46.75111111111111, 20.533333333333307]
[47.88888888888889, 20.533333333333307]
[48.457777777777785, 20.533333333333307]
[49.311111111111124, 20.533333333333307]
[49.88000000000002, 20.533333333333307]
[52.15555555555559, 20.533333333333307]
[52.72444444444448, 20.533333333333307]
[53.008888888888926, 20.533333333333307]
[53.57777777777782, 20.533333333333307]
[54.14666666666671, 20.533333333333307]
[55.284444444444496, 20.533333333333307]
[55.85333333333339, 20.533333333333307]
[56.991111111111174, 20.533333333333307]
[57.560000000000066, 20.533333333333307]
[57.84444444444451, 20.533333333333307]
[58.413333333333405, 20.533333333333307]
[53.008888888888926, 20.81777777777775]
[-9, 21.102222222222192]
[-7.862222222222222, 21.102222222222192]
[-7.293333333333333, 21.102222222222192]
[-6.155555555555555, 21.102222222222192]
[-5.8711111111111105, 21.102222222222192]
[-4.7333333333333325, 21.102222222222192]
[-4.1644444444444435, 21.102222222222192]
[-3.0266666666666655, 21.102222222222192]
[-2.4577777777777765, 21.102222222222192]
[-1.8888888888888875, 21.102222222222192]
[-1.035555555555554, 21.102222222222192]
[0.10222222222222382, 21.102222222222192]
[0.6711111111111128, 21.102222222222192]
[1.2400000000000018, 21.102222222222192]
[1.8088888888888908, 21.102222222222192]
[4.368888888888891, 21.102222222222192]
[4.93777777777778, 21.102222222222192]
[6.075555555555558, 21.102222222222192]
[6.644444444444447, 21.102222222222192]
[8.066666666666668, 21.102222222222192]
[9.773333333333335, 21.102222222222192]
[10.911111111111113, 21.102222222222192]
[11.480000000000002, 21.102222222222192]
[12.048888888888891, 21.102222222222192]
[12.333333333333336, 21.102222222222192]
[12.902222222222225, 21.102222222222192]
[15.74666666666667, 21.102222222222192]
[17.168888888888883, 21.102222222222192]
[17.73777777777777, 21.102222222222192]
[18.306666666666654, 21.102222222222192]
[18.87555555555554, 21.102222222222192]
[20.582222222222196, 21.102222222222192]
[22.00444444444441, 21.102222222222192]
[23.14222222222218, 21.102222222222192]
[23.711111111111066, 21.102222222222192]
[24.848888888888837, 21.102222222222192]
[25.417777777777722, 21.102222222222192]
[26.839999999999936, 21.102222222222192]
[28.546666666666592, 21.102222222222192]
[29.115555555555478, 21.102222222222192]
[29.684444444444363, 21.102222222222192]
[31.106666666666577, 21.102222222222192]
[32.81333333333324, 21.102222222222192]
[34.51999999999992, 21.102222222222192]
[35.08888888888881, 21.102222222222192]
[35.37333333333326, 21.102222222222192]
[35.94222222222215, 21.102222222222192]
[36.51111111111104, 21.102222222222192]
[37.079999999999934, 21.102222222222192]
[37.64888888888883, 21.102222222222192]
[38.78666666666661, 21.102222222222192]
[40.20888888888884, 21.102222222222192]
[40.777777777777736, 21.102222222222192]
[41.34666666666663, 21.102222222222192]
[41.91555555555552, 21.102222222222192]
[42.484444444444414, 21.102222222222192]
[43.053333333333306, 21.102222222222192]
[43.6222222222222, 21.102222222222192]
[46.182222222222215, 21.102222222222192]
[46.75111111111111, 21.102222222222192]
[47.88888888888889, 21.102222222222192]
[48.457777777777785, 21.102222222222192]
[49.311111111111124, 21.102222222222192]
[49.88000000000002, 21.102222222222192]
[51.586666666666694, 21.102222222222192]
[52.72444444444448, 21.102222222222192]
[53.29333333333337, 21.102222222222192]
[54.14666666666671, 21.102222222222192]
[54.7155555555556, 21.102222222222192]
[55.284444444444496, 21.102222222222192]
[56.991111111111174, 21.102222222222192]
[57.560000000000066, 21.102222222222192]
[58.413333333333405, 21.102222222222192]
[58.9822222222223, 21.102222222222192]
[59.55111111111119, 21.102222222222192]
[-9, 21.386666666666635]
[-7.862222222222222, 21.386666666666635]
[-7.293333333333333, 21.386666666666635]
[-6.724444444444444, 21.386666666666635]
[-6.155555555555555, 21.386666666666635]
[-5.8711111111111105, 21.386666666666635]
[-5.3022222222222215, 21.386666666666635]
[-4.7333333333333325, 21.386666666666635]
[-4.1644444444444435, 21.386666666666635]
[-3.0266666666666655, 21.386666666666635]
[-2.4577777777777765, 21.386666666666635]
[-1.604444444444443, 21.386666666666635]
[-1.035555555555554, 21.386666666666635]
[-0.46666666666666506, 21.386666666666635]
[0.10222222222222382, 21.386666666666635]
[0.6711111111111128, 21.386666666666635]
[1.2400000000000018, 21.386666666666635]
[1.8088888888888908, 21.386666666666635]
[2.9466666666666685, 21.386666666666635]
[3.231111111111113, 21.386666666666635]
[3.800000000000002, 21.386666666666635]
[4.368888888888891, 21.386666666666635]
[4.93777777777778, 21.386666666666635]
[5.506666666666669, 21.386666666666635]
[6.075555555555558, 21.386666666666635]
[6.644444444444447, 21.386666666666635]
[7.213333333333336, 21.386666666666635]
[7.49777777777778, 21.386666666666635]
[8.066666666666668, 21.386666666666635]
[9.204444444444446, 21.386666666666635]
[9.773333333333335, 21.386666666666635]
[10.342222222222224, 21.386666666666635]
[10.911111111111113, 21.386666666666635]
[11.480000000000002, 21.386666666666635]
[12.048888888888891, 21.386666666666635]
[12.333333333333336, 21.386666666666635]
[12.902222222222225, 21.386666666666635]
[13.471111111111114, 21.386666666666635]
[14.040000000000003, 21.386666666666635]
[14.608888888888892, 21.386666666666635]
[15.74666666666667, 21.386666666666635]
[16.315555555555555, 21.386666666666635]
[16.599999999999998, 21.386666666666635]
[17.168888888888883, 21.386666666666635]
[17.73777777777777, 21.386666666666635]
[18.306666666666654, 21.386666666666635]
[18.87555555555554, 21.386666666666635]
[19.444444444444425, 21.386666666666635]
[20.01333333333331, 21.386666666666635]
[20.582222222222196, 21.386666666666635]
[22.00444444444441, 21.386666666666635]
[23.14222222222218, 21.386666666666635]
[23.711111111111066, 21.386666666666635]
[24.848888888888837, 21.386666666666635]
[25.417777777777722, 21.386666666666635]
[26.27111111111105, 21.386666666666635]
[26.839999999999936, 21.386666666666635]
[27.977777777777707, 21.386666666666635]
[28.546666666666592, 21.386666666666635]
[29.115555555555478, 21.386666666666635]
[29.684444444444363, 21.386666666666635]
[30.25333333333325, 21.386666666666635]
[30.53777777777769, 21.386666666666635]
[31.106666666666577, 21.386666666666635]
[32.81333333333324, 21.386666666666635]
[33.951111111111025, 21.386666666666635]
[34.51999999999992, 21.386666666666635]
[35.08888888888881, 21.386666666666635]
[35.37333333333326, 21.386666666666635]
[35.94222222222215, 21.386666666666635]
[36.51111111111104, 21.386666666666635]
[37.079999999999934, 21.386666666666635]
[37.64888888888883, 21.386666666666635]
[38.21777777777772, 21.386666666666635]
[38.78666666666661, 21.386666666666635]
[39.355555555555505, 21.386666666666635]
[40.20888888888884, 21.386666666666635]
[40.777777777777736, 21.386666666666635]
[41.34666666666663, 21.386666666666635]
[41.91555555555552, 21.386666666666635]
[42.484444444444414, 21.386666666666635]
[43.053333333333306, 21.386666666666635]
[43.6222222222222, 21.386666666666635]
[45.04444444444443, 21.386666666666635]
[46.182222222222215, 21.386666666666635]
[46.75111111111111, 21.386666666666635]
[47.88888888888889, 21.386666666666635]
[48.457777777777785, 21.386666666666635]
[48.74222222222223, 21.386666666666635]
[49.311111111111124, 21.386666666666635]
[49.88000000000002, 21.386666666666635]
[51.0177777777778, 21.386666666666635]
[51.586666666666694, 21.386666666666635]
[52.15555555555559, 21.386666666666635]
[52.72444444444448, 21.386666666666635]
[53.008888888888926, 21.386666666666635]
[53.29333333333337, 21.386666666666635]
[54.14666666666671, 21.386666666666635]
[54.7155555555556, 21.386666666666635]
[55.284444444444496, 21.386666666666635]
[55.85333333333339, 21.386666666666635]
[56.991111111111174, 21.386666666666635]
[57.560000000000066, 21.386666666666635]
[57.84444444444451, 21.386666666666635]
[58.413333333333405, 21.386666666666635]
[58.9822222222223, 21.386666666666635]
[59.55111111111119, 21.386666666666635]
[-9, 21.95555555555552]
[-7.293333333333333, 21.95555555555552]
[-6.724444444444444, 21.95555555555552]
[-6.155555555555555, 21.95555555555552]
[-5.8711111111111105, 21.95555555555552]
[-5.3022222222222215, 21.95555555555552]
[-4.7333333333333325, 21.95555555555552]
[-3.0266666666666655, 21.95555555555552]
[-1.035555555555554, 21.95555555555552]
[0.10222222222222382, 21.95555555555552]
[0.6711111111111128, 21.95555555555552]
[1.8088888888888908, 21.95555555555552]
[3.231111111111113, 21.95555555555552]
[4.93777777777778, 21.95555555555552]
[5.506666666666669, 21.95555555555552]
[6.075555555555558, 21.95555555555552]
[6.644444444444447, 21.95555555555552]
[10.911111111111113, 21.95555555555552]
[11.480000000000002, 21.95555555555552]
[12.333333333333336, 21.95555555555552]
[12.902222222222225, 21.95555555555552]
[14.040000000000003, 21.95555555555552]
[15.74666666666667, 21.95555555555552]
[17.168888888888883, 21.95555555555552]
[17.73777777777777, 21.95555555555552]
[18.87555555555554, 21.95555555555552]
[23.14222222222218, 21.95555555555552]
[23.711111111111066, 21.95555555555552]
[24.848888888888837, 21.95555555555552]
[26.27111111111105, 21.95555555555552]
[27.977777777777707, 21.95555555555552]
[28.546666666666592, 21.95555555555552]
[29.684444444444363, 21.95555555555552]
[31.106666666666577, 21.95555555555552]
[33.951111111111025, 21.95555555555552]
[34.51999999999992, 21.95555555555552]
[35.37333333333326, 21.95555555555552]
[35.94222222222215, 21.95555555555552]
[36.51111111111104, 21.95555555555552]
[38.78666666666661, 21.95555555555552]
[39.355555555555505, 21.95555555555552]
[40.20888888888884, 21.95555555555552]
[40.777777777777736, 21.95555555555552]
[41.91555555555552, 21.95555555555552]
[42.484444444444414, 21.95555555555552]
[43.053333333333306, 21.95555555555552]
[45.04444444444443, 21.95555555555552]
[46.75111111111111, 21.95555555555552]
[47.88888888888889, 21.95555555555552]
[48.457777777777785, 21.95555555555552]
[48.74222222222223, 21.95555555555552]
[51.0177777777778, 21.95555555555552]
[52.72444444444448, 21.95555555555552]
[53.008888888888926, 21.95555555555552]
[53.29333333333337, 21.95555555555552]
[54.14666666666671, 21.95555555555552]
[54.7155555555556, 21.95555555555552]
[55.85333333333339, 21.95555555555552]
[58.9822222222223, 21.95555555555552]
[59.55111111111119, 21.95555555555552]
[-8.431111111111111, 22.524444444444406]
[-7.293333333333333, 22.524444444444406]
[-6.724444444444444, 22.524444444444406]
[-6.155555555555555, 22.524444444444406]
[-5.8711111111111105, 22.524444444444406]
[-5.3022222222222215, 22.524444444444406]
[-1.035555555555554, 22.524444444444406]
[-0.46666666666666506, 22.524444444444406]
[0.10222222222222382, 22.524444444444406]
[0.6711111111111128, 22.524444444444406]
[2.3777777777777795, 22.524444444444406]
[3.800000000000002, 22.524444444444406]
[4.93777777777778, 22.524444444444406]
[5.506666666666669, 22.524444444444406]
[6.644444444444447, 22.524444444444406]
[8.635555555555557, 22.524444444444406]
[10.911111111111113, 22.524444444444406]
[11.480000000000002, 22.524444444444406]
[12.902222222222225, 22.524444444444406]
[16.315555555555555, 22.524444444444406]
[17.168888888888883, 22.524444444444406]
[17.73777777777777, 22.524444444444406]
[18.87555555555554, 22.524444444444406]
[19.444444444444425, 22.524444444444406]
[22.573333333333295, 22.524444444444406]
[23.711111111111066, 22.524444444444406]
[24.848888888888837, 22.524444444444406]
[28.546666666666592, 22.524444444444406]
[29.684444444444363, 22.524444444444406]
[30.25333333333325, 22.524444444444406]
[31.675555555555462, 22.524444444444406]
[33.38222222222213, 22.524444444444406]
[35.08888888888881, 22.524444444444406]
[35.37333333333326, 22.524444444444406]
[35.94222222222215, 22.524444444444406]
[36.51111111111104, 22.524444444444406]
[39.355555555555505, 22.524444444444406]
[40.777777777777736, 22.524444444444406]
[41.91555555555552, 22.524444444444406]
[42.484444444444414, 22.524444444444406]
[44.19111111111109, 22.524444444444406]
[45.61333333333332, 22.524444444444406]
[46.75111111111111, 22.524444444444406]
[47.32, 22.524444444444406]
[47.88888888888889, 22.524444444444406]
[48.457777777777785, 22.524444444444406]
[48.74222222222223, 22.524444444444406]
[52.72444444444448, 22.524444444444406]
[53.008888888888926, 22.524444444444406]
[53.29333333333337, 22.524444444444406]
[53.57777777777782, 22.524444444444406]
[54.14666666666671, 22.524444444444406]
[54.7155555555556, 22.524444444444406]
[56.42222222222228, 22.524444444444406]
[58.9822222222223, 22.524444444444406]
[59.55111111111119, 22.524444444444406]
[53.008888888888926, 22.80888888888885]
[53.29333333333337, 22.80888888888885]
[-9, 23.09333333333329]
[-8.431111111111111, 23.09333333333329]
[-7.293333333333333, 23.09333333333329]
[-6.724444444444444, 23.09333333333329]
[-6.155555555555555, 23.09333333333329]
[-5.8711111111111105, 23.09333333333329]
[-5.3022222222222215, 23.09333333333329]
[-4.1644444444444435, 23.09333333333329]
[-3.5955555555555545, 23.09333333333329]
[-2.4577777777777765, 23.09333333333329]
[-1.035555555555554, 23.09333333333329]
[-0.46666666666666506, 23.09333333333329]
[0.10222222222222382, 23.09333333333329]
[0.6711111111111128, 23.09333333333329]
[1.8088888888888908, 23.09333333333329]
[2.3777777777777795, 23.09333333333329]
[3.800000000000002, 23.09333333333329]
[4.93777777777778, 23.09333333333329]
[5.506666666666669, 23.09333333333329]
[6.644444444444447, 23.09333333333329]
[7.213333333333336, 23.09333333333329]
[8.066666666666668, 23.09333333333329]
[8.635555555555557, 23.09333333333329]
[9.773333333333335, 23.09333333333329]
[10.342222222222224, 23.09333333333329]
[10.911111111111113, 23.09333333333329]
[11.480000000000002, 23.09333333333329]
[12.048888888888891, 23.09333333333329]
[12.902222222222225, 23.09333333333329]
[13.471111111111114, 23.09333333333329]
[14.608888888888892, 23.09333333333329]
[15.74666666666667, 23.09333333333329]
[16.315555555555555, 23.09333333333329]
[17.168888888888883, 23.09333333333329]
[17.73777777777777, 23.09333333333329]
[18.306666666666654, 23.09333333333329]
[18.87555555555554, 23.09333333333329]
[19.444444444444425, 23.09333333333329]
[20.582222222222196, 23.09333333333329]
[21.15111111111108, 23.09333333333329]
[22.00444444444441, 23.09333333333329]
[22.573333333333295, 23.09333333333329]
[23.711111111111066, 23.09333333333329]
[24.27999999999995, 23.09333333333329]
[24.848888888888837, 23.09333333333329]
[25.417777777777722, 23.09333333333329]
[26.839999999999936, 23.09333333333329]
[28.546666666666592, 23.09333333333329]
[29.115555555555478, 23.09333333333329]
[29.684444444444363, 23.09333333333329]
[30.25333333333325, 23.09333333333329]
[30.53777777777769, 23.09333333333329]
[31.675555555555462, 23.09333333333329]
[32.81333333333324, 23.09333333333329]
[33.38222222222213, 23.09333333333329]
[34.51999999999992, 23.09333333333329]
[35.08888888888881, 23.09333333333329]
[35.37333333333326, 23.09333333333329]
[35.94222222222215, 23.09333333333329]
[36.51111111111104, 23.09333333333329]
[38.21777777777772, 23.09333333333329]
[38.78666666666661, 23.09333333333329]
[39.355555555555505, 23.09333333333329]
[39.63999999999995, 23.09333333333329]
[40.777777777777736, 23.09333333333329]
[41.34666666666663, 23.09333333333329]
[41.91555555555552, 23.09333333333329]
[42.484444444444414, 23.09333333333329]
[43.6222222222222, 23.09333333333329]
[44.19111111111109, 23.09333333333329]
[45.04444444444443, 23.09333333333329]
[45.61333333333332, 23.09333333333329]
[46.75111111111111, 23.09333333333329]
[47.32, 23.09333333333329]
[47.88888888888889, 23.09333333333329]
[48.457777777777785, 23.09333333333329]
[48.74222222222223, 23.09333333333329]
[49.88000000000002, 23.09333333333329]
[50.44888888888891, 23.09333333333329]
[51.586666666666694, 23.09333333333329]
[53.29333333333337, 23.09333333333329]
[53.57777777777782, 23.09333333333329]
[54.14666666666671, 23.09333333333329]
[54.7155555555556, 23.09333333333329]
[55.85333333333339, 23.09333333333329]
[56.42222222222228, 23.09333333333329]
[57.560000000000066, 23.09333333333329]
[57.84444444444451, 23.09333333333329]
[58.413333333333405, 23.09333333333329]
[58.9822222222223, 23.09333333333329]
[59.55111111111119, 23.09333333333329]
[-6.724444444444444, 23.662222222222177]
[-5.8711111111111105, 23.662222222222177]
[-0.46666666666666506, 23.662222222222177]
[5.506666666666669, 23.662222222222177]
[6.644444444444447, 23.662222222222177]
[35.94222222222215, 23.662222222222177]
[36.51111111111104, 23.662222222222177]
[41.34666666666663, 23.662222222222177]
[42.484444444444414, 23.662222222222177]
[48.457777777777785, 23.662222222222177]
[53.29333333333337, 23.662222222222177]
[53.57777777777782, 23.662222222222177]
[59.55111111111119, 23.662222222222177]
[-8.431111111111111, 24.231111111111062]
[-7.862222222222222, 24.231111111111062]
[-6.724444444444444, 24.231111111111062]
[-6.155555555555555, 24.231111111111062]
[-5.8711111111111105, 24.231111111111062]
[-5.3022222222222215, 24.231111111111062]
[-3.5955555555555545, 24.231111111111062]
[-2.4577777777777765, 24.231111111111062]
[-1.8888888888888875, 24.231111111111062]
[-1.035555555555554, 24.231111111111062]
[-0.46666666666666506, 24.231111111111062]
[0.10222222222222382, 24.231111111111062]
[0.6711111111111128, 24.231111111111062]
[1.2400000000000018, 24.231111111111062]
[2.3777777777777795, 24.231111111111062]
[2.9466666666666685, 24.231111111111062]
[3.800000000000002, 24.231111111111062]
[4.368888888888891, 24.231111111111062]
[5.506666666666669, 24.231111111111062]
[6.075555555555558, 24.231111111111062]
[6.644444444444447, 24.231111111111062]
[7.213333333333336, 24.231111111111062]
[7.49777777777778, 24.231111111111062]
[8.635555555555557, 24.231111111111062]
[10.342222222222224, 24.231111111111062]
[11.480000000000002, 24.231111111111062]
[12.048888888888891, 24.231111111111062]
[12.333333333333336, 24.231111111111062]
[12.902222222222225, 24.231111111111062]
[13.471111111111114, 24.231111111111062]
[14.608888888888892, 24.231111111111062]
[15.17777777777778, 24.231111111111062]
[16.315555555555555, 24.231111111111062]
[16.599999999999998, 24.231111111111062]
[17.73777777777777, 24.231111111111062]
[18.306666666666654, 24.231111111111062]
[19.444444444444425, 24.231111111111062]
[21.15111111111108, 24.231111111111062]
[21.435555555555524, 24.231111111111062]
[22.573333333333295, 24.231111111111062]
[23.711111111111066, 24.231111111111062]
[24.27999999999995, 24.231111111111062]
[25.417777777777722, 24.231111111111062]
[25.986666666666608, 24.231111111111062]
[26.839999999999936, 24.231111111111062]
[27.40888888888882, 24.231111111111062]
[28.546666666666592, 24.231111111111062]
[29.115555555555478, 24.231111111111062]
[29.684444444444363, 24.231111111111062]
[30.25333333333325, 24.231111111111062]
[30.53777777777769, 24.231111111111062]
[31.675555555555462, 24.231111111111062]
[32.24444444444435, 24.231111111111062]
[33.38222222222213, 24.231111111111062]
[34.51999999999992, 24.231111111111062]
[35.08888888888881, 24.231111111111062]
[35.37333333333326, 24.231111111111062]
[37.64888888888883, 24.231111111111062]
[38.21777777777772, 24.231111111111062]
[39.355555555555505, 24.231111111111062]
[39.63999999999995, 24.231111111111062]
[40.777777777777736, 24.231111111111062]
[41.34666666666663, 24.231111111111062]
[41.91555555555552, 24.231111111111062]
[42.484444444444414, 24.231111111111062]
[43.053333333333306, 24.231111111111062]
[44.19111111111109, 24.231111111111062]
[44.47555555555554, 24.231111111111062]
