"1": [-9, 12],
"2": [-8.431111111111111, 12],
"3": [-7.862222222222222, 12],
"4": [-7.293333333333333, 12],
"5": [-6.724444444444444, 12],
"6": [-6.155555555555555, 12],
"7": [-5.8711111111111105, 12],
"8": [-5.3022222222222215, 12],
"9": [-4.7333333333333325, 12],
"10": [-4.1644444444444435, 12],
"11": [-3.5955555555555545, 12],
"12": [-3.0266666666666655, 12],
"13": [-2.4577777777777765, 12],
"14": [-1.8888888888888875, 12],
"15": [-1.035555555555554, 12],
"16": [-0.46666666666666506, 12],
"17": [0.10222222222222382, 12],
"18": [0.6711111111111128, 12],
"19": [1.2400000000000018, 12],
"20": [1.8088888888888908, 12],
"21": [2.3777777777777795, 12],
"22": [2.9466666666666685, 12],
"23": [3.231111111111113, 12],
"24": [3.800000000000002, 12],
"25": [4.368888888888891, 12],
"26": [4.93777777777778, 12],
"27": [5.506666666666669, 12],
"28": [6.075555555555558, 12],
"29": [6.644444444444447, 12],
"30": [7.213333333333336, 12],
"31": [8.066666666666668, 12],
"32": [8.635555555555557, 12],
"33": [9.204444444444446, 12],
"34": [9.773333333333335, 12],
"35": [10.342222222222224, 12],
"36": [10.911111111111113, 12],
"37": [11.480000000000002, 12],
"38": [12.048888888888891, 12],
"39": [12.333333333333336, 12],
"40": [12.902222222222225, 12],
"41": [13.471111111111114, 12],
"42": [14.040000000000003, 12],
"43": [14.608888888888892, 12],
"44": [15.17777777777778, 12],
"45": [15.74666666666667, 12],
"46": [16.315555555555555, 12],
"47": [17.168888888888883, 12],
"48": [17.73777777777777, 12],
"49": [18.306666666666654, 12],
"50": [18.87555555555554, 12],
"51": [19.444444444444425, 12],
"52": [20.01333333333331, 12],
"53": [20.582222222222196, 12],
"54": [21.15111111111108, 12],
"55": [21.435555555555524, 12],
"56": [22.00444444444441, 12],
"57": [22.573333333333295, 12],
"58": [23.14222222222218, 12],
"59": [23.711111111111066, 12],
"60": [24.27999999999995, 12],
"61": [24.848888888888837, 12],
"62": [25.417777777777722, 12],
"63": [25.986666666666608, 12],
"64": [26.27111111111105, 12],
"65": [26.839999999999936, 12],
"66": [27.40888888888882, 12],
"67": [27.977777777777707, 12],
"68": [28.546666666666592, 12],
"69": [29.115555555555478, 12],
"70": [29.684444444444363, 12],
"71": [30.25333333333325, 12],
"72": [31.106666666666577, 12],
"73": [31.675555555555462, 12],
"74": [32.24444444444435, 12],
"75": [32.81333333333324, 12],
"76": [33.38222222222213, 12],
"77": [33.951111111111025, 12],
"78": [34.51999999999992, 12],
"79": [35.08888888888881, 12],
"80": [35.37333333333326, 12],
"81": [35.94222222222215, 12],
"82": [36.51111111111104, 12],
"83": [37.079999999999934, 12],
"84": [37.64888888888883, 12],
"85": [38.21777777777772, 12],
"86": [38.78666666666661, 12],
"87": [39.355555555555505, 12],
"88": [40.20888888888884, 12],
"89": [40.777777777777736, 12],
"90": [41.34666666666663, 12],
"91": [41.91555555555552, 12],
"92": [42.484444444444414, 12],
"93": [43.053333333333306, 12],
"94": [43.6222222222222, 12],
"95": [44.19111111111109, 12],
"96": [44.47555555555554, 12],
"97": [45.04444444444443, 12],
"98": [45.61333333333332, 12],
"99": [52.15555555555559, 12],
"100": [52.72444444444448, 12],
"101": [53.29333333333337, 12],
"102": [53.57777777777782, 12],
"103": [54.14666666666671, 12],
"104": [-9, 12.284444444444444],
"105": [-8.431111111111111, 12.284444444444444],
"106": [-7.862222222222222, 12.284444444444444],
"107": [-7.293333333333333, 12.284444444444444],
"108": [-6.724444444444444, 12.284444444444444],
"109": [-6.155555555555555, 12.284444444444444],
"110": [-5.8711111111111105, 12.284444444444444],
"111": [-5.3022222222222215, 12.284444444444444],
"112": [-4.7333333333333325, 12.284444444444444],
"113": [-4.1644444444444435, 12.284444444444444],
"114": [-3.5955555555555545, 12.284444444444444],
"115": [-3.0266666666666655, 12.284444444444444],
"116": [-2.4577777777777765, 12.284444444444444],
"117": [-1.8888888888888875, 12.284444444444444],
"118": [-1.604444444444443, 12.284444444444444],
"119": [-1.035555555555554, 12.284444444444444],
"120": [-0.46666666666666506, 12.284444444444444],
"121": [0.10222222222222382, 12.284444444444444],
"122": [0.6711111111111128, 12.284444444444444],
"123": [1.2400000000000018, 12.284444444444444],
"124": [1.8088888888888908, 12.284444444444444],
"125": [2.3777777777777795, 12.284444444444444],
"126": [2.9466666666666685, 12.284444444444444],
"127": [3.231111111111113, 12.284444444444444],
"128": [3.800000000000002, 12.284444444444444],
"129": [4.368888888888891, 12.284444444444444],
"130": [4.93777777777778, 12.284444444444444],
"131": [5.506666666666669, 12.284444444444444],
"132": [6.075555555555558, 12.284444444444444],
"133": [6.644444444444447, 12.284444444444444],
"134": [7.213333333333336, 12.284444444444444],
"135": [7.49777777777778, 12.284444444444444],
"136": [8.066666666666668, 12.284444444444444],
"137": [8.635555555555557, 12.284444444444444],
"138": [9.204444444444446, 12.284444444444444],
"139": [9.773333333333335, 12.284444444444444],
"140": [10.342222222222224, 12.284444444444444],
"141": [10.911111111111113, 12.284444444444444],
"142": [11.480000000000002, 12.284444444444444],
"143": [12.048888888888891, 12.284444444444444],
"144": [12.333333333333336, 12.284444444444444],
"145": [12.902222222222225, 12.284444444444444],
"146": [13.471111111111114, 12.284444444444444],
"147": [14.040000000000003, 12.284444444444444],
"148": [14.608888888888892, 12.284444444444444],
"149": [15.17777777777778, 12.284444444444444],
"150": [15.74666666666667, 12.284444444444444],
"151": [16.315555555555555, 12.284444444444444],
"152": [16.599999999999998, 12.284444444444444],
"153": [17.168888888888883, 12.284444444444444],
"154": [17.73777777777777, 12.284444444444444],
"155": [18.306666666666654, 12.284444444444444],
"156": [18.87555555555554, 12.284444444444444],
"157": [19.444444444444425, 12.284444444444444],
"158": [20.01333333333331, 12.284444444444444],
"159": [20.582222222222196, 12.284444444444444],
"160": [21.15111111111108, 12.284444444444444],
"161": [21.435555555555524, 12.284444444444444],
"162": [22.00444444444441, 12.284444444444444],
"163": [22.573333333333295, 12.284444444444444],
"164": [23.14222222222218, 12.284444444444444],
"165": [24.27999999999995, 12.284444444444444],
"166": [24.848888888888837, 12.284444444444444],
"167": [25.417777777777722, 12.284444444444444],
"168": [25.986666666666608, 12.284444444444444],
"169": [26.27111111111105, 12.284444444444444],
"170": [27.40888888888882, 12.284444444444444],
"171": [27.977777777777707, 12.284444444444444],
"172": [28.546666666666592, 12.284444444444444],
"173": [29.115555555555478, 12.284444444444444],
"174": [29.684444444444363, 12.284444444444444],
"175": [30.25333333333325, 12.284444444444444],
"176": [30.53777777777769, 12.284444444444444],
"177": [31.106666666666577, 12.284444444444444],
"178": [31.675555555555462, 12.284444444444444],
"179": [32.24444444444435, 12.284444444444444],
"180": [32.81333333333324, 12.284444444444444],
"181": [33.38222222222213, 12.284444444444444],
"182": [33.951111111111025, 12.284444444444444],
"183": [34.51999999999992, 12.284444444444444],
"184": [35.08888888888881, 12.284444444444444],
"185": [35.37333333333326, 12.284444444444444],
"186": [35.94222222222215, 12.284444444444444],
"187": [36.51111111111104, 12.284444444444444],
"188": [37.079999999999934, 12.284444444444444],
"189": [37.64888888888883, 12.284444444444444],
"190": [38.21777777777772, 12.284444444444444],
"191": [38.78666666666661, 12.284444444444444],
"192": [39.355555555555505, 12.284444444444444],
"193": [39.63999999999995, 12.284444444444444],
"194": [40.20888888888884, 12.284444444444444],
"195": [40.777777777777736, 12.284444444444444],
"196": [41.34666666666663, 12.284444444444444],
"197": [41.91555555555552, 12.284444444444444],
"198": [42.484444444444414, 12.284444444444444],
"199": [43.053333333333306, 12.284444444444444],
"200": [43.6222222222222, 12.284444444444444],
"201": [44.19111111111109, 12.284444444444444],
"202": [44.47555555555554, 12.284444444444444],
"203": [45.04444444444443, 12.284444444444444],
"204": [45.61333333333332, 12.284444444444444],
"205": [52.15555555555559, 12.284444444444444],
"206": [52.72444444444448, 12.284444444444444],
"207": [53.008888888888926, 12.284444444444444],
"208": [53.29333333333337, 12.284444444444444],
"209": [53.57777777777782, 12.284444444444444],
"210": [54.14666666666671, 12.284444444444444],
"211": [-9, 12.853333333333333],
"212": [-8.431111111111111, 12.853333333333333],
"213": [-7.862222222222222, 12.853333333333333],
"214": [-7.293333333333333, 12.853333333333333],
"215": [-6.724444444444444, 12.853333333333333],
"216": [-6.155555555555555, 12.853333333333333],
"217": [-5.8711111111111105, 12.853333333333333],
"218": [-5.3022222222222215, 12.853333333333333],
"219": [-4.7333333333333325, 12.853333333333333],
"220": [-4.1644444444444435, 12.853333333333333],
"221": [-3.5955555555555545, 12.853333333333333],
"222": [-3.0266666666666655, 12.853333333333333],
"223": [-2.4577777777777765, 12.853333333333333],
"224": [-1.8888888888888875, 12.853333333333333],
"225": [-1.604444444444443, 12.853333333333333],
"226": [-1.035555555555554, 12.853333333333333],
"227": [-0.46666666666666506, 12.853333333333333],
"228": [0.10222222222222382, 12.853333333333333],
"229": [0.6711111111111128, 12.853333333333333],
"230": [1.2400000000000018, 12.853333333333333],
"231": [1.8088888888888908, 12.853333333333333],
"232": [2.3777777777777795, 12.853333333333333],
"233": [2.9466666666666685, 12.853333333333333],
"234": [3.231111111111113, 12.853333333333333],
"235": [3.800000000000002, 12.853333333333333],
"236": [4.368888888888891, 12.853333333333333],
"237": [4.93777777777778, 12.853333333333333],
"238": [5.506666666666669, 12.853333333333333],
"239": [6.075555555555558, 12.853333333333333],
"240": [6.644444444444447, 12.853333333333333],
"241": [7.213333333333336, 12.853333333333333],
"242": [7.49777777777778, 12.853333333333333],
"243": [8.066666666666668, 12.853333333333333],
"244": [8.635555555555557, 12.853333333333333],
"245": [9.204444444444446, 12.853333333333333],
"246": [9.773333333333335, 12.853333333333333],
"247": [10.342222222222224, 12.853333333333333],
"248": [10.911111111111113, 12.853333333333333],
"249": [11.480000000000002, 12.853333333333333],
"250": [12.048888888888891, 12.853333333333333],
"251": [12.333333333333336, 12.853333333333333],
"252": [12.902222222222225, 12.853333333333333],
"253": [13.471111111111114, 12.853333333333333],
"254": [14.040000000000003, 12.853333333333333],
"255": [14.608888888888892, 12.853333333333333],
"256": [15.17777777777778, 12.853333333333333],
"257": [15.74666666666667, 12.853333333333333],
"258": [16.315555555555555, 12.853333333333333],
"259": [16.599999999999998, 12.853333333333333],
"260": [17.168888888888883, 12.853333333333333],
"261": [17.73777777777777, 12.853333333333333],
"262": [18.306666666666654, 12.853333333333333],
"263": [18.87555555555554, 12.853333333333333],
"264": [19.444444444444425, 12.853333333333333],
"265": [20.01333333333331, 12.853333333333333],
"266": [20.582222222222196, 12.853333333333333],
"267": [21.15111111111108, 12.853333333333333],
"268": [21.435555555555524, 12.853333333333333],
"269": [22.00444444444441, 12.853333333333333],
"270": [22.573333333333295, 12.853333333333333],
"271": [23.14222222222218, 12.853333333333333],
"272": [23.711111111111066, 12.853333333333333],
"273": [24.27999999999995, 12.853333333333333],
"274": [24.848888888888837, 12.853333333333333],
"275": [25.417777777777722, 12.853333333333333],
"276": [25.986666666666608, 12.853333333333333],
"277": [26.27111111111105, 12.853333333333333],
"278": [26.839999999999936, 12.853333333333333],
"279": [27.40888888888882, 12.853333333333333],
"280": [27.977777777777707, 12.853333333333333],
"281": [28.546666666666592, 12.853333333333333],
"282": [29.115555555555478, 12.853333333333333],
"283": [29.684444444444363, 12.853333333333333],
"284": [30.25333333333325, 12.853333333333333],
"285": [30.53777777777769, 12.853333333333333],
"286": [31.106666666666577, 12.853333333333333],
"287": [31.675555555555462, 12.853333333333333],
"288": [32.24444444444435, 12.853333333333333],
"289": [32.81333333333324, 12.853333333333333],
"290": [33.38222222222213, 12.853333333333333],
"291": [33.951111111111025, 12.853333333333333],
"292": [34.51999999999992, 12.853333333333333],
"293": [35.08888888888881, 12.853333333333333],
"294": [35.37333333333326, 12.853333333333333],
"295": [35.94222222222215, 12.853333333333333],
"296": [36.51111111111104, 12.853333333333333],
"297": [37.079999999999934, 12.853333333333333],
"298": [37.64888888888883, 12.853333333333333],
"299": [38.21777777777772, 12.853333333333333],
"300": [38.78666666666661, 12.853333333333333],
"301": [39.355555555555505, 12.853333333333333],
"302": [39.63999999999995, 12.853333333333333],
"303": [40.20888888888884, 12.853333333333333],
"304": [40.777777777777736, 12.853333333333333],
"305": [41.34666666666663, 12.853333333333333],
"306": [41.91555555555552, 12.853333333333333],
"307": [42.484444444444414, 12.853333333333333],
"308": [43.053333333333306, 12.853333333333333],
"309": [43.6222222222222, 12.853333333333333],
"310": [44.19111111111109, 12.853333333333333],
"311": [44.47555555555554, 12.853333333333333],
"312": [45.04444444444443, 12.853333333333333],
"313": [45.61333333333332, 12.853333333333333],
"314": [-9, 13.422222222222222],
"315": [-8.431111111111111, 13.422222222222222],
"316": [-7.862222222222222, 13.422222222222222],
"317": [-7.293333333333333, 13.422222222222222],
"318": [-6.724444444444444, 13.422222222222222],
"319": [-6.155555555555555, 13.422222222222222],
"320": [-5.8711111111111105, 13.422222222222222],
"321": [-5.3022222222222215, 13.422222222222222],
"322": [-4.7333333333333325, 13.422222222222222],
"323": [-4.1644444444444435, 13.422222222222222],
"324": [-3.5955555555555545, 13.422222222222222],
"325": [-3.0266666666666655, 13.422222222222222],
"326": [-2.4577777777777765, 13.422222222222222],
"327": [-1.8888888888888875, 13.422222222222222],
"328": [-1.604444444444443, 13.422222222222222],
"329": [-1.035555555555554, 13.422222222222222],
"330": [-0.46666666666666506, 13.422222222222222],
"331": [0.10222222222222382, 13.422222222222222],
"332": [0.6711111111111128, 13.422222222222222],
"333": [1.2400000000000018, 13.422222222222222],
"334": [1.8088888888888908, 13.422222222222222],
"335": [2.3777777777777795, 13.422222222222222],
"336": [2.9466666666666685, 13.422222222222222],
"337": [3.231111111111113, 13.422222222222222],
"338": [3.800000000000002, 13.422222222222222],
"339": [4.368888888888891, 13.422222222222222],
"340": [4.93777777777778, 13.422222222222222],
"341": [5.506666666666669, 13.422222222222222],
"342": [6.075555555555558, 13.422222222222222],
"343": [6.644444444444447, 13.422222222222222],
"344": [7.213333333333336, 13.422222222222222],
"345": [7.49777777777778, 13.422222222222222],
"346": [8.066666666666668, 13.422222222222222],
"347": [8.635555555555557, 13.422222222222222],
"348": [9.204444444444446, 13.422222222222222],
"349": [9.773333333333335, 13.422222222222222],
"350": [10.342222222222224, 13.422222222222222],
"351": [10.911111111111113, 13.422222222222222],
"352": [12.048888888888891, 13.422222222222222],
"353": [12.333333333333336, 13.422222222222222],
"354": [12.902222222222225, 13.422222222222222],
"355": [13.471111111111114, 13.422222222222222],
"356": [14.040000000000003, 13.422222222222222],
"357": [14.608888888888892, 13.422222222222222],
"358": [15.17777777777778, 13.422222222222222],
"359": [15.74666666666667, 13.422222222222222],
"360": [16.315555555555555, 13.422222222222222],
"361": [16.599999999999998, 13.422222222222222],
"362": [17.168888888888883, 13.422222222222222],
"363": [18.306666666666654, 13.422222222222222],
"364": [18.87555555555554, 13.422222222222222],
"365": [19.444444444444425, 13.422222222222222],
"366": [20.01333333333331, 13.422222222222222],
"367": [20.582222222222196, 13.422222222222222],
"368": [21.15111111111108, 13.422222222222222],
"369": [21.435555555555524, 13.422222222222222],
"370": [22.00444444444441, 13.422222222222222],
"371": [22.573333333333295, 13.422222222222222],
"372": [23.14222222222218, 13.422222222222222],
"373": [23.711111111111066, 13.422222222222222],
"374": [24.27999999999995, 13.422222222222222],
"375": [24.848888888888837, 13.422222222222222],
"376": [25.986666666666608, 13.422222222222222],
"377": [26.27111111111105, 13.422222222222222],
"378": [27.40888888888882, 13.422222222222222],
"379": [27.977777777777707, 13.422222222222222],
"380": [29.115555555555478, 13.422222222222222],
"381": [29.684444444444363, 13.422222222222222],
"382": [30.25333333333325, 13.422222222222222],
"383": [30.53777777777769, 13.422222222222222],
"384": [31.106666666666577, 13.422222222222222],
"385": [32.24444444444435, 13.422222222222222],
"386": [32.81333333333324, 13.422222222222222],
"387": [33.38222222222213, 13.422222222222222],
"388": [33.951111111111025, 13.422222222222222],
"389": [34.51999999999992, 13.422222222222222],
"390": [35.08888888888881, 13.422222222222222],
"391": [35.37333333333326, 13.422222222222222],
"392": [35.94222222222215, 13.422222222222222],
"393": [36.51111111111104, 13.422222222222222],
"394": [37.079999999999934, 13.422222222222222],
"395": [37.64888888888883, 13.422222222222222],
"396": [38.21777777777772, 13.422222222222222],
"397": [38.78666666666661, 13.422222222222222],
"398": [39.355555555555505, 13.422222222222222],
"399": [39.63999999999995, 13.422222222222222],
"400": [40.20888888888884, 13.422222222222222],
"401": [40.777777777777736, 13.422222222222222],
"402": [41.34666666666663, 13.422222222222222],
"403": [41.91555555555552, 13.422222222222222],
"404": [42.484444444444414, 13.422222222222222],
"405": [43.053333333333306, 13.422222222222222],
"406": [43.6222222222222, 13.422222222222222],
"407": [44.19111111111109, 13.422222222222222],
"408": [44.47555555555554, 13.422222222222222],
"409": [45.04444444444443, 13.422222222222222],
"410": [45.61333333333332, 13.422222222222222],
"411": [46.182222222222215, 13.422222222222222],
"412": [46.75111111111111, 13.422222222222222],
"413": [47.32, 13.422222222222222],
"414": [47.88888888888889, 13.422222222222222],
"415": [48.457777777777785, 13.422222222222222],
"416": [-9, 13.991111111111111],
"417": [-8.431111111111111, 13.991111111111111],
"418": [-7.862222222222222, 13.991111111111111],
"419": [-7.293333333333333, 13.991111111111111],
"420": [-6.724444444444444, 13.991111111111111],
"421": [-6.155555555555555, 13.991111111111111],
"422": [-5.8711111111111105, 13.991111111111111],
"423": [-5.3022222222222215, 13.991111111111111],
"424": [-4.7333333333333325, 13.991111111111111],
"425": [-4.1644444444444435, 13.991111111111111],
"426": [-3.5955555555555545, 13.991111111111111],
"427": [-3.0266666666666655, 13.991111111111111],
"428": [-2.4577777777777765, 13.991111111111111],
"429": [-1.8888888888888875, 13.991111111111111],
"430": [-1.604444444444443, 13.991111111111111],
"431": [-1.035555555555554, 13.991111111111111],
"432": [-0.46666666666666506, 13.991111111111111],
"433": [0.10222222222222382, 13.991111111111111],
"434": [0.6711111111111128, 13.991111111111111],
"435": [1.2400000000000018, 13.991111111111111],
"436": [1.8088888888888908, 13.991111111111111],
"437": [2.3777777777777795, 13.991111111111111],
"438": [2.9466666666666685, 13.991111111111111],
"439": [3.231111111111113, 13.991111111111111],
"440": [3.800000000000002, 13.991111111111111],
"441": [4.368888888888891, 13.991111111111111],
"442": [4.93777777777778, 13.991111111111111],
"443": [5.506666666666669, 13.991111111111111],
"444": [6.075555555555558, 13.991111111111111],
"445": [6.644444444444447, 13.991111111111111],
"446": [7.213333333333336, 13.991111111111111],
"447": [7.49777777777778, 13.991111111111111],
"448": [8.066666666666668, 13.991111111111111],
"449": [8.635555555555557, 13.991111111111111],
"450": [9.204444444444446, 13.991111111111111],
"451": [9.773333333333335, 13.991111111111111],
"452": [10.342222222222224, 13.991111111111111],
"453": [10.911111111111113, 13.991111111111111],
"454": [11.480000000000002, 13.991111111111111],
"455": [12.048888888888891, 13.991111111111111],
"456": [12.333333333333336, 13.991111111111111],
"457": [12.902222222222225, 13.991111111111111],
"458": [13.471111111111114, 13.991111111111111],
"459": [14.040000000000003, 13.991111111111111],
"460": [14.608888888888892, 13.991111111111111],
"461": [15.17777777777778, 13.991111111111111],
"462": [15.74666666666667, 13.991111111111111],
"463": [16.315555555555555, 13.991111111111111],
"464": [16.599999999999998, 13.991111111111111],
"465": [17.168888888888883, 13.991111111111111],
"466": [17.73777777777777, 13.991111111111111],
"467": [18.306666666666654, 13.991111111111111],
"468": [18.87555555555554, 13.991111111111111],
"469": [19.444444444444425, 13.991111111111111],
"470": [20.01333333333331, 13.991111111111111],
"471": [20.582222222222196, 13.991111111111111],
"472": [21.15111111111108, 13.991111111111111],
"473": [21.435555555555524, 13.991111111111111],
"474": [22.00444444444441, 13.991111111111111],
"475": [22.573333333333295, 13.991111111111111],
"476": [23.14222222222218, 13.991111111111111],
"477": [23.711111111111066, 13.991111111111111],
"478": [24.27999999999995, 13.991111111111111],
"479": [24.848888888888837, 13.991111111111111],
"480": [25.417777777777722, 13.991111111111111],
"481": [25.986666666666608, 13.991111111111111],
"482": [26.27111111111105, 13.991111111111111],
"483": [26.839999999999936, 13.991111111111111],
"484": [27.40888888888882, 13.991111111111111],
"485": [27.977777777777707, 13.991111111111111],
"486": [28.546666666666592, 13.991111111111111],
"487": [29.115555555555478, 13.991111111111111],
"488": [29.684444444444363, 13.991111111111111],
"489": [30.25333333333325, 13.991111111111111],
"490": [30.53777777777769, 13.991111111111111],
"491": [31.106666666666577, 13.991111111111111],
"492": [31.675555555555462, 13.991111111111111],
"493": [32.24444444444435, 13.991111111111111],
"494": [32.81333333333324, 13.991111111111111],
"495": [33.38222222222213, 13.991111111111111],
"496": [33.951111111111025, 13.991111111111111],
"497": [34.51999999999992, 13.991111111111111],
"498": [35.08888888888881, 13.991111111111111],
"499": [35.37333333333326, 13.991111111111111],
"500": [35.94222222222215, 13.991111111111111],
"501": [36.51111111111104, 13.991111111111111],
"502": [37.079999999999934, 13.991111111111111],
"503": [37.64888888888883, 13.991111111111111],
"504": [38.21777777777772, 13.991111111111111],
"505": [38.78666666666661, 13.991111111111111],
"506": [39.355555555555505, 13.991111111111111],
"507": [39.63999999999995, 13.991111111111111],
"508": [40.20888888888884, 13.991111111111111],
"509": [40.777777777777736, 13.991111111111111],
"510": [41.34666666666663, 13.991111111111111],
"511": [41.91555555555552, 13.991111111111111],
"512": [42.484444444444414, 13.991111111111111],
"513": [43.053333333333306, 13.991111111111111],
"514": [43.6222222222222, 13.991111111111111],
"515": [44.19111111111109, 13.991111111111111],
"516": [44.47555555555554, 13.991111111111111],
"517": [45.04444444444443, 13.991111111111111],
"518": [45.61333333333332, 13.991111111111111],
"519": [46.182222222222215, 13.991111111111111],
"520": [46.75111111111111, 13.991111111111111],
"521": [47.32, 13.991111111111111],
"522": [47.88888888888889, 13.991111111111111],
"523": [48.457777777777785, 13.991111111111111],
"524": [-9, 14.56],
"525": [-8.431111111111111, 14.56],
"526": [-7.862222222222222, 14.56],
"527": [-7.293333333333333, 14.56],
"528": [-6.724444444444444, 14.56],
"529": [-6.155555555555555, 14.56],
"530": [-5.8711111111111105, 14.56],
"531": [-5.3022222222222215, 14.56],
"532": [-4.7333333333333325, 14.56],
"533": [-4.1644444444444435, 14.56],
"534": [-3.5955555555555545, 14.56],
"535": [-3.0266666666666655, 14.56],
"536": [-2.4577777777777765, 14.56],
"537": [-1.8888888888888875, 14.56],
"538": [-1.604444444444443, 14.56],
"539": [-1.035555555555554, 14.56],
"540": [-0.46666666666666506, 14.56],
"541": [0.10222222222222382, 14.56],
"542": [0.6711111111111128, 14.56],
"543": [1.2400000000000018, 14.56],
"544": [1.8088888888888908, 14.56],
"545": [2.3777777777777795, 14.56],
"546": [2.9466666666666685, 14.56],
"547": [3.231111111111113, 14.56],
"548": [3.800000000000002, 14.56],
"549": [4.368888888888891, 14.56],
"550": [4.93777777777778, 14.56],
"551": [5.506666666666669, 14.56],
"552": [6.075555555555558, 14.56],
"553": [6.644444444444447, 14.56],
"554": [7.213333333333336, 14.56],
"555": [7.49777777777778, 14.56],
"556": [8.066666666666668, 14.56],
"557": [8.635555555555557, 14.56],
"558": [9.204444444444446, 14.56],
"559": [9.773333333333335, 14.56],
"560": [10.342222222222224, 14.56],
"561": [10.911111111111113, 14.56],
"562": [11.480000000000002, 14.56],
"563": [12.048888888888891, 14.56],
"564": [12.333333333333336, 14.56],
"565": [12.902222222222225, 14.56],
"566": [13.471111111111114, 14.56],
"567": [14.040000000000003, 14.56],
"568": [14.608888888888892, 14.56],
"569": [15.17777777777778, 14.56],
"570": [15.74666666666667, 14.56],
"571": [16.315555555555555, 14.56],
"572": [16.599999999999998, 14.56],
"573": [17.168888888888883, 14.56],
"574": [17.73777777777777, 14.56],
"575": [18.306666666666654, 14.56],
"576": [18.87555555555554, 14.56],
"577": [19.444444444444425, 14.56],
"578": [20.01333333333331, 14.56],
"579": [20.582222222222196, 14.56],
"580": [21.15111111111108, 14.56],
"581": [21.435555555555524, 14.56],
"582": [22.00444444444441, 14.56],
"583": [22.573333333333295, 14.56],
"584": [23.14222222222218, 14.56],
"585": [23.711111111111066, 14.56],
"586": [24.27999999999995, 14.56],
"587": [24.848888888888837, 14.56],
"588": [25.417777777777722, 14.56],
"589": [25.986666666666608, 14.56],
"590": [26.27111111111105, 14.56],
"591": [26.839999999999936, 14.56],
"592": [27.40888888888882, 14.56],
"593": [27.977777777777707, 14.56],
"594": [28.546666666666592, 14.56],
"595": [29.115555555555478, 14.56],
"596": [29.684444444444363, 14.56],
"597": [30.25333333333325, 14.56],
"598": [30.53777777777769, 14.56],
"599": [31.106666666666577, 14.56],
"600": [31.675555555555462, 14.56],
"601": [32.24444444444435, 14.56],
"602": [32.81333333333324, 14.56],
"603": [33.38222222222213, 14.56],
"604": [33.951111111111025, 14.56],
"605": [34.51999999999992, 14.56],
"606": [35.08888888888881, 14.56],
"607": [35.37333333333326, 14.56],
"608": [35.94222222222215, 14.56],
"609": [36.51111111111104, 14.56],
"610": [37.079999999999934, 14.56],
"611": [37.64888888888883, 14.56],
"612": [38.21777777777772, 14.56],
"613": [38.78666666666661, 14.56],
"614": [39.355555555555505, 14.56],
"615": [39.63999999999995, 14.56],
"616": [40.20888888888884, 14.56],
"617": [40.777777777777736, 14.56],
"618": [41.34666666666663, 14.56],
"619": [41.91555555555552, 14.56],
"620": [42.484444444444414, 14.56],
"621": [43.053333333333306, 14.56],
"622": [43.6222222222222, 14.56],
"623": [44.19111111111109, 14.56],
"624": [44.47555555555554, 14.56],
"625": [45.04444444444443, 14.56],
"626": [45.61333333333332, 14.56],
"627": [46.182222222222215, 14.56],
"628": [46.75111111111111, 14.56],
"629": [47.32, 14.56],
"630": [47.88888888888889, 14.56],
"631": [48.457777777777785, 14.56],
"632": [48.74222222222223, 14.56],
"633": [49.311111111111124, 14.56],
"634": [49.88000000000002, 14.56],
"635": [50.44888888888891, 14.56],
"636": [-9, 15.12888888888889],
"637": [-8.431111111111111, 15.12888888888889],
"638": [-7.862222222222222, 15.12888888888889],
"639": [-7.293333333333333, 15.12888888888889],
"640": [-6.724444444444444, 15.12888888888889],
"641": [-6.155555555555555, 15.12888888888889],
"642": [-5.8711111111111105, 15.12888888888889],
"643": [-5.3022222222222215, 15.12888888888889],
"644": [-4.7333333333333325, 15.12888888888889],
"645": [-4.1644444444444435, 15.12888888888889],
"646": [-3.5955555555555545, 15.12888888888889],
"647": [-3.0266666666666655, 15.12888888888889],
"648": [-2.4577777777777765, 15.12888888888889],
"649": [-1.604444444444443, 15.12888888888889],
"650": [-1.035555555555554, 15.12888888888889],
"651": [0.10222222222222382, 15.12888888888889],
"652": [0.6711111111111128, 15.12888888888889],
"653": [1.8088888888888908, 15.12888888888889],
"654": [2.3777777777777795, 15.12888888888889],
"655": [2.9466666666666685, 15.12888888888889],
"656": [3.231111111111113, 15.12888888888889],
"657": [3.800000000000002, 15.12888888888889],
"658": [4.93777777777778, 15.12888888888889],
"659": [5.506666666666669, 15.12888888888889],
"660": [6.075555555555558, 15.12888888888889],
"661": [6.644444444444447, 15.12888888888889],
"662": [8.066666666666668, 15.12888888888889],
"663": [8.635555555555557, 15.12888888888889],
"664": [9.204444444444446, 15.12888888888889],
"665": [9.773333333333335, 15.12888888888889],
"666": [10.911111111111113, 15.12888888888889],
"667": [11.480000000000002, 15.12888888888889],
"668": [12.333333333333336, 15.12888888888889],
"669": [12.902222222222225, 15.12888888888889],
"670": [14.040000000000003, 15.12888888888889],
"671": [14.608888888888892, 15.12888888888889],
"672": [15.74666666666667, 15.12888888888889],
"673": [16.315555555555555, 15.12888888888889],
